#
# There is insufficient memory for the Java Runtime Environment to continue.
# Native memory allocation (malloc) failed to allocate 1998256 bytes for Chunk::new
# Possible reasons:
#   The system is out of physical RAM or swap space
#   The process is running with CompressedOops enabled, and the Java Heap may be blocking the growth of the native heap
# Possible solutions:
#   Reduce memory load on the system
#   Increase physical memory or swap space
#   Check if swap backing store is full
#   Decrease Java heap size (-Xmx/-Xms)
#   Decrease number of Java threads
#   Decrease Java thread stack sizes (-Xss)
#   Set larger code cache with -XX:ReservedCodeCacheSize=
#   JVM is running with Unscaled Compressed Oops mode in which the Java heap is
#     placed in the first 4GB address space. The Java Heap base address is the
#     maximum limit for the native heap growth. Please use -XX:HeapBaseMinAddress
#     to set the Java Heap base and to place the Java Heap above 4GB virtual address.
# This output file may be truncated or incomplete.
#
#  Out of Memory Error (./src/hotspot/share/memory/arena.cpp:197), pid=17972, tid=14816
#
# JRE version: OpenJDK Runtime Environment (11.0.8+10) (build 11.0.8+10-b944.6842174)
# Java VM: OpenJDK 64-Bit Server VM (11.0.8+10-b944.6842174, mixed mode, tiered, compressed oops, g1 gc, windows-amd64)
# No core dump will be written. Minidumps are not enabled by default on client versions of Windows
#

---------------  S U M M A R Y ------------

Command Line: --add-opens=java.base/java.util=ALL-UNNAMED --add-opens=java.base/java.lang=ALL-UNNAMED --add-opens=java.base/java.lang.invoke=ALL-UNNAMED --add-opens=java.prefs/java.util.prefs=ALL-UNNAMED -Xmx2048m -Dfile.encoding=UTF-8 -Duser.country=JP -Duser.language=ja -Duser.variant org.gradle.launcher.daemon.bootstrap.GradleDaemon 6.7.1

Host: Intel(R) Core(TM) i7-9750H CPU @ 2.60GHz, 12 cores, 15G,  Windows 10 , 64 bit Build 19041 (10.0.19041.1023)
Time: Wed Jul 28 15:33:57 2021 “Œ‹ž (•W€Žž) elapsed time: 7 seconds (0d 0h 0m 7s)

---------------  T H R E A D  ---------------

Current thread (0x000002162d940800):  JavaThread "C2 CompilerThread2" daemon [_thread_in_native, id=14816, stack(0x0000005378400000,0x0000005378500000)]


Current CompileTask:
C2:   7362 5877   !   4       com.google.common.reflect.TypeVisitor::visit (225 bytes)

Stack: [0x0000005378400000,0x0000005378500000]
Native frames: (J=compiled Java code, j=interpreted, Vv=VM code, C=native code)
V  [jvm.dll+0x5de50a]
V  [jvm.dll+0x7122f5]
V  [jvm.dll+0x71384d]
V  [jvm.dll+0x713f03]
V  [jvm.dll+0x23e728]
V  [jvm.dll+0xb899c]
V  [jvm.dll+0xb8e9c]
V  [jvm.dll+0x35020b]
V  [jvm.dll+0x31dea3]
V  [jvm.dll+0x31d39a]
V  [jvm.dll+0x1f7702]
V  [jvm.dll+0x1f68d4]
V  [jvm.dll+0x17f32c]
V  [jvm.dll+0x205047]
V  [jvm.dll+0x203891]
V  [jvm.dll+0x6dad3f]
V  [jvm.dll+0x6d3895]
V  [jvm.dll+0x5dd4a6]
C  [ucrtbase.dll+0x21bb2]
C  [KERNEL32.DLL+0x17034]
C  [ntdll.dll+0x52651]


---------------  P R O C E S S  ---------------

Threads class SMR info:
_java_thread_list=0x0000021633d42620, length=142, elements={
0x000002160def9800, 0x00000216296a5800, 0x00000216296a7000, 0x00000216296d0000,
0x0000021629713800, 0x0000021629716800, 0x0000021629721800, 0x000002162972b800,
0x000002162988f000, 0x0000021629892800, 0x000002162af1b800, 0x000002162cf55000,
0x000002162b696800, 0x000002162b2ee800, 0x000002162acf2000, 0x000002162a538800,
0x000002162b0db800, 0x000002162b1d3000, 0x000002162b63b000, 0x000002162afa5800,
0x000002162a903000, 0x000002162cf3d800, 0x000002162cf41800, 0x000002162cf40000,
0x000002162cf41000, 0x000002162d940800, 0x000002162cf3c000, 0x000002162cf3d000,
0x000002162cf3e800, 0x000002162cf3f000, 0x000002162cf42800, 0x000002162d63b000,
0x000002162d63c800, 0x000002162d63f000, 0x000002162d63d800, 0x000002162d63b800,
0x000002162d63e000, 0x000002162d639800, 0x000002162d640000, 0x000002162d63a000,
0x000002162d641800, 0x000002162d644800, 0x000002162d644000, 0x000002162d643000,
0x000002162d645800, 0x000002162d646800, 0x000002162d640800, 0x000002162d647000,
0x000002162d648000, 0x000002162d642800, 0x000002162f9e2000, 0x000002162f9e0000,
0x000002162f9e3800, 0x000002162f9e5000, 0x000002162f9e1000, 0x000002162f9e7000,
0x000002162f9e6000, 0x000002162f9e9000, 0x000002162f9e8800, 0x000002162f9eb800,
0x000002162f9ea000, 0x000002162f9e7800, 0x000002162f9ed800, 0x000002162f9eb000,
0x000002162f9ec800, 0x000002162f9ee000, 0x000002162f9ef000, 0x000002162b53d800,
0x000002162b53e000, 0x000002162b539000, 0x000002162b538800, 0x000002162b53f000,
0x000002162b53f800, 0x000002162b53a000, 0x000002162b540800, 0x000002162b53b000,
0x000002162b541800, 0x000002162b53b800, 0x000002162b53c800, 0x000002162b543000,
0x000002162b542000, 0x000002162b544000, 0x000002162b546000, 0x000002162b544800,
0x000002162b545800, 0x000002162b547000, 0x000002162cc9d800, 0x000002162cc9b000,
0x000002162cc98800, 0x000002162cc9c000, 0x000002162cc9d000, 0x000002162cc9f800,
0x000002162cc9e800, 0x000002162cc99800, 0x000002162cca0000, 0x000002162cc9a800,
0x000002162cca3800, 0x000002162cca2800, 0x000002162cca5000, 0x000002162cca6000,
0x000002162cca1800, 0x000002162cca4000, 0x000002162cca6800, 0x000002162cca1000,
0x000002162cca7800, 0x000002162fa67000, 0x000002162fa6b000, 0x000002162fa6d800,
0x000002162fa69800, 0x000002162fa68000, 0x000002162fa6e800, 0x000002162fa69000,
0x000002162fa6c000, 0x000002162fa6f800, 0x000002162fa6d000, 0x000002162fa70000,
0x000002162fa6a800, 0x000002162fa76000, 0x000002162fa75000, 0x000002162fa71000,
0x000002162fa72000, 0x000002162fa72800, 0x000002162fa73800, 0x000002162fa74000,
0x000002162f030000, 0x000002162f030800, 0x000002162f02e000, 0x000002162f02f000,
0x000002162f031800, 0x000002162f033000, 0x000002162f032000, 0x000002162f02d800,
0x000002162f034800, 0x000002162f039000, 0x000002162f035800, 0x000002162f036800,
0x000002162f037000, 0x000002162f038000, 0x000002162f039800, 0x000002162f034000,
0x000002162f03a800, 0x000002162f03b000
}

Java Threads: ( => current thread )
  0x000002160def9800 JavaThread "main" [_thread_blocked, id=34236, stack(0x0000005375700000,0x0000005375800000)]
  0x00000216296a5800 JavaThread "Reference Handler" daemon [_thread_blocked, id=7448, stack(0x0000005375e00000,0x0000005375f00000)]
  0x00000216296a7000 JavaThread "Finalizer" daemon [_thread_blocked, id=33476, stack(0x0000005375f00000,0x0000005376000000)]
  0x00000216296d0000 JavaThread "Signal Dispatcher" daemon [_thread_blocked, id=5664, stack(0x0000005376000000,0x0000005376100000)]
  0x0000021629713800 JavaThread "Attach Listener" daemon [_thread_blocked, id=29144, stack(0x0000005376100000,0x0000005376200000)]
  0x0000021629716800 JavaThread "C2 CompilerThread0" daemon [_thread_in_native, id=36260, stack(0x0000005376200000,0x0000005376300000)]
  0x0000021629721800 JavaThread "C1 CompilerThread0" daemon [_thread_blocked, id=12924, stack(0x0000005376300000,0x0000005376400000)]
  0x000002162972b800 JavaThread "Sweeper thread" daemon [_thread_blocked, id=11356, stack(0x0000005376400000,0x0000005376500000)]
  0x000002162988f000 JavaThread "Common-Cleaner" daemon [_thread_blocked, id=22404, stack(0x0000005376500000,0x0000005376600000)]
  0x0000021629892800 JavaThread "Service Thread" daemon [_thread_blocked, id=23584, stack(0x0000005376600000,0x0000005376700000)]
  0x000002162af1b800 JavaThread "Daemon health stats" [_thread_blocked, id=4536, stack(0x0000005376f00000,0x0000005377000000)]
  0x000002162cf55000 JavaThread "Incoming local TCP Connector on port 52250" [_thread_in_native, id=34756, stack(0x0000005377000000,0x0000005377100000)]
  0x000002162b696800 JavaThread "Daemon periodic checks" [_thread_blocked, id=28964, stack(0x0000005377100000,0x0000005377200000)]
  0x000002162b2ee800 JavaThread "Daemon" [_thread_blocked, id=14580, stack(0x0000005377200000,0x0000005377300000)]
  0x000002162acf2000 JavaThread "Handler for socket connection from /127.0.0.1:52250 to /127.0.0.1:52251" [_thread_in_native, id=6400, stack(0x0000005377300000,0x0000005377400000)]
  0x000002162a538800 JavaThread "C2 CompilerThread1" daemon [_thread_in_native, id=38700, stack(0x0000005377400000,0x0000005377500000)]
  0x000002162b0db800 JavaThread "Cancel handler" [_thread_blocked, id=30640, stack(0x0000005377500000,0x0000005377600000)]
  0x000002162b1d3000 JavaThread "Daemon worker" [_thread_in_vm, id=20736, stack(0x0000005377600000,0x0000005377700000)]
  0x000002162b63b000 JavaThread "Asynchronous log dispatcher for DefaultDaemonConnection: socket connection from /127.0.0.1:52250 to /127.0.0.1:52251" [_thread_blocked, id=37304, stack(0x0000005377700000,0x0000005377800000)]
  0x000002162afa5800 JavaThread "Stdin handler" [_thread_blocked, id=10688, stack(0x0000005377800000,0x0000005377900000)]
  0x000002162a903000 JavaThread "Thread-8" [_thread_blocked, id=20636, stack(0x0000005377900000,0x0000005377a00000)]
  0x000002162cf3d800 JavaThread "Cache worker for file hash cache (C:\Users\MMlCd\.gradle\caches\6.7.1\fileHashes)" [_thread_blocked, id=24352, stack(0x0000005377a00000,0x0000005377b00000)]
  0x000002162cf41800 JavaThread "File lock request listener" [_thread_in_native, id=15168, stack(0x0000005377b00000,0x0000005377c00000)]
  0x000002162cf40000 JavaThread "Cache worker for journal cache (C:\Users\MMlCd\.gradle\caches\journal-1)" [_thread_blocked, id=16264, stack(0x0000005378200000,0x0000005378300000)]
  0x000002162cf41000 JavaThread "Cache worker for file hash cache (C:\Users\MMlCd\MyApplication10\.gradle\6.7.1\fileHashes)" [_thread_blocked, id=32580, stack(0x0000005378300000,0x0000005378400000)]
=>0x000002162d940800 JavaThread "C2 CompilerThread2" daemon [_thread_in_native, id=14816, stack(0x0000005378400000,0x0000005378500000)]
  0x000002162cf3c000 JavaThread "jar transforms" [_thread_blocked, id=968, stack(0x0000005378500000,0x0000005378600000)]
  0x000002162cf3d000 JavaThread "jar transforms Thread 2" [_thread_blocked, id=31728, stack(0x0000005378600000,0x0000005378700000)]
  0x000002162cf3e800 JavaThread "jar transforms Thread 3" [_thread_blocked, id=36220, stack(0x0000005378700000,0x0000005378800000)]
  0x000002162cf3f000 JavaThread "jar transforms Thread 4" [_thread_blocked, id=35232, stack(0x0000005378800000,0x0000005378900000)]
  0x000002162cf42800 JavaThread "jar transforms Thread 5" [_thread_blocked, id=7988, stack(0x0000005378900000,0x0000005378a00000)]
  0x000002162d63b000 JavaThread "jar transforms Thread 6" [_thread_blocked, id=38192, stack(0x0000005378a00000,0x0000005378b00000)]
  0x000002162d63c800 JavaThread "jar transforms Thread 7" [_thread_blocked, id=13068, stack(0x0000005378b00000,0x0000005378c00000)]
  0x000002162d63f000 JavaThread "jar transforms Thread 8" [_thread_blocked, id=29748, stack(0x0000005378c00000,0x0000005378d00000)]
  0x000002162d63d800 JavaThread "jar transforms Thread 9" [_thread_blocked, id=13504, stack(0x0000005378d00000,0x0000005378e00000)]
  0x000002162d63b800 JavaThread "jar transforms Thread 10" [_thread_blocked, id=21788, stack(0x0000005378e00000,0x0000005378f00000)]
  0x000002162d63e000 JavaThread "jar transforms Thread 11" [_thread_blocked, id=7304, stack(0x0000005378f00000,0x0000005379000000)]
  0x000002162d639800 JavaThread "jar transforms Thread 12" [_thread_blocked, id=32092, stack(0x0000005379000000,0x0000005379100000)]
  0x000002162d640000 JavaThread "jar transforms Thread 13" [_thread_blocked, id=33884, stack(0x0000005379100000,0x0000005379200000)]
  0x000002162d63a000 JavaThread "jar transforms Thread 14" [_thread_blocked, id=20300, stack(0x0000005379200000,0x0000005379300000)]
  0x000002162d641800 JavaThread "jar transforms Thread 15" [_thread_blocked, id=18340, stack(0x0000005379300000,0x0000005379400000)]
  0x000002162d644800 JavaThread "jar transforms Thread 16" [_thread_blocked, id=31552, stack(0x0000005379400000,0x0000005379500000)]
  0x000002162d644000 JavaThread "jar transforms Thread 17" [_thread_blocked, id=35680, stack(0x0000005379500000,0x0000005379600000)]
  0x000002162d643000 JavaThread "jar transforms Thread 18" [_thread_blocked, id=24608, stack(0x0000005379600000,0x0000005379700000)]
  0x000002162d645800 JavaThread "jar transforms Thread 19" [_thread_blocked, id=34432, stack(0x0000005379700000,0x0000005379800000)]
  0x000002162d646800 JavaThread "jar transforms Thread 20" [_thread_blocked, id=36512, stack(0x0000005379800000,0x0000005379900000)]
  0x000002162d640800 JavaThread "jar transforms Thread 21" [_thread_blocked, id=27396, stack(0x0000005379900000,0x0000005379a00000)]
  0x000002162d647000 JavaThread "Cache worker for checksums cache (C:\Users\MMlCd\MyApplication10\.gradle\checksums)" [_thread_blocked, id=38620, stack(0x0000005379a00000,0x0000005379b00000)]
  0x000002162d648000 JavaThread "Cache worker for cache directory md-supplier (C:\Users\MMlCd\.gradle\caches\6.7.1\md-supplier)" [_thread_blocked, id=34892, stack(0x0000005379b00000,0x0000005379c00000)]
  0x000002162d642800 JavaThread "Cache worker for cache directory md-rule (C:\Users\MMlCd\.gradle\caches\6.7.1\md-rule)" [_thread_blocked, id=19616, stack(0x0000005379c00000,0x0000005379d00000)]
  0x000002162f9e2000 JavaThread "Cache worker for execution history cache (C:\Users\MMlCd\.gradle\caches\6.7.1\executionHistory)" [_thread_blocked, id=34024, stack(0x0000005379d00000,0x0000005379e00000)]
  0x000002162f9e0000 JavaThread "Cache worker for file content cache (C:\Users\MMlCd\.gradle\caches\6.7.1\fileContent)" [_thread_blocked, id=28980, stack(0x0000005379e00000,0x0000005379f00000)]
  0x000002162f9e3800 JavaThread "Cache worker for Build Output Cleanup Cache (C:\Users\MMlCd\MyApplication10\.gradle\buildOutputCleanup)" [_thread_blocked, id=12360, stack(0x0000005379f00000,0x000000537a000000)]
  0x000002162f9e5000 JavaThread "Build operations" [_thread_blocked, id=28360, stack(0x000000537a000000,0x000000537a100000)]
  0x000002162f9e1000 JavaThread "Build operations Thread 2" [_thread_blocked, id=26584, stack(0x000000537a100000,0x000000537a200000)]
  0x000002162f9e7000 JavaThread "Build operations Thread 3" [_thread_blocked, id=31216, stack(0x000000537a200000,0x000000537a300000)]
  0x000002162f9e6000 JavaThread "Build operations Thread 4" [_thread_blocked, id=4540, stack(0x000000537a300000,0x000000537a400000)]
  0x000002162f9e9000 JavaThread "Build operations Thread 5" [_thread_blocked, id=37548, stack(0x000000537a400000,0x000000537a500000)]
  0x000002162f9e8800 JavaThread "Build operations Thread 6" [_thread_blocked, id=33516, stack(0x000000537a500000,0x000000537a600000)]
  0x000002162f9eb800 JavaThread "Build operations Thread 7" [_thread_blocked, id=29436, stack(0x000000537a600000,0x000000537a700000)]
  0x000002162f9ea000 JavaThread "Build operations Thread 8" [_thread_blocked, id=35980, stack(0x000000537a700000,0x000000537a800000)]
  0x000002162f9e7800 JavaThread "Build operations Thread 9" [_thread_blocked, id=14980, stack(0x000000537a800000,0x000000537a900000)]
  0x000002162f9ed800 JavaThread "Build operations Thread 10" [_thread_blocked, id=35460, stack(0x000000537a900000,0x000000537aa00000)]
  0x000002162f9eb000 JavaThread "Build operations Thread 11" [_thread_blocked, id=12136, stack(0x000000537aa00000,0x000000537ab00000)]
  0x000002162f9ec800 JavaThread "Build operations Thread 12" [_thread_blocked, id=12956, stack(0x000000537ab00000,0x000000537ac00000)]
  0x000002162f9ee000 JavaThread "jar transforms Thread 22" [_thread_blocked, id=29184, stack(0x000000537ac00000,0x000000537ad00000)]
  0x000002162f9ef000 JavaThread "jar transforms Thread 23" [_thread_blocked, id=23364, stack(0x000000537ad00000,0x000000537ae00000)]
  0x000002162b53d800 JavaThread "jar transforms Thread 24" [_thread_blocked, id=6500, stack(0x000000537ae00000,0x000000537af00000)]
  0x000002162b53e000 JavaThread "jar transforms Thread 25" [_thread_blocked, id=8028, stack(0x000000537af00000,0x000000537b000000)]
  0x000002162b539000 JavaThread "jar transforms Thread 26" [_thread_blocked, id=38288, stack(0x000000537b000000,0x000000537b100000)]
  0x000002162b538800 JavaThread "jar transforms Thread 27" [_thread_blocked, id=13076, stack(0x000000537b100000,0x000000537b200000)]
  0x000002162b53f000 JavaThread "jar transforms Thread 28" [_thread_blocked, id=38332, stack(0x000000537b200000,0x000000537b300000)]
  0x000002162b53f800 JavaThread "jar transforms Thread 29" [_thread_blocked, id=37204, stack(0x000000537b300000,0x000000537b400000)]
  0x000002162b53a000 JavaThread "jar transforms Thread 30" [_thread_blocked, id=8048, stack(0x000000537b400000,0x000000537b500000)]
  0x000002162b540800 JavaThread "jar transforms Thread 31" [_thread_blocked, id=26960, stack(0x000000537b500000,0x000000537b600000)]
  0x000002162b53b000 JavaThread "jar transforms Thread 32" [_thread_blocked, id=34148, stack(0x000000537b600000,0x000000537b700000)]
  0x000002162b541800 JavaThread "jar transforms Thread 33" [_thread_blocked, id=35908, stack(0x000000537b700000,0x000000537b800000)]
  0x000002162b53b800 JavaThread "jar transforms Thread 34" [_thread_blocked, id=30820, stack(0x000000537b800000,0x000000537b900000)]
  0x000002162b53c800 JavaThread "jar transforms Thread 35" [_thread_blocked, id=35368, stack(0x000000537b900000,0x000000537ba00000)]
  0x000002162b543000 JavaThread "jar transforms Thread 36" [_thread_blocked, id=36868, stack(0x000000537ba00000,0x000000537bb00000)]
  0x000002162b542000 JavaThread "jar transforms Thread 37" [_thread_blocked, id=12272, stack(0x000000537bb00000,0x000000537bc00000)]
  0x000002162b544000 JavaThread "jar transforms Thread 38" [_thread_blocked, id=36540, stack(0x000000537bc00000,0x000000537bd00000)]
  0x000002162b546000 JavaThread "jar transforms Thread 39" [_thread_blocked, id=26560, stack(0x000000537bd00000,0x000000537be00000)]
  0x000002162b544800 JavaThread "jar transforms Thread 40" [_thread_blocked, id=21848, stack(0x000000537be00000,0x000000537bf00000)]
  0x000002162b545800 JavaThread "jar transforms Thread 41" [_thread_blocked, id=30972, stack(0x000000537bf00000,0x000000537c000000)]
  0x000002162b547000 JavaThread "jar transforms Thread 42" [_thread_blocked, id=18652, stack(0x000000537c000000,0x000000537c100000)]
  0x000002162cc9d800 JavaThread "jar transforms Thread 43" [_thread_blocked, id=33820, stack(0x000000537c100000,0x000000537c200000)]
  0x000002162cc9b000 JavaThread "jar transforms Thread 44" [_thread_blocked, id=31596, stack(0x000000537c200000,0x000000537c300000)]
  0x000002162cc98800 JavaThread "jar transforms Thread 45" [_thread_blocked, id=20644, stack(0x000000537c300000,0x000000537c400000)]
  0x000002162cc9c000 JavaThread "jar transforms Thread 46" [_thread_blocked, id=29296, stack(0x000000537c400000,0x000000537c500000)]
  0x000002162cc9d000 JavaThread "jar transforms Thread 47" [_thread_blocked, id=8332, stack(0x000000537c500000,0x000000537c600000)]
  0x000002162cc9f800 JavaThread "jar transforms Thread 48" [_thread_blocked, id=5900, stack(0x000000537c600000,0x000000537c700000)]
  0x000002162cc9e800 JavaThread "jar transforms Thread 49" [_thread_blocked, id=27760, stack(0x000000537c700000,0x000000537c800000)]
  0x000002162cc99800 JavaThread "jar transforms Thread 50" [_thread_blocked, id=32544, stack(0x000000537c800000,0x000000537c900000)]
  0x000002162cca0000 JavaThread "jar transforms Thread 51" [_thread_blocked, id=24804, stack(0x000000537c900000,0x000000537ca00000)]
  0x000002162cc9a800 JavaThread "jar transforms Thread 52" [_thread_blocked, id=10456, stack(0x000000537ca00000,0x000000537cb00000)]
  0x000002162cca3800 JavaThread "jar transforms Thread 53" [_thread_blocked, id=31308, stack(0x000000537cb00000,0x000000537cc00000)]
  0x000002162cca2800 JavaThread "jar transforms Thread 54" [_thread_blocked, id=32144, stack(0x000000537cc00000,0x000000537cd00000)]
  0x000002162cca5000 JavaThread "jar transforms Thread 55" [_thread_blocked, id=35316, stack(0x000000537cd00000,0x000000537ce00000)]
  0x000002162cca6000 JavaThread "jar transforms Thread 56" [_thread_blocked, id=37316, stack(0x000000537ce00000,0x000000537cf00000)]
  0x000002162cca1800 JavaThread "jar transforms Thread 57" [_thread_blocked, id=17260, stack(0x000000537cf00000,0x000000537d000000)]
  0x000002162cca4000 JavaThread "jar transforms Thread 58" [_thread_blocked, id=29612, stack(0x000000537d000000,0x000000537d100000)]
  0x000002162cca6800 JavaThread "jar transforms Thread 59" [_thread_blocked, id=20276, stack(0x000000537d100000,0x000000537d200000)]
  0x000002162cca1000 JavaThread "jar transforms Thread 60" [_thread_blocked, id=37264, stack(0x000000537d200000,0x000000537d300000)]
  0x000002162cca7800 JavaThread "jar transforms Thread 61" [_thread_blocked, id=6336, stack(0x000000537d300000,0x000000537d400000)]
  0x000002162fa67000 JavaThread "jar transforms Thread 62" [_thread_blocked, id=25424, stack(0x000000537d400000,0x000000537d500000)]
  0x000002162fa6b000 JavaThread "jar transforms Thread 63" [_thread_blocked, id=27800, stack(0x000000537d500000,0x000000537d600000)]
  0x000002162fa6d800 JavaThread "jar transforms Thread 64" [_thread_blocked, id=36200, stack(0x000000537d600000,0x000000537d700000)]
  0x000002162fa69800 JavaThread "jar transforms Thread 65" [_thread_blocked, id=38484, stack(0x000000537d700000,0x000000537d800000)]
  0x000002162fa68000 JavaThread "jar transforms Thread 66" [_thread_blocked, id=22420, stack(0x000000537d800000,0x000000537d900000)]
  0x000002162fa6e800 JavaThread "jar transforms Thread 67" [_thread_blocked, id=18604, stack(0x000000537d900000,0x000000537da00000)]
  0x000002162fa69000 JavaThread "jar transforms Thread 68" [_thread_blocked, id=22720, stack(0x000000537da00000,0x000000537db00000)]
  0x000002162fa6c000 JavaThread "jar transforms Thread 69" [_thread_blocked, id=6236, stack(0x000000537db00000,0x000000537dc00000)]
  0x000002162fa6f800 JavaThread "jar transforms Thread 70" [_thread_blocked, id=4068, stack(0x000000537dc00000,0x000000537dd00000)]
  0x000002162fa6d000 JavaThread "jar transforms Thread 71" [_thread_blocked, id=27240, stack(0x000000537dd00000,0x000000537de00000)]
  0x000002162fa70000 JavaThread "jar transforms Thread 72" [_thread_blocked, id=37296, stack(0x000000537de00000,0x000000537df00000)]
  0x000002162fa6a800 JavaThread "jar transforms Thread 73" [_thread_blocked, id=24684, stack(0x000000537df00000,0x000000537e000000)]
  0x000002162fa76000 JavaThread "jar transforms Thread 74" [_thread_blocked, id=11952, stack(0x000000537e000000,0x000000537e100000)]
  0x000002162fa75000 JavaThread "jar transforms Thread 75" [_thread_blocked, id=38824, stack(0x000000537e100000,0x000000537e200000)]
  0x000002162fa71000 JavaThread "jar transforms Thread 76" [_thread_blocked, id=37032, stack(0x000000537e200000,0x000000537e300000)]
  0x000002162fa72000 JavaThread "jar transforms Thread 77" [_thread_blocked, id=3480, stack(0x000000537e300000,0x000000537e400000)]
  0x000002162fa72800 JavaThread "jar transforms Thread 78" [_thread_blocked, id=17120, stack(0x000000537e400000,0x000000537e500000)]
  0x000002162fa73800 JavaThread "jar transforms Thread 79" [_thread_blocked, id=20608, stack(0x000000537e500000,0x000000537e600000)]
  0x000002162fa74000 JavaThread "jar transforms Thread 80" [_thread_blocked, id=14388, stack(0x000000537e600000,0x000000537e700000)]
  0x000002162f030000 JavaThread "jar transforms Thread 81" [_thread_blocked, id=10400, stack(0x000000537e700000,0x000000537e800000)]
  0x000002162f030800 JavaThread "jar transforms Thread 82" [_thread_blocked, id=14164, stack(0x000000537e800000,0x000000537e900000)]
  0x000002162f02e000 JavaThread "jar transforms Thread 83" [_thread_blocked, id=38292, stack(0x000000537e900000,0x000000537ea00000)]
  0x000002162f02f000 JavaThread "jar transforms Thread 84" [_thread_blocked, id=27932, stack(0x000000537ea00000,0x000000537eb00000)]
  0x000002162f031800 JavaThread "jar transforms Thread 85" [_thread_blocked, id=13236, stack(0x000000537eb00000,0x000000537ec00000)]
  0x000002162f033000 JavaThread "jar transforms Thread 86" [_thread_blocked, id=36532, stack(0x000000537ec00000,0x000000537ed00000)]
  0x000002162f032000 JavaThread "jar transforms Thread 87" [_thread_blocked, id=31164, stack(0x000000537ed00000,0x000000537ee00000)]
  0x000002162f02d800 JavaThread "jar transforms Thread 88" [_thread_blocked, id=25616, stack(0x000000537ee00000,0x000000537ef00000)]
  0x000002162f034800 JavaThread "jar transforms Thread 89" [_thread_blocked, id=33356, stack(0x000000537ef00000,0x000000537f000000)]
  0x000002162f039000 JavaThread "jar transforms Thread 90" [_thread_blocked, id=32248, stack(0x000000537f000000,0x000000537f100000)]
  0x000002162f035800 JavaThread "jar transforms Thread 91" [_thread_blocked, id=11812, stack(0x000000537f100000,0x000000537f200000)]
  0x000002162f036800 JavaThread "jar transforms Thread 92" [_thread_blocked, id=28960, stack(0x000000537f200000,0x000000537f300000)]
  0x000002162f037000 JavaThread "jar transforms Thread 93" [_thread_blocked, id=22892, stack(0x000000537f300000,0x000000537f400000)]
  0x000002162f038000 JavaThread "jar transforms Thread 94" [_thread_blocked, id=18868, stack(0x000000537f400000,0x000000537f500000)]
  0x000002162f039800 JavaThread "jar transforms Thread 95" [_thread_blocked, id=34068, stack(0x000000537f500000,0x000000537f600000)]
  0x000002162f034000 JavaThread "jar transforms Thread 96" [_thread_blocked, id=29180, stack(0x000000537f600000,0x000000537f700000)]
  0x000002162f03a800 JavaThread "jar transforms Thread 97" [_thread_blocked, id=22132, stack(0x000000537f700000,0x000000537f800000)]
  0x000002162f03b000 JavaThread "Memory manager" [_thread_blocked, id=14888, stack(0x000000537f800000,0x000000537f900000)]

Other Threads:
  0x00000216296a2000 VMThread "VM Thread" [stack: 0x0000005375d00000,0x0000005375e00000] [id=31832]
  0x0000021629894000 WatcherThread [stack: 0x0000005376700000,0x0000005376800000] [id=29932]
  0x000002160df10800 GCTaskThread "GC Thread#0" [stack: 0x0000005375800000,0x0000005375900000] [id=7480]
  0x000002162a8f6800 GCTaskThread "GC Thread#1" [stack: 0x0000005376a00000,0x0000005376b00000] [id=35752]
  0x000002162a688800 GCTaskThread "GC Thread#2" [stack: 0x0000005376b00000,0x0000005376c00000] [id=16780]
  0x000002162a77a000 GCTaskThread "GC Thread#3" [stack: 0x0000005376c00000,0x0000005376d00000] [id=16184]
  0x000002162a77a800 GCTaskThread "GC Thread#4" [stack: 0x0000005376d00000,0x0000005376e00000] [id=33832]
  0x000002162a442000 GCTaskThread "GC Thread#5" [stack: 0x0000005376e00000,0x0000005376f00000] [id=33132]
  0x000002162aef9000 GCTaskThread "GC Thread#6" [stack: 0x0000005377c00000,0x0000005377d00000] [id=34900]
  0x000002162d45b800 GCTaskThread "GC Thread#7" [stack: 0x0000005377d00000,0x0000005377e00000] [id=25744]
  0x000002162becd000 GCTaskThread "GC Thread#8" [stack: 0x0000005377e00000,0x0000005377f00000] [id=1376]
  0x000002162aec4000 GCTaskThread "GC Thread#9" [stack: 0x0000005377f00000,0x0000005378000000] [id=14588]
  0x000002160df42800 ConcurrentGCThread "G1 Main Marker" [stack: 0x0000005375900000,0x0000005375a00000] [id=8080]
  0x000002160df45800 ConcurrentGCThread "G1 Conc#0" [stack: 0x0000005375a00000,0x0000005375b00000] [id=34744]
  0x000002162a7c8800 ConcurrentGCThread "G1 Conc#1" [stack: 0x0000005378000000,0x0000005378100000] [id=27000]
  0x000002162bf6d000 ConcurrentGCThread "G1 Conc#2" [stack: 0x0000005378100000,0x0000005378200000] [id=15124]
  0x000002160dfde000 ConcurrentGCThread "G1 Refine#0" [stack: 0x0000005375b00000,0x0000005375c00000] [id=15692]
  0x0000021628cf0800 ConcurrentGCThread "G1 Young RemSet Sampling" [stack: 0x0000005375c00000,0x0000005375d00000] [id=36820]

Threads with active compile tasks:
C2 CompilerThread0   7401 5766 %     4       org.gradle.internal.instantiation.generator.AbstractClassGenerator::inspectType @ 207 (560 bytes)
C1 CompilerThread0   7401 5983       3       java.beans.Introspector::processPropertyDescriptors (959 bytes)
C2 CompilerThread1   7401 5933       4       org.objectweb.asm.Type::appendDescriptor (90 bytes)
C2 CompilerThread2   7401 5877   !   4       com.google.common.reflect.TypeVisitor::visit (225 bytes)

VM state:not at safepoint (normal execution)

VM Mutex/Monitor currently owned by a thread:  ([mutex/lock_event])
[0x000002160def4890] CodeCache_lock - owner thread: 0x0000000000000000

Heap address: 0x0000000080000000, size: 2048 MB, Compressed Oops mode: 32-bit
Narrow klass base: 0x0000000000000000, Narrow klass shift: 3
Compressed class space size: 1073741824 Address: 0x0000000100000000

Heap:
 garbage-first heap   total 260096K, used 160821K [0x0000000080000000, 0x0000000100000000)
  region size 1024K, 109 young (111616K), 13 survivors (13312K)
 Metaspace       used 66475K, capacity 68325K, committed 68560K, reserved 1107968K
  class space    used 8686K, capacity 9274K, committed 9344K, reserved 1048576K
Heap Regions: E=young(eden), S=young(survivor), O=old, HS=humongous(starts), HC=humongous(continues), CS=collection set, F=free, A=archive, TAMS=top-at-mark-start (previous, next)
|   0|0x0000000080000000, 0x0000000080100000, 0x0000000080100000|100%| O|  |TAMS 0x0000000080100000, 0x0000000080000000| Untracked 
|   1|0x0000000080100000, 0x0000000080200000, 0x0000000080200000|100%| O|  |TAMS 0x0000000080200000, 0x0000000080100000| Untracked 
|   2|0x0000000080200000, 0x0000000080300000, 0x0000000080300000|100%| O|  |TAMS 0x0000000080300000, 0x0000000080200000| Untracked 
|   3|0x0000000080300000, 0x0000000080400000, 0x0000000080400000|100%|HS|  |TAMS 0x0000000080400000, 0x0000000080300000| Complete 
|   4|0x0000000080400000, 0x0000000080500000, 0x0000000080500000|100%|HC|  |TAMS 0x0000000080500000, 0x0000000080400000| Complete 
|   5|0x0000000080500000, 0x0000000080600000, 0x0000000080600000|100%|HC|  |TAMS 0x0000000080600000, 0x0000000080500000| Complete 
|   6|0x0000000080600000, 0x0000000080700000, 0x0000000080700000|100%| O|  |TAMS 0x0000000080700000, 0x0000000080600000| Untracked 
|   7|0x0000000080700000, 0x0000000080800000, 0x0000000080800000|100%| O|  |TAMS 0x0000000080800000, 0x0000000080700000| Untracked 
|   8|0x0000000080800000, 0x0000000080900000, 0x0000000080900000|100%| O|  |TAMS 0x0000000080900000, 0x0000000080800000| Untracked 
|   9|0x0000000080900000, 0x0000000080a00000, 0x0000000080a00000|100%| O|  |TAMS 0x0000000080a00000, 0x0000000080900000| Untracked 
|  10|0x0000000080a00000, 0x0000000080b00000, 0x0000000080b00000|100%| O|  |TAMS 0x0000000080b00000, 0x0000000080a00000| Untracked 
|  11|0x0000000080b00000, 0x0000000080c00000, 0x0000000080c00000|100%| O|  |TAMS 0x0000000080c00000, 0x0000000080b00000| Untracked 
|  12|0x0000000080c00000, 0x0000000080d00000, 0x0000000080d00000|100%| O|  |TAMS 0x0000000080d00000, 0x0000000080c00000| Untracked 
|  13|0x0000000080d00000, 0x0000000080e00000, 0x0000000080e00000|100%| O|  |TAMS 0x0000000080e00000, 0x0000000080d00000| Untracked 
|  14|0x0000000080e00000, 0x0000000080f00000, 0x0000000080f00000|100%| O|  |TAMS 0x0000000080f00000, 0x0000000080e00000| Untracked 
|  15|0x0000000080f00000, 0x0000000081000000, 0x0000000081000000|100%| O|  |TAMS 0x0000000081000000, 0x0000000080f00000| Untracked 
|  16|0x0000000081000000, 0x0000000081100000, 0x0000000081100000|100%| O|  |TAMS 0x0000000081100000, 0x0000000081000000| Untracked 
|  17|0x0000000081100000, 0x0000000081200000, 0x0000000081200000|100%|HS|  |TAMS 0x0000000081200000, 0x0000000081100000| Complete 
|  18|0x0000000081200000, 0x0000000081300000, 0x0000000081300000|100%|HC|  |TAMS 0x0000000081300000, 0x0000000081200000| Complete 
|  19|0x0000000081300000, 0x0000000081400000, 0x0000000081400000|100%|HS|  |TAMS 0x0000000081400000, 0x0000000081300000| Complete 
|  20|0x0000000081400000, 0x0000000081500000, 0x0000000081500000|100%|HC|  |TAMS 0x0000000081500000, 0x0000000081400000| Complete 
|  21|0x0000000081500000, 0x0000000081600000, 0x0000000081600000|100%|HC|  |TAMS 0x0000000081600000, 0x0000000081500000| Complete 
|  22|0x0000000081600000, 0x0000000081700000, 0x0000000081700000|100%|HS|  |TAMS 0x0000000081700000, 0x0000000081600000| Complete 
|  23|0x0000000081700000, 0x0000000081800000, 0x0000000081800000|100%|HC|  |TAMS 0x0000000081800000, 0x0000000081700000| Complete 
|  24|0x0000000081800000, 0x0000000081900000, 0x0000000081900000|100%|HC|  |TAMS 0x0000000081900000, 0x0000000081800000| Complete 
|  25|0x0000000081900000, 0x0000000081a00000, 0x0000000081a00000|100%|HC|  |TAMS 0x0000000081a00000, 0x0000000081900000| Complete 
|  26|0x0000000081a00000, 0x0000000081b00000, 0x0000000081b00000|100%|HS|  |TAMS 0x0000000081b00000, 0x0000000081a00000| Complete 
|  27|0x0000000081b00000, 0x0000000081c00000, 0x0000000081c00000|100%|HS|  |TAMS 0x0000000081c00000, 0x0000000081b00000| Complete 
|  28|0x0000000081c00000, 0x0000000081d00000, 0x0000000081d00000|100%|HC|  |TAMS 0x0000000081d00000, 0x0000000081c00000| Complete 
|  29|0x0000000081d00000, 0x0000000081e00000, 0x0000000081e00000|100%|HS|  |TAMS 0x0000000081e00000, 0x0000000081d00000| Complete 
|  30|0x0000000081e00000, 0x0000000081f00000, 0x0000000081f00000|100%|HC|  |TAMS 0x0000000081f00000, 0x0000000081e00000| Complete 
|  31|0x0000000081f00000, 0x0000000082000000, 0x0000000082000000|100%|HC|  |TAMS 0x0000000082000000, 0x0000000081f00000| Complete 
|  32|0x0000000082000000, 0x0000000082100000, 0x0000000082100000|100%|HC|  |TAMS 0x0000000082100000, 0x0000000082000000| Complete 
|  33|0x0000000082100000, 0x0000000082200000, 0x0000000082200000|100%|HS|  |TAMS 0x0000000082200000, 0x0000000082100000| Complete 
|  34|0x0000000082200000, 0x0000000082300000, 0x0000000082300000|100%|HC|  |TAMS 0x0000000082300000, 0x0000000082200000| Complete 
|  35|0x0000000082300000, 0x0000000082400000, 0x0000000082400000|100%|HC|  |TAMS 0x0000000082400000, 0x0000000082300000| Complete 
|  36|0x0000000082400000, 0x0000000082500000, 0x0000000082500000|100%| O|  |TAMS 0x0000000082500000, 0x0000000082400000| Untracked 
|  37|0x0000000082500000, 0x0000000082600000, 0x0000000082600000|100%| O|  |TAMS 0x0000000082600000, 0x0000000082500000| Untracked 
|  38|0x0000000082600000, 0x0000000082700000, 0x0000000082700000|100%| O|  |TAMS 0x0000000082700000, 0x0000000082600000| Untracked 
|  39|0x0000000082700000, 0x0000000082800000, 0x0000000082800000|100%| O|  |TAMS 0x0000000082800000, 0x0000000082700000| Untracked 
|  40|0x0000000082800000, 0x0000000082900000, 0x0000000082900000|100%| O|  |TAMS 0x0000000082900000, 0x0000000082800000| Untracked 
|  41|0x0000000082900000, 0x0000000082a00000, 0x0000000082a00000|100%| O|  |TAMS 0x0000000082a00000, 0x0000000082900000| Untracked 
|  42|0x0000000082a00000, 0x0000000082b00000, 0x0000000082b00000|100%| O|  |TAMS 0x0000000082b00000, 0x0000000082a00000| Untracked 
|  43|0x0000000082b00000, 0x0000000082c00000, 0x0000000082c00000|100%| O|  |TAMS 0x0000000082c00000, 0x0000000082b00000| Untracked 
|  44|0x0000000082c00000, 0x0000000082d00000, 0x0000000082d00000|100%| O|  |TAMS 0x0000000082d00000, 0x0000000082c00000| Untracked 
|  45|0x0000000082d00000, 0x0000000082e00000, 0x0000000082e00000|100%| O|  |TAMS 0x0000000082e00000, 0x0000000082d00000| Untracked 
|  46|0x0000000082e00000, 0x0000000082f00000, 0x0000000082f00000|100%| O|  |TAMS 0x0000000082f00000, 0x0000000082e00000| Untracked 
|  47|0x0000000082f00000, 0x0000000083000000, 0x0000000083000000|100%| O|  |TAMS 0x0000000083000000, 0x0000000082f00000| Untracked 
|  48|0x0000000083000000, 0x0000000083100000, 0x0000000083100000|100%| O|  |TAMS 0x0000000083100000, 0x0000000083000000| Untracked 
|  49|0x0000000083100000, 0x00000000831d4e00, 0x0000000083200000| 83%| O|  |TAMS 0x00000000831d4e00, 0x0000000083100000| Untracked 
|  50|0x0000000083200000, 0x0000000083300000, 0x0000000083300000|100%|HS|  |TAMS 0x0000000083200000, 0x0000000083200000| Complete 
|  51|0x0000000083300000, 0x0000000083300000, 0x0000000083400000|  0%| F|  |TAMS 0x0000000083300000, 0x0000000083300000| Untracked 
|  52|0x0000000083400000, 0x0000000083400000, 0x0000000083500000|  0%| F|  |TAMS 0x0000000083400000, 0x0000000083400000| Untracked 
|  53|0x0000000083500000, 0x0000000083500000, 0x0000000083600000|  0%| F|  |TAMS 0x0000000083500000, 0x0000000083500000| Untracked 
|  54|0x0000000083600000, 0x0000000083600000, 0x0000000083700000|  0%| F|  |TAMS 0x0000000083600000, 0x0000000083600000| Untracked 
|  55|0x0000000083700000, 0x0000000083700000, 0x0000000083800000|  0%| F|  |TAMS 0x0000000083700000, 0x0000000083700000| Untracked 
|  56|0x0000000083800000, 0x0000000083800000, 0x0000000083900000|  0%| F|  |TAMS 0x0000000083800000, 0x0000000083800000| Untracked 
|  57|0x0000000083900000, 0x0000000083900000, 0x0000000083a00000|  0%| F|  |TAMS 0x0000000083900000, 0x0000000083900000| Untracked 
|  58|0x0000000083a00000, 0x0000000083a00000, 0x0000000083b00000|  0%| F|  |TAMS 0x0000000083a00000, 0x0000000083a00000| Untracked 
|  59|0x0000000083b00000, 0x0000000083b00000, 0x0000000083c00000|  0%| F|  |TAMS 0x0000000083b00000, 0x0000000083b00000| Untracked 
|  60|0x0000000083c00000, 0x0000000083c00000, 0x0000000083d00000|  0%| F|  |TAMS 0x0000000083c00000, 0x0000000083c00000| Untracked 
|  61|0x0000000083d00000, 0x0000000083d00000, 0x0000000083e00000|  0%| F|  |TAMS 0x0000000083d00000, 0x0000000083d00000| Untracked 
|  62|0x0000000083e00000, 0x0000000083e00000, 0x0000000083f00000|  0%| F|  |TAMS 0x0000000083e00000, 0x0000000083e00000| Untracked 
|  63|0x0000000083f00000, 0x0000000083f00000, 0x0000000084000000|  0%| F|  |TAMS 0x0000000083f00000, 0x0000000083f00000| Untracked 
|  64|0x0000000084000000, 0x0000000084000000, 0x0000000084100000|  0%| F|  |TAMS 0x0000000084000000, 0x0000000084000000| Untracked 
|  65|0x0000000084100000, 0x0000000084100000, 0x0000000084200000|  0%| F|  |TAMS 0x0000000084100000, 0x0000000084100000| Untracked 
|  66|0x0000000084200000, 0x0000000084200000, 0x0000000084300000|  0%| F|  |TAMS 0x0000000084200000, 0x0000000084200000| Untracked 
|  67|0x0000000084300000, 0x0000000084300000, 0x0000000084400000|  0%| F|  |TAMS 0x0000000084300000, 0x0000000084300000| Untracked 
|  68|0x0000000084400000, 0x0000000084400000, 0x0000000084500000|  0%| F|  |TAMS 0x0000000084400000, 0x0000000084400000| Untracked 
|  69|0x0000000084500000, 0x0000000084500000, 0x0000000084600000|  0%| F|  |TAMS 0x0000000084500000, 0x0000000084500000| Untracked 
|  70|0x0000000084600000, 0x0000000084600000, 0x0000000084700000|  0%| F|  |TAMS 0x0000000084600000, 0x0000000084600000| Untracked 
|  71|0x0000000084700000, 0x0000000084700000, 0x0000000084800000|  0%| F|  |TAMS 0x0000000084700000, 0x0000000084700000| Untracked 
|  72|0x0000000084800000, 0x0000000084800000, 0x0000000084900000|  0%| F|  |TAMS 0x0000000084800000, 0x0000000084800000| Untracked 
|  73|0x0000000084900000, 0x0000000084900000, 0x0000000084a00000|  0%| F|  |TAMS 0x0000000084900000, 0x0000000084900000| Untracked 
|  74|0x0000000084a00000, 0x0000000084a00000, 0x0000000084b00000|  0%| F|  |TAMS 0x0000000084a00000, 0x0000000084a00000| Untracked 
|  75|0x0000000084b00000, 0x0000000084b00000, 0x0000000084c00000|  0%| F|  |TAMS 0x0000000084b00000, 0x0000000084b00000| Untracked 
|  76|0x0000000084c00000, 0x0000000084c00000, 0x0000000084d00000|  0%| F|  |TAMS 0x0000000084c00000, 0x0000000084c00000| Untracked 
|  77|0x0000000084d00000, 0x0000000084d00000, 0x0000000084e00000|  0%| F|  |TAMS 0x0000000084d00000, 0x0000000084d00000| Untracked 
|  78|0x0000000084e00000, 0x0000000084e00000, 0x0000000084f00000|  0%| F|  |TAMS 0x0000000084e00000, 0x0000000084e00000| Untracked 
|  79|0x0000000084f00000, 0x0000000084f00000, 0x0000000085000000|  0%| F|  |TAMS 0x0000000084f00000, 0x0000000084f00000| Untracked 
|  80|0x0000000085000000, 0x0000000085000000, 0x0000000085100000|  0%| F|  |TAMS 0x0000000085000000, 0x0000000085000000| Untracked 
|  81|0x0000000085100000, 0x0000000085100000, 0x0000000085200000|  0%| F|  |TAMS 0x0000000085100000, 0x0000000085100000| Untracked 
|  82|0x0000000085200000, 0x0000000085200000, 0x0000000085300000|  0%| F|  |TAMS 0x0000000085200000, 0x0000000085200000| Untracked 
|  83|0x0000000085300000, 0x0000000085300000, 0x0000000085400000|  0%| F|  |TAMS 0x0000000085300000, 0x0000000085300000| Untracked 
|  84|0x0000000085400000, 0x0000000085400000, 0x0000000085500000|  0%| F|  |TAMS 0x0000000085400000, 0x0000000085400000| Untracked 
|  85|0x0000000085500000, 0x0000000085500000, 0x0000000085600000|  0%| F|  |TAMS 0x0000000085500000, 0x0000000085500000| Untracked 
|  86|0x0000000085600000, 0x0000000085600000, 0x0000000085700000|  0%| F|  |TAMS 0x0000000085600000, 0x0000000085600000| Untracked 
|  87|0x0000000085700000, 0x0000000085700000, 0x0000000085800000|  0%| F|  |TAMS 0x0000000085700000, 0x0000000085700000| Untracked 
|  88|0x0000000085800000, 0x0000000085800000, 0x0000000085900000|  0%| F|  |TAMS 0x0000000085800000, 0x0000000085800000| Untracked 
|  89|0x0000000085900000, 0x0000000085900000, 0x0000000085a00000|  0%| F|  |TAMS 0x0000000085900000, 0x0000000085900000| Untracked 
|  90|0x0000000085a00000, 0x0000000085a00000, 0x0000000085b00000|  0%| F|  |TAMS 0x0000000085a00000, 0x0000000085a00000| Untracked 
|  91|0x0000000085b00000, 0x0000000085b00000, 0x0000000085c00000|  0%| F|  |TAMS 0x0000000085b00000, 0x0000000085b00000| Untracked 
|  92|0x0000000085c00000, 0x0000000085c00000, 0x0000000085d00000|  0%| F|  |TAMS 0x0000000085c00000, 0x0000000085c00000| Untracked 
|  93|0x0000000085d00000, 0x0000000085d00000, 0x0000000085e00000|  0%| F|  |TAMS 0x0000000085d00000, 0x0000000085d00000| Untracked 
|  94|0x0000000085e00000, 0x0000000085e00000, 0x0000000085f00000|  0%| F|  |TAMS 0x0000000085e00000, 0x0000000085e00000| Untracked 
|  95|0x0000000085f00000, 0x0000000085f00000, 0x0000000086000000|  0%| F|  |TAMS 0x0000000085f00000, 0x0000000085f00000| Untracked 
|  96|0x0000000086000000, 0x0000000086000000, 0x0000000086100000|  0%| F|  |TAMS 0x0000000086000000, 0x0000000086000000| Untracked 
|  97|0x0000000086100000, 0x0000000086100000, 0x0000000086200000|  0%| F|  |TAMS 0x0000000086100000, 0x0000000086100000| Untracked 
|  98|0x0000000086200000, 0x0000000086200000, 0x0000000086300000|  0%| F|  |TAMS 0x0000000086200000, 0x0000000086200000| Untracked 
|  99|0x0000000086300000, 0x0000000086300000, 0x0000000086400000|  0%| F|  |TAMS 0x0000000086300000, 0x0000000086300000| Untracked 
| 100|0x0000000086400000, 0x0000000086400000, 0x0000000086500000|  0%| F|  |TAMS 0x0000000086400000, 0x0000000086400000| Untracked 
| 101|0x0000000086500000, 0x0000000086500000, 0x0000000086600000|  0%| F|  |TAMS 0x0000000086500000, 0x0000000086500000| Untracked 
| 102|0x0000000086600000, 0x0000000086600000, 0x0000000086700000|  0%| F|  |TAMS 0x0000000086600000, 0x0000000086600000| Untracked 
| 103|0x0000000086700000, 0x0000000086700000, 0x0000000086800000|  0%| F|  |TAMS 0x0000000086700000, 0x0000000086700000| Untracked 
| 104|0x0000000086800000, 0x0000000086800000, 0x0000000086900000|  0%| F|  |TAMS 0x0000000086800000, 0x0000000086800000| Untracked 
| 105|0x0000000086900000, 0x0000000086900000, 0x0000000086a00000|  0%| F|  |TAMS 0x0000000086900000, 0x0000000086900000| Untracked 
| 106|0x0000000086a00000, 0x0000000086a00000, 0x0000000086b00000|  0%| F|  |TAMS 0x0000000086a00000, 0x0000000086a00000| Untracked 
| 107|0x0000000086b00000, 0x0000000086b00000, 0x0000000086c00000|  0%| F|  |TAMS 0x0000000086b00000, 0x0000000086b00000| Untracked 
| 108|0x0000000086c00000, 0x0000000086c00000, 0x0000000086d00000|  0%| F|  |TAMS 0x0000000086c00000, 0x0000000086c00000| Untracked 
| 109|0x0000000086d00000, 0x0000000086d00000, 0x0000000086e00000|  0%| F|  |TAMS 0x0000000086d00000, 0x0000000086d00000| Untracked 
| 110|0x0000000086e00000, 0x0000000086e00000, 0x0000000086f00000|  0%| F|  |TAMS 0x0000000086e00000, 0x0000000086e00000| Untracked 
| 111|0x0000000086f00000, 0x0000000086f00000, 0x0000000087000000|  0%| F|  |TAMS 0x0000000086f00000, 0x0000000086f00000| Untracked 
| 112|0x0000000087000000, 0x0000000087000000, 0x0000000087100000|  0%| F|  |TAMS 0x0000000087000000, 0x0000000087000000| Untracked 
| 113|0x0000000087100000, 0x0000000087100000, 0x0000000087200000|  0%| F|  |TAMS 0x0000000087100000, 0x0000000087100000| Untracked 
| 114|0x0000000087200000, 0x0000000087200000, 0x0000000087300000|  0%| F|  |TAMS 0x0000000087200000, 0x0000000087200000| Untracked 
| 115|0x0000000087300000, 0x0000000087300000, 0x0000000087400000|  0%| F|  |TAMS 0x0000000087300000, 0x0000000087300000| Untracked 
| 116|0x0000000087400000, 0x0000000087400000, 0x0000000087500000|  0%| F|  |TAMS 0x0000000087400000, 0x0000000087400000| Untracked 
| 117|0x0000000087500000, 0x0000000087500000, 0x0000000087600000|  0%| F|  |TAMS 0x0000000087500000, 0x0000000087500000| Untracked 
| 118|0x0000000087600000, 0x0000000087600000, 0x0000000087700000|  0%| F|  |TAMS 0x0000000087600000, 0x0000000087600000| Untracked 
| 119|0x0000000087700000, 0x0000000087700000, 0x0000000087800000|  0%| F|  |TAMS 0x0000000087700000, 0x0000000087700000| Untracked 
| 120|0x0000000087800000, 0x0000000087800000, 0x0000000087900000|  0%| F|  |TAMS 0x0000000087800000, 0x0000000087800000| Untracked 
| 121|0x0000000087900000, 0x0000000087900000, 0x0000000087a00000|  0%| F|  |TAMS 0x0000000087900000, 0x0000000087900000| Untracked 
| 122|0x0000000087a00000, 0x0000000087a00000, 0x0000000087b00000|  0%| F|  |TAMS 0x0000000087a00000, 0x0000000087a00000| Untracked 
| 123|0x0000000087b00000, 0x0000000087b00000, 0x0000000087c00000|  0%| F|  |TAMS 0x0000000087b00000, 0x0000000087b00000| Untracked 
| 124|0x0000000087c00000, 0x0000000087c00000, 0x0000000087d00000|  0%| F|  |TAMS 0x0000000087c00000, 0x0000000087c00000| Untracked 
| 125|0x0000000087d00000, 0x0000000087d00000, 0x0000000087e00000|  0%| F|  |TAMS 0x0000000087d00000, 0x0000000087d00000| Untracked 
| 126|0x0000000087e00000, 0x0000000087e00000, 0x0000000087f00000|  0%| F|  |TAMS 0x0000000087e00000, 0x0000000087e00000| Untracked 
| 127|0x0000000087f00000, 0x0000000087f00000, 0x0000000088000000|  0%| F|  |TAMS 0x0000000087f00000, 0x0000000087f00000| Untracked 
| 128|0x0000000088000000, 0x0000000088000000, 0x0000000088100000|  0%| F|  |TAMS 0x0000000088000000, 0x0000000088000000| Untracked 
| 129|0x0000000088100000, 0x0000000088100000, 0x0000000088200000|  0%| F|  |TAMS 0x0000000088100000, 0x0000000088100000| Untracked 
| 130|0x0000000088200000, 0x0000000088200000, 0x0000000088300000|  0%| F|  |TAMS 0x0000000088200000, 0x0000000088200000| Untracked 
| 131|0x0000000088300000, 0x0000000088300000, 0x0000000088400000|  0%| F|  |TAMS 0x0000000088300000, 0x0000000088300000| Untracked 
| 132|0x0000000088400000, 0x0000000088400000, 0x0000000088500000|  0%| F|  |TAMS 0x0000000088400000, 0x0000000088400000| Untracked 
| 133|0x0000000088500000, 0x0000000088500000, 0x0000000088600000|  0%| F|  |TAMS 0x0000000088500000, 0x0000000088500000| Untracked 
| 134|0x0000000088600000, 0x0000000088600000, 0x0000000088700000|  0%| F|  |TAMS 0x0000000088600000, 0x0000000088600000| Untracked 
| 135|0x0000000088700000, 0x0000000088700000, 0x0000000088800000|  0%| F|  |TAMS 0x0000000088700000, 0x0000000088700000| Untracked 
| 136|0x0000000088800000, 0x0000000088800000, 0x0000000088900000|  0%| F|  |TAMS 0x0000000088800000, 0x0000000088800000| Untracked 
| 137|0x0000000088900000, 0x0000000088900000, 0x0000000088a00000|  0%| F|  |TAMS 0x0000000088900000, 0x0000000088900000| Untracked 
| 138|0x0000000088a00000, 0x0000000088a00000, 0x0000000088b00000|  0%| F|  |TAMS 0x0000000088a00000, 0x0000000088a00000| Untracked 
| 139|0x0000000088b00000, 0x0000000088b00000, 0x0000000088c00000|  0%| F|  |TAMS 0x0000000088b00000, 0x0000000088b00000| Untracked 
| 140|0x0000000088c00000, 0x0000000088c00000, 0x0000000088d00000|  0%| F|  |TAMS 0x0000000088c00000, 0x0000000088c00000| Untracked 
| 141|0x0000000088d00000, 0x0000000088d00000, 0x0000000088e00000|  0%| F|  |TAMS 0x0000000088d00000, 0x0000000088d00000| Untracked 
| 142|0x0000000088e00000, 0x0000000088e00000, 0x0000000088f00000|  0%| F|  |TAMS 0x0000000088e00000, 0x0000000088e00000| Untracked 
| 143|0x0000000088f00000, 0x0000000088f00000, 0x0000000089000000|  0%| F|  |TAMS 0x0000000088f00000, 0x0000000088f00000| Untracked 
| 144|0x0000000089000000, 0x0000000089000000, 0x0000000089100000|  0%| F|  |TAMS 0x0000000089000000, 0x0000000089000000| Untracked 
| 145|0x0000000089100000, 0x0000000089200000, 0x0000000089200000|100%| E|  |TAMS 0x0000000089100000, 0x0000000089100000| Complete 
| 146|0x0000000089200000, 0x0000000089300000, 0x0000000089300000|100%| E|CS|TAMS 0x0000000089200000, 0x0000000089200000| Complete 
| 147|0x0000000089300000, 0x0000000089400000, 0x0000000089400000|100%| E|CS|TAMS 0x0000000089300000, 0x0000000089300000| Complete 
| 148|0x0000000089400000, 0x0000000089500000, 0x0000000089500000|100%| E|CS|TAMS 0x0000000089400000, 0x0000000089400000| Complete 
| 149|0x0000000089500000, 0x0000000089600000, 0x0000000089600000|100%| E|CS|TAMS 0x0000000089500000, 0x0000000089500000| Complete 
| 150|0x0000000089600000, 0x0000000089700000, 0x0000000089700000|100%| E|CS|TAMS 0x0000000089600000, 0x0000000089600000| Complete 
| 151|0x0000000089700000, 0x0000000089800000, 0x0000000089800000|100%| E|CS|TAMS 0x0000000089700000, 0x0000000089700000| Complete 
| 152|0x0000000089800000, 0x0000000089900000, 0x0000000089900000|100%| E|CS|TAMS 0x0000000089800000, 0x0000000089800000| Complete 
| 153|0x0000000089900000, 0x0000000089a00000, 0x0000000089a00000|100%| E|CS|TAMS 0x0000000089900000, 0x0000000089900000| Complete 
| 154|0x0000000089a00000, 0x0000000089b00000, 0x0000000089b00000|100%| E|CS|TAMS 0x0000000089a00000, 0x0000000089a00000| Complete 
| 155|0x0000000089b00000, 0x0000000089c00000, 0x0000000089c00000|100%| E|CS|TAMS 0x0000000089b00000, 0x0000000089b00000| Complete 
| 156|0x0000000089c00000, 0x0000000089d00000, 0x0000000089d00000|100%| E|CS|TAMS 0x0000000089c00000, 0x0000000089c00000| Complete 
| 157|0x0000000089d00000, 0x0000000089e00000, 0x0000000089e00000|100%| E|CS|TAMS 0x0000000089d00000, 0x0000000089d00000| Complete 
| 158|0x0000000089e00000, 0x0000000089f00000, 0x0000000089f00000|100%| E|CS|TAMS 0x0000000089e00000, 0x0000000089e00000| Complete 
| 159|0x0000000089f00000, 0x000000008a000000, 0x000000008a000000|100%| E|CS|TAMS 0x0000000089f00000, 0x0000000089f00000| Complete 
| 160|0x000000008a000000, 0x000000008a100000, 0x000000008a100000|100%| E|CS|TAMS 0x000000008a000000, 0x000000008a000000| Complete 
| 161|0x000000008a100000, 0x000000008a200000, 0x000000008a200000|100%| E|CS|TAMS 0x000000008a100000, 0x000000008a100000| Complete 
| 162|0x000000008a200000, 0x000000008a300000, 0x000000008a300000|100%| E|CS|TAMS 0x000000008a200000, 0x000000008a200000| Complete 
| 163|0x000000008a300000, 0x000000008a400000, 0x000000008a400000|100%| E|CS|TAMS 0x000000008a300000, 0x000000008a300000| Complete 
| 164|0x000000008a400000, 0x000000008a500000, 0x000000008a500000|100%| E|CS|TAMS 0x000000008a400000, 0x000000008a400000| Complete 
| 165|0x000000008a500000, 0x000000008a600000, 0x000000008a600000|100%| E|CS|TAMS 0x000000008a500000, 0x000000008a500000| Complete 
| 166|0x000000008a600000, 0x000000008a700000, 0x000000008a700000|100%| E|CS|TAMS 0x000000008a600000, 0x000000008a600000| Complete 
| 167|0x000000008a700000, 0x000000008a800000, 0x000000008a800000|100%| E|CS|TAMS 0x000000008a700000, 0x000000008a700000| Complete 
| 168|0x000000008a800000, 0x000000008a900000, 0x000000008a900000|100%| E|CS|TAMS 0x000000008a800000, 0x000000008a800000| Complete 
| 169|0x000000008a900000, 0x000000008aa00000, 0x000000008aa00000|100%| E|CS|TAMS 0x000000008a900000, 0x000000008a900000| Complete 
| 170|0x000000008aa00000, 0x000000008ab00000, 0x000000008ab00000|100%| E|CS|TAMS 0x000000008aa00000, 0x000000008aa00000| Complete 
| 171|0x000000008ab00000, 0x000000008ac00000, 0x000000008ac00000|100%| E|CS|TAMS 0x000000008ab00000, 0x000000008ab00000| Complete 
| 172|0x000000008ac00000, 0x000000008ad00000, 0x000000008ad00000|100%| E|CS|TAMS 0x000000008ac00000, 0x000000008ac00000| Complete 
| 173|0x000000008ad00000, 0x000000008ae00000, 0x000000008ae00000|100%| E|CS|TAMS 0x000000008ad00000, 0x000000008ad00000| Complete 
| 174|0x000000008ae00000, 0x000000008af00000, 0x000000008af00000|100%| E|CS|TAMS 0x000000008ae00000, 0x000000008ae00000| Complete 
| 175|0x000000008af00000, 0x000000008b000000, 0x000000008b000000|100%| E|CS|TAMS 0x000000008af00000, 0x000000008af00000| Complete 
| 176|0x000000008b000000, 0x000000008b100000, 0x000000008b100000|100%| E|CS|TAMS 0x000000008b000000, 0x000000008b000000| Complete 
| 177|0x000000008b100000, 0x000000008b200000, 0x000000008b200000|100%| E|CS|TAMS 0x000000008b100000, 0x000000008b100000| Complete 
| 178|0x000000008b200000, 0x000000008b300000, 0x000000008b300000|100%| E|CS|TAMS 0x000000008b200000, 0x000000008b200000| Complete 
| 179|0x000000008b300000, 0x000000008b400000, 0x000000008b400000|100%| E|CS|TAMS 0x000000008b300000, 0x000000008b300000| Complete 
| 180|0x000000008b400000, 0x000000008b500000, 0x000000008b500000|100%| E|CS|TAMS 0x000000008b400000, 0x000000008b400000| Complete 
| 181|0x000000008b500000, 0x000000008b600000, 0x000000008b600000|100%| E|CS|TAMS 0x000000008b500000, 0x000000008b500000| Complete 
| 182|0x000000008b600000, 0x000000008b700000, 0x000000008b700000|100%| E|CS|TAMS 0x000000008b600000, 0x000000008b600000| Complete 
| 183|0x000000008b700000, 0x000000008b800000, 0x000000008b800000|100%| E|CS|TAMS 0x000000008b700000, 0x000000008b700000| Complete 
| 184|0x000000008b800000, 0x000000008b900000, 0x000000008b900000|100%| E|CS|TAMS 0x000000008b800000, 0x000000008b800000| Complete 
| 185|0x000000008b900000, 0x000000008ba00000, 0x000000008ba00000|100%| E|CS|TAMS 0x000000008b900000, 0x000000008b900000| Complete 
| 186|0x000000008ba00000, 0x000000008bb00000, 0x000000008bb00000|100%| E|CS|TAMS 0x000000008ba00000, 0x000000008ba00000| Complete 
| 187|0x000000008bb00000, 0x000000008bc00000, 0x000000008bc00000|100%| E|CS|TAMS 0x000000008bb00000, 0x000000008bb00000| Complete 
| 188|0x000000008bc00000, 0x000000008bd00000, 0x000000008bd00000|100%| E|CS|TAMS 0x000000008bc00000, 0x000000008bc00000| Complete 
| 189|0x000000008bd00000, 0x000000008be00000, 0x000000008be00000|100%| E|CS|TAMS 0x000000008bd00000, 0x000000008bd00000| Complete 
| 190|0x000000008be00000, 0x000000008bf00000, 0x000000008bf00000|100%| E|CS|TAMS 0x000000008be00000, 0x000000008be00000| Complete 
| 191|0x000000008bf00000, 0x000000008c000000, 0x000000008c000000|100%| E|CS|TAMS 0x000000008bf00000, 0x000000008bf00000| Complete 
| 192|0x000000008c000000, 0x000000008c100000, 0x000000008c100000|100%| E|CS|TAMS 0x000000008c000000, 0x000000008c000000| Complete 
| 193|0x000000008c100000, 0x000000008c200000, 0x000000008c200000|100%| E|CS|TAMS 0x000000008c100000, 0x000000008c100000| Complete 
| 194|0x000000008c200000, 0x000000008c300000, 0x000000008c300000|100%| E|CS|TAMS 0x000000008c200000, 0x000000008c200000| Complete 
| 195|0x000000008c300000, 0x000000008c400000, 0x000000008c400000|100%| E|CS|TAMS 0x000000008c300000, 0x000000008c300000| Complete 
| 196|0x000000008c400000, 0x000000008c500000, 0x000000008c500000|100%| E|CS|TAMS 0x000000008c400000, 0x000000008c400000| Complete 
| 197|0x000000008c500000, 0x000000008c600000, 0x000000008c600000|100%| E|CS|TAMS 0x000000008c500000, 0x000000008c500000| Complete 
| 198|0x000000008c600000, 0x000000008c700000, 0x000000008c700000|100%| E|CS|TAMS 0x000000008c600000, 0x000000008c600000| Complete 
| 199|0x000000008c700000, 0x000000008c800000, 0x000000008c800000|100%| E|CS|TAMS 0x000000008c700000, 0x000000008c700000| Complete 
| 200|0x000000008c800000, 0x000000008c900000, 0x000000008c900000|100%| E|CS|TAMS 0x000000008c800000, 0x000000008c800000| Complete 
| 201|0x000000008c900000, 0x000000008ca00000, 0x000000008ca00000|100%| E|CS|TAMS 0x000000008c900000, 0x000000008c900000| Complete 
| 202|0x000000008ca00000, 0x000000008cb00000, 0x000000008cb00000|100%| E|CS|TAMS 0x000000008ca00000, 0x000000008ca00000| Complete 
| 203|0x000000008cb00000, 0x000000008cc00000, 0x000000008cc00000|100%| E|CS|TAMS 0x000000008cb00000, 0x000000008cb00000| Complete 
| 204|0x000000008cc00000, 0x000000008cd00000, 0x000000008cd00000|100%| E|CS|TAMS 0x000000008cc00000, 0x000000008cc00000| Complete 
| 205|0x000000008cd00000, 0x000000008ce00000, 0x000000008ce00000|100%| E|CS|TAMS 0x000000008cd00000, 0x000000008cd00000| Complete 
| 206|0x000000008ce00000, 0x000000008cf00000, 0x000000008cf00000|100%| E|CS|TAMS 0x000000008ce00000, 0x000000008ce00000| Complete 
| 207|0x000000008cf00000, 0x000000008d000000, 0x000000008d000000|100%| E|CS|TAMS 0x000000008cf00000, 0x000000008cf00000| Complete 
| 208|0x000000008d000000, 0x000000008d100000, 0x000000008d100000|100%| E|CS|TAMS 0x000000008d000000, 0x000000008d000000| Complete 
| 209|0x000000008d100000, 0x000000008d200000, 0x000000008d200000|100%| E|CS|TAMS 0x000000008d100000, 0x000000008d100000| Complete 
| 210|0x000000008d200000, 0x000000008d300000, 0x000000008d300000|100%| E|CS|TAMS 0x000000008d200000, 0x000000008d200000| Complete 
| 211|0x000000008d300000, 0x000000008d400000, 0x000000008d400000|100%| E|CS|TAMS 0x000000008d300000, 0x000000008d300000| Complete 
| 212|0x000000008d400000, 0x000000008d500000, 0x000000008d500000|100%| E|CS|TAMS 0x000000008d400000, 0x000000008d400000| Complete 
| 213|0x000000008d500000, 0x000000008d600000, 0x000000008d600000|100%| E|CS|TAMS 0x000000008d500000, 0x000000008d500000| Complete 
| 214|0x000000008d600000, 0x000000008d700000, 0x000000008d700000|100%| E|CS|TAMS 0x000000008d600000, 0x000000008d600000| Complete 
| 215|0x000000008d700000, 0x000000008d800000, 0x000000008d800000|100%| E|CS|TAMS 0x000000008d700000, 0x000000008d700000| Complete 
| 216|0x000000008d800000, 0x000000008d900000, 0x000000008d900000|100%| E|CS|TAMS 0x000000008d800000, 0x000000008d800000| Complete 
| 217|0x000000008d900000, 0x000000008da00000, 0x000000008da00000|100%| E|CS|TAMS 0x000000008d900000, 0x000000008d900000| Complete 
| 218|0x000000008da00000, 0x000000008db00000, 0x000000008db00000|100%| E|CS|TAMS 0x000000008da00000, 0x000000008da00000| Complete 
| 219|0x000000008db00000, 0x000000008dc00000, 0x000000008dc00000|100%| E|CS|TAMS 0x000000008db00000, 0x000000008db00000| Complete 
| 220|0x000000008dc00000, 0x000000008dd00000, 0x000000008dd00000|100%| E|CS|TAMS 0x000000008dc00000, 0x000000008dc00000| Complete 
| 221|0x000000008dd00000, 0x000000008de00000, 0x000000008de00000|100%| E|CS|TAMS 0x000000008dd00000, 0x000000008dd00000| Complete 
| 222|0x000000008de00000, 0x000000008df00000, 0x000000008df00000|100%| E|CS|TAMS 0x000000008de00000, 0x000000008de00000| Complete 
| 223|0x000000008df00000, 0x000000008e000000, 0x000000008e000000|100%| E|  |TAMS 0x000000008df00000, 0x000000008df00000| Complete 
| 224|0x000000008e000000, 0x000000008e100000, 0x000000008e100000|100%| E|CS|TAMS 0x000000008e000000, 0x000000008e000000| Complete 
| 225|0x000000008e100000, 0x000000008e200000, 0x000000008e200000|100%| E|CS|TAMS 0x000000008e100000, 0x000000008e100000| Complete 
| 226|0x000000008e200000, 0x000000008e2389e8, 0x000000008e300000| 22%| S|CS|TAMS 0x000000008e200000, 0x000000008e200000| Complete 
| 227|0x000000008e300000, 0x000000008e400000, 0x000000008e400000|100%| S|CS|TAMS 0x000000008e300000, 0x000000008e300000| Complete 
| 228|0x000000008e400000, 0x000000008e500000, 0x000000008e500000|100%| S|CS|TAMS 0x000000008e400000, 0x000000008e400000| Complete 
| 229|0x000000008e500000, 0x000000008e600000, 0x000000008e600000|100%| S|CS|TAMS 0x000000008e500000, 0x000000008e500000| Complete 
| 230|0x000000008e600000, 0x000000008e700000, 0x000000008e700000|100%| S|CS|TAMS 0x000000008e600000, 0x000000008e600000| Complete 
| 231|0x000000008e700000, 0x000000008e800000, 0x000000008e800000|100%| S|CS|TAMS 0x000000008e700000, 0x000000008e700000| Complete 
| 232|0x000000008e800000, 0x000000008e900000, 0x000000008e900000|100%| S|CS|TAMS 0x000000008e800000, 0x000000008e800000| Complete 
| 233|0x000000008e900000, 0x000000008ea00000, 0x000000008ea00000|100%| S|CS|TAMS 0x000000008e900000, 0x000000008e900000| Complete 
| 234|0x000000008ea00000, 0x000000008eb00000, 0x000000008eb00000|100%| S|CS|TAMS 0x000000008ea00000, 0x000000008ea00000| Complete 
| 235|0x000000008eb00000, 0x000000008ec00000, 0x000000008ec00000|100%| S|CS|TAMS 0x000000008eb00000, 0x000000008eb00000| Complete 
| 236|0x000000008ec00000, 0x000000008ed00000, 0x000000008ed00000|100%| S|CS|TAMS 0x000000008ec00000, 0x000000008ec00000| Complete 
| 237|0x000000008ed00000, 0x000000008ee00000, 0x000000008ee00000|100%| S|CS|TAMS 0x000000008ed00000, 0x000000008ed00000| Complete 
| 238|0x000000008ee00000, 0x000000008ef00000, 0x000000008ef00000|100%| S|CS|TAMS 0x000000008ee00000, 0x000000008ee00000| Complete 
| 239|0x000000008ef00000, 0x000000008f000000, 0x000000008f000000|100%| E|CS|TAMS 0x000000008ef00000, 0x000000008ef00000| Complete 
| 240|0x000000008f000000, 0x000000008f100000, 0x000000008f100000|100%| E|CS|TAMS 0x000000008f000000, 0x000000008f000000| Complete 
| 241|0x000000008f100000, 0x000000008f200000, 0x000000008f200000|100%| E|CS|TAMS 0x000000008f100000, 0x000000008f100000| Complete 
| 242|0x000000008f200000, 0x000000008f300000, 0x000000008f300000|100%| E|CS|TAMS 0x000000008f200000, 0x000000008f200000| Complete 
| 243|0x000000008f300000, 0x000000008f400000, 0x000000008f400000|100%| E|CS|TAMS 0x000000008f300000, 0x000000008f300000| Complete 
| 244|0x000000008f400000, 0x000000008f500000, 0x000000008f500000|100%| E|CS|TAMS 0x000000008f400000, 0x000000008f400000| Complete 
| 245|0x000000008f500000, 0x000000008f600000, 0x000000008f600000|100%| E|CS|TAMS 0x000000008f500000, 0x000000008f500000| Complete 
| 246|0x000000008f600000, 0x000000008f700000, 0x000000008f700000|100%| E|CS|TAMS 0x000000008f600000, 0x000000008f600000| Complete 
| 247|0x000000008f700000, 0x000000008f800000, 0x000000008f800000|100%| E|CS|TAMS 0x000000008f700000, 0x000000008f700000| Complete 
| 248|0x000000008f800000, 0x000000008f900000, 0x000000008f900000|100%| E|CS|TAMS 0x000000008f800000, 0x000000008f800000| Complete 
| 249|0x000000008f900000, 0x000000008fa00000, 0x000000008fa00000|100%| E|CS|TAMS 0x000000008f900000, 0x000000008f900000| Complete 
| 250|0x000000008fa00000, 0x000000008fb00000, 0x000000008fb00000|100%| E|CS|TAMS 0x000000008fa00000, 0x000000008fa00000| Complete 
| 251|0x000000008fb00000, 0x000000008fc00000, 0x000000008fc00000|100%| E|CS|TAMS 0x000000008fb00000, 0x000000008fb00000| Complete 
| 252|0x000000008fc00000, 0x000000008fd00000, 0x000000008fd00000|100%| E|CS|TAMS 0x000000008fc00000, 0x000000008fc00000| Complete 
| 253|0x000000008fd00000, 0x000000008fe00000, 0x000000008fe00000|100%| E|CS|TAMS 0x000000008fd00000, 0x000000008fd00000| Complete 

Card table byte_map: [0x0000021621940000,0x0000021621d40000] _byte_map_base: 0x0000021621540000

Marking Bits (Prev, Next): (CMBitMap*) 0x000002160df39b50, (CMBitMap*) 0x000002160df39b18
 Prev Bits: [0x0000021624140000, 0x0000021626140000)
 Next Bits: [0x0000021622140000, 0x0000021624140000)

Polling page: 0x000002160dfe0000

Metaspace:

Usage:
  Non-class:     57.73 MB capacity,    56.48 MB ( 98%) used,     1.11 MB (  2%) free+waste,   151.63 KB ( <1%) overhead. 
      Class:      9.06 MB capacity,     8.49 MB ( 94%) used,   512.14 KB (  6%) free+waste,    72.25 KB ( <1%) overhead. 
       Both:     66.79 MB capacity,    64.96 MB ( 97%) used,     1.61 MB (  2%) free+waste,   223.88 KB ( <1%) overhead. 

Virtual space:
  Non-class space:       58.00 MB reserved,      57.83 MB (>99%) committed 
      Class space:        1.00 GB reserved,       9.13 MB ( <1%) committed 
             Both:        1.06 GB reserved,      66.95 MB (  6%) committed 

Chunk freelists:
   Non-Class:  32.00 KB
       Class:  4.00 KB
        Both:  36.00 KB

MaxMetaspaceSize: 17179869184.00 GB
CompressedClassSpaceSize: 1.00 GB

CodeHeap 'non-profiled nmethods': size=120000Kb used=3644Kb max_used=3644Kb free=116355Kb
 bounds [0x0000021619370000, 0x0000021619700000, 0x00000216208a0000]
CodeHeap 'profiled nmethods': size=120000Kb used=12528Kb max_used=12528Kb free=107471Kb
 bounds [0x0000021611e40000, 0x0000021612a80000, 0x0000021619370000]
CodeHeap 'non-nmethods': size=5760Kb used=2236Kb max_used=2287Kb free=3523Kb
 bounds [0x00000216118a0000, 0x0000021611b10000, 0x0000021611e40000]
 total_blobs=6547 nmethods=5727 adapters=731
 compilation: enabled
              stopped_count=0, restarted_count=0
 full_count=0

Compilation events (20 events):
Event: 7.301 Thread 0x0000021629721800 5961       1       java.util.Formatter$FixedString::index (3 bytes)
Event: 7.301 Thread 0x0000021629721800 nmethod 5961 0x00000216196f6d10 code [0x00000216196f6ec0, 0x00000216196f6f78]
Event: 7.301 Thread 0x0000021629721800 5964       1       org.gradle.api.internal.artifacts.configurations.DefaultVariant::getName (5 bytes)
Event: 7.301 Thread 0x0000021629721800 nmethod 5964 0x00000216196f7010 code [0x00000216196f71c0, 0x00000216196f7278]
Event: 7.301 Thread 0x0000021629721800 5965       3       com.google.common.collect.SingletonImmutableList::get (11 bytes)
Event: 7.301 Thread 0x0000021629721800 nmethod 5965 0x0000021612a60990 code [0x0000021612a60b80, 0x0000021612a60ed8]
Event: 7.301 Thread 0x0000021629721800 5966       3       com.google.common.base.Preconditions::checkElementIndex (8 bytes)
Event: 7.301 Thread 0x0000021629721800 nmethod 5966 0x0000021612a61090 code [0x0000021612a61260, 0x0000021612a61518]
Event: 7.301 Thread 0x0000021629721800 5967       3       org.gradle.api.internal.DefaultDomainObjectCollection::doAdd (29 bytes)
Event: 7.302 Thread 0x0000021629721800 nmethod 5967 0x0000021612a61690 code [0x0000021612a61880, 0x0000021612a61cd8]
Event: 7.302 Thread 0x0000021629721800 5969       3       sun.util.locale.LocaleUtils::isAlphaNumeric (20 bytes)
Event: 7.302 Thread 0x0000021629721800 nmethod 5969 0x0000021612a61e10 code [0x0000021612a61fe0, 0x0000021612a62398]
Event: 7.302 Thread 0x0000021629721800 5970   !   3       jdk.internal.reflect.GeneratedConstructorAccessor18::newInstance (61 bytes)
Event: 7.303 Thread 0x0000021629721800 nmethod 5970 0x0000021612a62490 code [0x0000021612a627a0, 0x0000021612a639c8]
Event: 7.303 Thread 0x0000021629721800 5971       3       sun.util.locale.provider.LocaleProviderAdapter::getAdapter (177 bytes)
Event: 7.306 Thread 0x0000021629721800 nmethod 5971 0x0000021612a64190 code [0x0000021612a644e0, 0x0000021612a65a68]
Event: 7.306 Thread 0x0000021629721800 5972       3       com.google.common.collect.ImmutableList::contains (14 bytes)
Event: 7.306 Thread 0x0000021629721800 nmethod 5972 0x0000021612a66090 code [0x0000021612a66240, 0x0000021612a66448]
Event: 7.353 Thread 0x000002162a538800 nmethod 5850 0x00000216196f7310 code [0x00000216196f7660, 0x00000216196fa2f0]
Event: 7.353 Thread 0x000002162a538800 5968       4       java.util.regex.Matcher::reset (128 bytes)

GC Heap History (14 events):
Event: 0.842 GC heap before
{Heap before GC invocations=0 (full 0):
 garbage-first heap   total 260096K, used 29696K [0x0000000080000000, 0x0000000100000000)
  region size 1024K, 24 young (24576K), 0 survivors (0K)
 Metaspace       used 10422K, capacity 10723K, committed 11008K, reserved 1058816K
  class space    used 1096K, capacity 1193K, committed 1280K, reserved 1048576K
}
Event: 0.847 GC heap after
{Heap after GC invocations=1 (full 0):
 garbage-first heap   total 260096K, used 8548K [0x0000000080000000, 0x0000000100000000)
  region size 1024K, 3 young (3072K), 3 survivors (3072K)
 Metaspace       used 10422K, capacity 10723K, committed 11008K, reserved 1058816K
  class space    used 1096K, capacity 1193K, committed 1280K, reserved 1048576K
}
Event: 2.517 GC heap before
{Heap before GC invocations=1 (full 0):
 garbage-first heap   total 260096K, used 92516K [0x0000000080000000, 0x0000000100000000)
  region size 1024K, 87 young (89088K), 3 survivors (3072K)
 Metaspace       used 20579K, capacity 21187K, committed 21296K, reserved 1069056K
  class space    used 2516K, capacity 2688K, committed 2688K, reserved 1048576K
}
Event: 2.525 GC heap after
{Heap after GC invocations=2 (full 0):
 garbage-first heap   total 260096K, used 16227K [0x0000000080000000, 0x0000000100000000)
  region size 1024K, 11 young (11264K), 11 survivors (11264K)
 Metaspace       used 20579K, capacity 21187K, committed 21296K, reserved 1069056K
  class space    used 2516K, capacity 2688K, committed 2688K, reserved 1048576K
}
Event: 2.734 GC heap before
{Heap before GC invocations=3 (full 0):
 garbage-first heap   total 260096K, used 37731K [0x0000000080000000, 0x0000000100000000)
  region size 1024K, 32 young (32768K), 11 survivors (11264K)
 Metaspace       used 22533K, capacity 23086K, committed 23344K, reserved 1069056K
  class space    used 2891K, capacity 3090K, committed 3200K, reserved 1048576K
}
Event: 2.739 GC heap after
{Heap after GC invocations=4 (full 0):
 garbage-first heap   total 260096K, used 17717K [0x0000000080000000, 0x0000000100000000)
  region size 1024K, 2 young (2048K), 2 survivors (2048K)
 Metaspace       used 22533K, capacity 23086K, committed 23344K, reserved 1069056K
  class space    used 2891K, capacity 3090K, committed 3200K, reserved 1048576K
}
Event: 3.780 GC heap before
{Heap before GC invocations=4 (full 0):
 garbage-first heap   total 260096K, used 110901K [0x0000000080000000, 0x0000000100000000)
  region size 1024K, 86 young (88064K), 2 survivors (2048K)
 Metaspace       used 34712K, capacity 35624K, committed 35708K, reserved 1081344K
  class space    used 4522K, capacity 4864K, committed 4864K, reserved 1048576K
}
Event: 3.789 GC heap after
{Heap after GC invocations=5 (full 0):
 garbage-first heap   total 260096K, used 33924K [0x0000000080000000, 0x0000000100000000)
  region size 1024K, 9 young (9216K), 9 survivors (9216K)
 Metaspace       used 34712K, capacity 35624K, committed 35708K, reserved 1081344K
  class space    used 4522K, capacity 4864K, committed 4864K, reserved 1048576K
}
Event: 4.867 GC heap before
{Heap before GC invocations=6 (full 0):
 garbage-first heap   total 260096K, used 142468K [0x0000000080000000, 0x0000000100000000)
  region size 1024K, 105 young (107520K), 9 survivors (9216K)
 Metaspace       used 43698K, capacity 44959K, committed 45052K, reserved 1089536K
  class space    used 5597K, capacity 6009K, committed 6016K, reserved 1048576K
}
Event: 4.874 GC heap after
{Heap after GC invocations=7 (full 0):
 garbage-first heap   total 260096K, used 48191K [0x0000000080000000, 0x0000000100000000)
  region size 1024K, 14 young (14336K), 14 survivors (14336K)
 Metaspace       used 43698K, capacity 44959K, committed 45052K, reserved 1089536K
  class space    used 5597K, capacity 6009K, committed 6016K, reserved 1048576K
}
Event: 6.290 GC heap before
{Heap before GC invocations=7 (full 0):
 garbage-first heap   total 260096K, used 191551K [0x0000000080000000, 0x0000000100000000)
  region size 1024K, 152 young (155648K), 14 survivors (14336K)
 Metaspace       used 56491K, capacity 58136K, committed 58364K, reserved 1099776K
  class space    used 7237K, capacity 7772K, committed 7808K, reserved 1048576K
}
Event: 6.306 GC heap after
{Heap after GC invocations=8 (full 0):
 garbage-first heap   total 260096K, used 62058K [0x0000000080000000, 0x0000000100000000)
  region size 1024K, 18 young (18432K), 18 survivors (18432K)
 Metaspace       used 56491K, capacity 58136K, committed 58364K, reserved 1099776K
  class space    used 7237K, capacity 7772K, committed 7808K, reserved 1048576K
}
Event: 6.408 GC heap before
{Heap before GC invocations=8 (full 0):
 garbage-first heap   total 260096K, used 75370K [0x0000000080000000, 0x0000000100000000)
  region size 1024K, 33 young (33792K), 18 survivors (18432K)
 Metaspace       used 57808K, capacity 59523K, committed 59728K, reserved 1101824K
  class space    used 7390K, capacity 7935K, committed 7936K, reserved 1048576K
}
Event: 6.419 GC heap after
{Heap after GC invocations=9 (full 0):
 garbage-first heap   total 260096K, used 63541K [0x0000000080000000, 0x0000000100000000)
  region size 1024K, 13 young (13312K), 13 survivors (13312K)
 Metaspace       used 57808K, capacity 59523K, committed 59728K, reserved 1101824K
  class space    used 7390K, capacity 7935K, committed 7936K, reserved 1048576K
}

Deoptimization events (20 events):
Event: 6.694 Thread 0x000002162b1d3000 Uncommon trap: trap_request=0xffffff4d fr.pc=0x000002161939721c relative=0x00000000000001dc
Event: 6.694 Thread 0x000002162b1d3000 Uncommon trap: reason=unstable_if action=reinterpret pc=0x000002161939721c method=java.lang.AbstractStringBuilder.isLatin1()Z @ 10 c2
Event: 6.694 Thread 0x000002162b1d3000 DEOPT PACKING pc=0x000002161939721c sp=0x00000053776f6980
Event: 6.694 Thread 0x000002162b1d3000 DEOPT UNPACKING pc=0x00000216118c74af sp=0x00000053776f68c0 mode 2
Event: 6.694 Thread 0x000002162b1d3000 Uncommon trap: trap_request=0xffffff4d fr.pc=0x00000216193dd8c0 relative=0x0000000000000380
Event: 6.694 Thread 0x000002162b1d3000 Uncommon trap: reason=unstable_if action=reinterpret pc=0x00000216193dd8c0 method=java.lang.AbstractStringBuilder.isLatin1()Z @ 10 c2
Event: 6.694 Thread 0x000002162b1d3000 DEOPT PACKING pc=0x00000216193dd8c0 sp=0x00000053776f6ab0
Event: 6.694 Thread 0x000002162b1d3000 DEOPT UNPACKING pc=0x00000216118c74af sp=0x00000053776f6a30 mode 2
Event: 6.694 Thread 0x000002162b1d3000 Uncommon trap: trap_request=0xffffff4d fr.pc=0x00000216193b72a4 relative=0x0000000000000464
Event: 6.694 Thread 0x000002162b1d3000 Uncommon trap: reason=unstable_if action=reinterpret pc=0x00000216193b72a4 method=java.lang.AbstractStringBuilder.putStringAt(ILjava/lang/String;)V @ 8 c2
Event: 6.694 Thread 0x000002162b1d3000 DEOPT PACKING pc=0x00000216193b72a4 sp=0x00000053776f6710
Event: 6.694 Thread 0x000002162b1d3000 DEOPT UNPACKING pc=0x00000216118c74af sp=0x00000053776f6670 mode 2
Event: 6.694 Thread 0x000002162b1d3000 Uncommon trap: trap_request=0xffffff4d fr.pc=0x00000216193b9518 relative=0x0000000000000458
Event: 6.694 Thread 0x000002162b1d3000 Uncommon trap: reason=unstable_if action=reinterpret pc=0x00000216193b9518 method=java.lang.String.substring(II)Ljava/lang/String; @ 31 c2
Event: 6.694 Thread 0x000002162b1d3000 DEOPT PACKING pc=0x00000216193b9518 sp=0x00000053776f66a0
Event: 6.695 Thread 0x000002162b1d3000 DEOPT UNPACKING pc=0x00000216118c74af sp=0x00000053776f6658 mode 2
Event: 6.695 Thread 0x000002162b1d3000 Uncommon trap: trap_request=0xffffff4d fr.pc=0x000002161939f06c relative=0x00000000000000cc
Event: 6.695 Thread 0x000002162b1d3000 Uncommon trap: reason=unstable_if action=reinterpret pc=0x000002161939f06c method=java.lang.String.getBytes([BIB)V @ 5 c2
Event: 6.695 Thread 0x000002162b1d3000 DEOPT PACKING pc=0x000002161939f06c sp=0x00000053776f6690
Event: 6.695 Thread 0x000002162b1d3000 DEOPT UNPACKING pc=0x00000216118c74af sp=0x00000053776f6638 mode 2

Classes redefined (0 events):
No events

Internal exceptions (20 events):
Event: 6.819 Thread 0x000002162b1d3000 Exception <a 'java/lang/ClassNotFoundException'{0x000000008c5061e8}: com/android/build/gradle/internal/dsl/BuildTypeCustomizer> (0x000000008c5061e8) thrown at [./src/hotspot/share/classfile/systemDictionary.cpp, line 231]
Event: 6.821 Thread 0x000002162b1d3000 Exception <a 'java/lang/ClassNotFoundException'{0x000000008c58d000}: com/android/build/gradle/internal/dsl/BuildType_DecoratedCustomizer> (0x000000008c58d000) thrown at [./src/hotspot/share/classfile/systemDictionary.cpp, line 231]
Event: 6.825 Thread 0x000002162b1d3000 Exception <a 'java/lang/ClassNotFoundException'{0x000000008c44a960}: build_2bipj3o9krlhk8v0fi17xcigh$_run_closure1$_closure4BeanInfo> (0x000000008c44a960) thrown at [./src/hotspot/share/classfile/systemDictionary.cpp, line 231]
Event: 6.825 Thread 0x000002162b1d3000 Exception <a 'java/lang/ClassNotFoundException'{0x000000008c45abe8}: build_2bipj3o9krlhk8v0fi17xcigh$_run_closure1$_closure4Customizer> (0x000000008c45abe8) thrown at [./src/hotspot/share/classfile/systemDictionary.cpp, line 231]
Event: 6.827 Thread 0x000002162b1d3000 Exception <a 'java/lang/ClassNotFoundException'{0x000000008c482a68}: build_2bipj3o9krlhk8v0fi17xcigh$_run_closure1BeanInfo> (0x000000008c482a68) thrown at [./src/hotspot/share/classfile/systemDictionary.cpp, line 231]
Event: 6.828 Thread 0x000002162b1d3000 Exception <a 'java/lang/ClassNotFoundException'{0x000000008c492470}: build_2bipj3o9krlhk8v0fi17xcigh$_run_closure1Customizer> (0x000000008c492470) thrown at [./src/hotspot/share/classfile/systemDictionary.cpp, line 231]
Event: 6.832 Thread 0x000002162b1d3000 Exception <a 'java/lang/ClassNotFoundException'{0x000000008c4e9fb8}: org/gradle/api/JavaVersionBeanInfo> (0x000000008c4e9fb8) thrown at [./src/hotspot/share/classfile/systemDictionary.cpp, line 231]
Event: 6.832 Thread 0x000002162b1d3000 Exception <a 'java/lang/ClassNotFoundException'{0x000000008c4f5470}: java/lang/EnumBeanInfo> (0x000000008c4f5470) thrown at [./src/hotspot/share/classfile/systemDictionary.cpp, line 231]
Event: 6.832 Thread 0x000002162b1d3000 Exception <a 'java/lang/ClassNotFoundException'{0x000000008c300ea0}: java/lang/EnumCustomizer> (0x000000008c300ea0) thrown at [./src/hotspot/share/classfile/systemDictionary.cpp, line 231]
Event: 6.834 Thread 0x000002162b1d3000 Exception <a 'java/lang/ClassNotFoundException'{0x000000008c32bff0}: org/gradle/api/JavaVersionCustomizer> (0x000000008c32bff0) thrown at [./src/hotspot/share/classfile/systemDictionary.cpp, line 231]
Event: 6.836 Thread 0x000002162b1d3000 Exception <a 'java/lang/ClassNotFoundException'{0x000000008c37b060}: com/android/build/gradle/internal/CompileOptions_DecoratedBeanInfo> (0x000000008c37b060) thrown at [./src/hotspot/share/classfile/systemDictionary.cpp, line 231]
Event: 6.836 Thread 0x000002162b1d3000 Exception <a 'java/lang/ClassNotFoundException'{0x000000008c391a18}: com/android/build/gradle/internal/CompileOptionsBeanInfo> (0x000000008c391a18) thrown at [./src/hotspot/share/classfile/systemDictionary.cpp, line 231]
Event: 6.836 Thread 0x000002162b1d3000 Exception <a 'java/lang/ClassNotFoundException'{0x000000008c3a8700}: com/android/build/gradle/internal/CompileOptionsCustomizer> (0x000000008c3a8700) thrown at [./src/hotspot/share/classfile/systemDictionary.cpp, line 231]
Event: 6.837 Thread 0x000002162b1d3000 Exception <a 'java/lang/ClassNotFoundException'{0x000000008c3cbad0}: com/android/build/gradle/internal/CompileOptions_DecoratedCustomizer> (0x000000008c3cbad0) thrown at [./src/hotspot/share/classfile/systemDictionary.cpp, line 231]
Event: 7.275 Thread 0x000002162b1d3000 Exception <a 'java/lang/ClassNotFoundException'{0x0000000089b6d4f8}: com/android/build/gradle/internal/api/ApkVariantOutputImpl_DecoratedBeanInfo> (0x0000000089b6d4f8) thrown at [./src/hotspot/share/classfile/systemDictionary.cpp, line 231]
Event: 7.275 Thread 0x000002162b1d3000 Exception <a 'java/lang/ClassNotFoundException'{0x0000000089b83998}: com/android/build/gradle/internal/api/ApkVariantOutputImplBeanInfo> (0x0000000089b83998) thrown at [./src/hotspot/share/classfile/systemDictionary.cpp, line 231]
Event: 7.275 Thread 0x000002162b1d3000 Exception <a 'java/lang/ClassNotFoundException'{0x0000000089b9a218}: com/android/build/gradle/internal/api/BaseVariantOutputImplBeanInfo> (0x0000000089b9a218) thrown at [./src/hotspot/share/classfile/systemDictionary.cpp, line 231]
Event: 7.276 Thread 0x000002162b1d3000 Exception <a 'java/lang/ClassNotFoundException'{0x0000000089bb0ac0}: com/android/build/gradle/internal/api/BaseVariantOutputImplCustomizer> (0x0000000089bb0ac0) thrown at [./src/hotspot/share/classfile/systemDictionary.cpp, line 231]
Event: 7.276 Thread 0x000002162b1d3000 Exception <a 'java/lang/ClassNotFoundException'{0x0000000089bd9a40}: com/android/build/gradle/internal/api/ApkVariantOutputImplCustomizer> (0x0000000089bd9a40) thrown at [./src/hotspot/share/classfile/systemDictionary.cpp, line 231]
Event: 7.277 Thread 0x000002162b1d3000 Exception <a 'java/lang/ClassNotFoundException'{0x0000000089bfe9a0}: com/android/build/gradle/internal/api/ApkVariantOutputImpl_DecoratedCustomizer> (0x0000000089bfe9a0) thrown at [./src/hotspot/share/classfile/systemDictionary.cpp, line 231]

Events (20 events):
Event: 7.353 loading class kotlin/jvm/functions/Function16
Event: 7.353 loading class kotlin/jvm/functions/Function16 done
Event: 7.353 loading class kotlin/jvm/functions/Function17
Event: 7.353 loading class kotlin/jvm/functions/Function17 done
Event: 7.353 loading class kotlin/jvm/functions/Function18
Event: 7.353 loading class kotlin/jvm/functions/Function18 done
Event: 7.354 loading class kotlin/jvm/functions/Function19
Event: 7.354 loading class kotlin/jvm/functions/Function19 done
Event: 7.354 loading class kotlin/jvm/functions/Function20
Event: 7.354 loading class kotlin/jvm/functions/Function20 done
Event: 7.354 loading class kotlin/jvm/functions/Function21
Event: 7.354 loading class kotlin/jvm/functions/Function21 done
Event: 7.354 loading class kotlin/jvm/functions/Function22
Event: 7.354 loading class kotlin/jvm/functions/Function22 done
Event: 7.355 loading class kotlin/reflect/jvm/internal/impl/builtins/jvm/JavaToKotlinClassMap
Event: 7.355 loading class kotlin/reflect/jvm/internal/impl/builtins/jvm/JavaToKotlinClassMap done
Event: 7.357 loading class kotlin/reflect/jvm/internal/impl/builtins/functions/FunctionClassDescriptor$Kind
Event: 7.357 loading class kotlin/reflect/jvm/internal/impl/builtins/functions/FunctionClassDescriptor$Kind done
Event: 7.358 loading class kotlin/reflect/jvm/internal/impl/builtins/KotlinBuiltIns
Event: 7.358 loading class kotlin/reflect/jvm/internal/impl/builtins/KotlinBuiltIns done


Dynamic libraries:
0x00007ff7f10a0000 - 0x00007ff7f10aa000 	C:\Program Files\Android\Android Studio\jre\bin\java.exe
0x00007ffda6b70000 - 0x00007ffda6d65000 	C:\WINDOWS\SYSTEM32\ntdll.dll
0x00007ffda6a70000 - 0x00007ffda6b2d000 	C:\WINDOWS\System32\KERNEL32.DLL
0x00007ffda47c0000 - 0x00007ffda4a89000 	C:\WINDOWS\System32\KERNELBASE.dll
0x00007ffda4330000 - 0x00007ffda4430000 	C:\WINDOWS\System32\ucrtbase.dll
0x00007ffd9a850000 - 0x00007ffd9a869000 	C:\Program Files\Android\Android Studio\jre\bin\jli.dll
0x00007ffd83180000 - 0x00007ffd83197000 	C:\Program Files\Android\Android Studio\jre\bin\VCRUNTIME140.dll
0x00007ffda57e0000 - 0x00007ffda5980000 	C:\WINDOWS\System32\USER32.dll
0x00007ffda4300000 - 0x00007ffda4322000 	C:\WINDOWS\System32\win32u.dll
0x00007ffda51b0000 - 0x00007ffda51da000 	C:\WINDOWS\System32\GDI32.dll
0x00007ffd85980000 - 0x00007ffd85c1a000 	C:\WINDOWS\WinSxS\amd64_microsoft.windows.common-controls_6595b64144ccf1df_6.0.19041.1110_none_60b5254171f9507e\COMCTL32.dll
0x00007ffda4590000 - 0x00007ffda469b000 	C:\WINDOWS\System32\gdi32full.dll
0x00007ffda4b40000 - 0x00007ffda4bdd000 	C:\WINDOWS\System32\msvcp_win.dll
0x00007ffda4f70000 - 0x00007ffda500e000 	C:\WINDOWS\System32\msvcrt.dll
0x00007ffda6150000 - 0x00007ffda6180000 	C:\WINDOWS\System32\IMM32.DLL
0x00007ffd65190000 - 0x00007ffd6522d000 	C:\Program Files\Android\Android Studio\jre\bin\msvcp140.dll
0x00007ffd50570000 - 0x00007ffd5102c000 	C:\Program Files\Android\Android Studio\jre\bin\server\jvm.dll
0x00007ffda5980000 - 0x00007ffda5a2c000 	C:\WINDOWS\System32\ADVAPI32.dll
0x00007ffda5100000 - 0x00007ffda519b000 	C:\WINDOWS\System32\sechost.dll
0x00007ffda5620000 - 0x00007ffda574a000 	C:\WINDOWS\System32\RPCRT4.dll
0x00007ffda5ae0000 - 0x00007ffda5ae8000 	C:\WINDOWS\System32\PSAPI.DLL
0x00007ffd8b460000 - 0x00007ffd8b469000 	C:\WINDOWS\SYSTEM32\WSOCK32.dll
0x00007ffda0bc0000 - 0x00007ffda0be7000 	C:\WINDOWS\SYSTEM32\WINMM.dll
0x00007ffd9c0c0000 - 0x00007ffd9c0ca000 	C:\WINDOWS\SYSTEM32\VERSION.dll
0x00007ffda4d10000 - 0x00007ffda4d7b000 	C:\WINDOWS\System32\WS2_32.dll
0x00007ffda2b70000 - 0x00007ffda2b82000 	C:\WINDOWS\SYSTEM32\kernel.appcore.dll
0x00007ffd9d450000 - 0x00007ffd9d461000 	C:\Program Files\Android\Android Studio\jre\bin\verify.dll
0x00007ffda2890000 - 0x00007ffda2a74000 	C:\WINDOWS\SYSTEM32\DBGHELP.DLL
0x00007ffda0b90000 - 0x00007ffda0bbc000 	C:\WINDOWS\SYSTEM32\dbgcore.DLL
0x00007ffda4730000 - 0x00007ffda47b3000 	C:\WINDOWS\System32\bcryptPrimitives.dll
0x00007ffd8d370000 - 0x00007ffd8d399000 	C:\Program Files\Android\Android Studio\jre\bin\java.dll
0x00007ffd9d190000 - 0x00007ffd9d19b000 	C:\Program Files\Android\Android Studio\jre\bin\jimage.dll
0x00007ffd98090000 - 0x00007ffd980a8000 	C:\Program Files\Android\Android Studio\jre\bin\zip.dll
0x00007ffda6330000 - 0x00007ffda6a6f000 	C:\WINDOWS\System32\SHELL32.dll
0x00007ffda2030000 - 0x00007ffda27c1000 	C:\WINDOWS\SYSTEM32\windows.storage.dll
0x00007ffda51e0000 - 0x00007ffda5535000 	C:\WINDOWS\System32\combase.dll
0x00007ffda3d20000 - 0x00007ffda3d4c000 	C:\WINDOWS\SYSTEM32\Wldp.dll
0x00007ffda5a30000 - 0x00007ffda5ade000 	C:\WINDOWS\System32\SHCORE.dll
0x00007ffda4da0000 - 0x00007ffda4df5000 	C:\WINDOWS\System32\shlwapi.dll
0x00007ffda41f0000 - 0x00007ffda420f000 	C:\WINDOWS\SYSTEM32\profapi.dll
0x00007ffd90580000 - 0x00007ffd9059a000 	C:\Program Files\Android\Android Studio\jre\bin\net.dll
0x00007ffd9d930000 - 0x00007ffd9da3a000 	C:\WINDOWS\SYSTEM32\WINHTTP.dll
0x00007ffda3a80000 - 0x00007ffda3aea000 	C:\WINDOWS\system32\mswsock.dll
0x00007ffd8cf40000 - 0x00007ffd8cf54000 	C:\Program Files\Android\Android Studio\jre\bin\nio.dll
0x00007ffd847c0000 - 0x00007ffd847e7000 	C:\Users\MMlCd\.gradle\native\fdc75f09e3144964f2cf3f50f0aa648679c211496f362492102eb8c894070792\windows-amd64\native-platform.dll
0x00007ffd684c0000 - 0x00007ffd68656000 	C:\Users\MMlCd\.gradle\native\12488b8bf47d2d4c9fbf2f6322a914ad602e24e48041cd04a747c6da556b65c4\windows-amd64\native-platform-file-events.dll
0x00007ffd9c890000 - 0x00007ffd9c89a000 	C:\Program Files\Android\Android Studio\jre\bin\management.dll
0x00007ffd9c030000 - 0x00007ffd9c03c000 	C:\Program Files\Android\Android Studio\jre\bin\management_ext.dll
0x00007ffda3c60000 - 0x00007ffda3c78000 	C:\WINDOWS\SYSTEM32\CRYPTSP.dll
0x00007ffda33b0000 - 0x00007ffda33e4000 	C:\WINDOWS\system32\rsaenh.dll
0x00007ffda4700000 - 0x00007ffda4727000 	C:\WINDOWS\System32\bcrypt.dll
0x00007ffda4170000 - 0x00007ffda419e000 	C:\WINDOWS\SYSTEM32\USERENV.dll
0x00007ffda3c80000 - 0x00007ffda3c8c000 	C:\WINDOWS\SYSTEM32\CRYPTBASE.dll
0x00007ffda3720000 - 0x00007ffda375b000 	C:\WINDOWS\SYSTEM32\IPHLPAPI.DLL
0x00007ffda51a0000 - 0x00007ffda51a8000 	C:\WINDOWS\System32\NSI.dll
0x00007ffd9a9e0000 - 0x00007ffd9a9f7000 	C:\WINDOWS\SYSTEM32\dhcpcsvc6.DLL
0x00007ffd9b070000 - 0x00007ffd9b08d000 	C:\WINDOWS\SYSTEM32\dhcpcsvc.DLL
0x00007ffda3770000 - 0x00007ffda383c000 	C:\WINDOWS\SYSTEM32\DNSAPI.dll
0x00007ffd9da40000 - 0x00007ffd9da4b000 	C:\WINDOWS\SYSTEM32\WINNSI.DLL

dbghelp: loaded successfully - version: 4.0.5 - missing functions: none
symbol engine: initialized successfully - sym options: 0x614 - pdb path: .;C:\Program Files\Android\Android Studio\jre\bin;C:\WINDOWS\SYSTEM32;C:\WINDOWS\WinSxS\amd64_microsoft.windows.common-controls_6595b64144ccf1df_6.0.19041.1110_none_60b5254171f9507e;C:\Program Files\Android\Android Studio\jre\bin\server;C:\Users\MMlCd\.gradle\native\fdc75f09e3144964f2cf3f50f0aa648679c211496f362492102eb8c894070792\windows-amd64;C:\Users\MMlCd\.gradle\native\12488b8bf47d2d4c9fbf2f6322a914ad602e24e48041cd04a747c6da556b65c4\windows-amd64

VM Arguments:
jvm_args: --add-opens=java.base/java.util=ALL-UNNAMED --add-opens=java.base/java.lang=ALL-UNNAMED --add-opens=java.base/java.lang.invoke=ALL-UNNAMED --add-opens=java.prefs/java.util.prefs=ALL-UNNAMED -Xmx2048m -Dfile.encoding=UTF-8 -Duser.country=JP -Duser.language=ja -Duser.variant 
java_command: org.gradle.launcher.daemon.bootstrap.GradleDaemon 6.7.1
java_class_path (initial): C:\Users\MMlCd\.gradle\wrapper\dists\gradle-6.7.1-bin\bwlcbys1h7rz3272sye1xwiv6\gradle-6.7.1\lib\gradle-launcher-6.7.1.jar
Launcher Type: SUN_STANDARD

[Global flags]
     intx CICompilerCount                          = 4                                         {product} {ergonomic}
     uint ConcGCThreads                            = 3                                         {product} {ergonomic}
     uint G1ConcRefinementThreads                  = 10                                        {product} {ergonomic}
   size_t G1HeapRegionSize                         = 1048576                                   {product} {ergonomic}
    uintx GCDrainStackTargetSize                   = 64                                        {product} {ergonomic}
   size_t InitialHeapSize                          = 266338304                                 {product} {ergonomic}
   size_t MarkStackSize                            = 4194304                                   {product} {ergonomic}
   size_t MaxHeapSize                              = 2147483648                                {product} {command line}
   size_t MaxNewSize                               = 1287651328                                {product} {ergonomic}
   size_t MinHeapDeltaBytes                        = 1048576                                   {product} {ergonomic}
    uintx NonNMethodCodeHeapSize                   = 5836300                                {pd product} {ergonomic}
    uintx NonProfiledCodeHeapSize                  = 122910970                              {pd product} {ergonomic}
    uintx ProfiledCodeHeapSize                     = 122910970                              {pd product} {ergonomic}
    uintx ReservedCodeCacheSize                    = 251658240                              {pd product} {ergonomic}
     bool SegmentedCodeCache                       = true                                      {product} {ergonomic}
     bool UseCompressedClassPointers               = true                                 {lp64_product} {ergonomic}
     bool UseCompressedOops                        = true                                 {lp64_product} {ergonomic}
     bool UseG1GC                                  = true                                      {product} {ergonomic}
     bool UseLargePagesIndividualAllocation        = false                                  {pd product} {ergonomic}

Logging:
Log output configuration:
 #0: stdout all=warning uptime,level,tags
 #1: stderr all=off uptime,level,tags

Environment Variables:
PATH=C:\Program Files\Common Files\Oracle\Java\javapath;C:\Windows\system32;C:\Windows;C:\Windows\System32\Wbem;C:\Windows\System32\WindowsPowerShell\v1.0\;C:\Windows\System32\OpenSSH\;C:\Program Files\Intel\WiFi\bin\;C:\Program Files\Common Files\Intel\WirelessCommon\;C:\Program Files (x86)\NVIDIA Corporation\PhysX\Common;C:\Program Files\NVIDIA Corporation\NVIDIA NvDLISR;C:\WINDOWS\system32;C:\WINDOWS;C:\WINDOWS\System32\Wbem;C:\WINDOWS\System32\WindowsPowerShell\v1.0\;C:\WINDOWS\System32\OpenSSH\;C:\Program Files\Java\jdk-16\bin;C:\Program Files\Git\cmd;E:\Program Files\bin;C:\Users\MMlCd\AppData\Local\Microsoft\WindowsApps
USERNAME=MMlCd
OS=Windows_NT
PROCESSOR_IDENTIFIER=Intel64 Family 6 Model 158 Stepping 10, GenuineIntel



---------------  S Y S T E M  ---------------

OS: Windows 10 , 64 bit Build 19041 (10.0.19041.1023)
OS uptime: 7 days 3:31 hours

CPU:total 12 (initial active 12) (6 cores per cpu, 2 threads per core) family 6 model 158 stepping 10, cmov, cx8, fxsr, mmx, sse, sse2, sse3, ssse3, sse4.1, sse4.2, popcnt, avx, avx2, aes, clmul, erms, 3dnowpref, lzcnt, ht, tsc, tscinvbit, bmi1, bmi2, adx, fma

Memory: 4k page, system-wide physical 16196M (1758M free)
TotalPageFile size 29334M (AvailPageFile size 5M)
current process WorkingSet (physical memory assigned to process): 464M, peak: 464M
current process commit charge ("private bytes"): 544M, peak: 546M

vm_info: OpenJDK 64-Bit Server VM (11.0.8+10-b944.6842174) for windows-amd64 JRE (11.0.8+10-b944.6842174), built on Sep 19 2020 01:11:42 by "builder" with MS VC++ 14.0 (VS2015)

END.
