#
# There is insufficient memory for the Java Runtime Environment to continue.
# Native memory allocation (malloc) failed to allocate 1172976 bytes for Chunk::new
# Possible reasons:
#   The system is out of physical RAM or swap space
#   The process is running with CompressedOops enabled, and the Java Heap may be blocking the growth of the native heap
# Possible solutions:
#   Reduce memory load on the system
#   Increase physical memory or swap space
#   Check if swap backing store is full
#   Decrease Java heap size (-Xmx/-Xms)
#   Decrease number of Java threads
#   Decrease Java thread stack sizes (-Xss)
#   Set larger code cache with -XX:ReservedCodeCacheSize=
#   JVM is running with Unscaled Compressed Oops mode in which the Java heap is
#     placed in the first 4GB address space. The Java Heap base address is the
#     maximum limit for the native heap growth. Please use -XX:HeapBaseMinAddress
#     to set the Java Heap base and to place the Java Heap above 4GB virtual address.
# This output file may be truncated or incomplete.
#
#  Out of Memory Error (./src/hotspot/share/memory/arena.cpp:197), pid=7788, tid=25800
#
# JRE version: OpenJDK Runtime Environment (11.0.8+10) (build 11.0.8+10-b944.6842174)
# Java VM: OpenJDK 64-Bit Server VM (11.0.8+10-b944.6842174, mixed mode, tiered, compressed oops, g1 gc, windows-amd64)
# No core dump will be written. Minidumps are not enabled by default on client versions of Windows
#

---------------  S U M M A R Y ------------

Command Line: --add-opens=java.base/java.util=ALL-UNNAMED --add-opens=java.base/java.lang=ALL-UNNAMED --add-opens=java.base/java.lang.invoke=ALL-UNNAMED --add-opens=java.prefs/java.util.prefs=ALL-UNNAMED -Xmx2048m -Dfile.encoding=UTF-8 -Duser.country=JP -Duser.language=ja -Duser.variant org.gradle.launcher.daemon.bootstrap.GradleDaemon 6.7.1

Host: Intel(R) Core(TM) i7-9750H CPU @ 2.60GHz, 12 cores, 15G,  Windows 10 , 64 bit Build 19041 (10.0.19041.1023)
Time: Wed Jul 28 15:35:14 2021 “Œ‹ž (•W€Žž) elapsed time: 4 seconds (0d 0h 0m 4s)

---------------  T H R E A D  ---------------

Current thread (0x00000197f03ee000):  JavaThread "C2 CompilerThread1" daemon [_thread_in_native, id=25800, stack(0x0000002729900000,0x0000002729a00000)]


Current CompileTask:
C2:   4082 2685  s!   4       jdk.internal.loader.URLClassPath::getLoader (194 bytes)

Stack: [0x0000002729900000,0x0000002729a00000]
Native frames: (J=compiled Java code, j=interpreted, Vv=VM code, C=native code)
V  [jvm.dll+0x5de50a]
V  [jvm.dll+0x7122f5]
V  [jvm.dll+0x71384d]
V  [jvm.dll+0x713f03]
V  [jvm.dll+0x23e728]
V  [jvm.dll+0xb899c]
V  [jvm.dll+0xb8e9c]
V  [jvm.dll+0x35024d]
V  [jvm.dll+0x31dea3]
V  [jvm.dll+0x31d39a]
V  [jvm.dll+0x1f7702]
V  [jvm.dll+0x1f68d4]
V  [jvm.dll+0x17f32c]
V  [jvm.dll+0x205047]
V  [jvm.dll+0x203891]
V  [jvm.dll+0x6dad3f]
V  [jvm.dll+0x6d3895]
V  [jvm.dll+0x5dd4a6]
C  [ucrtbase.dll+0x21bb2]
C  [KERNEL32.DLL+0x17034]
C  [ntdll.dll+0x52651]


---------------  P R O C E S S  ---------------

Threads class SMR info:
_java_thread_list=0x00000197eecd75d0, length=52, elements={
0x00000197d26c8000, 0x00000197ede84800, 0x00000197ede85800, 0x00000197edeee800,
0x00000197edef0000, 0x00000197edef1000, 0x00000197edefd000, 0x00000197edf22000,
0x00000197ee08e000, 0x00000197ee0ab000, 0x00000197f022a000, 0x00000197eece9800,
0x00000197ef909000, 0x00000197f02aa000, 0x00000197eedf3800, 0x00000197f0229000,
0x00000197eface000, 0x00000197f03ee000, 0x00000197f0bf5800, 0x00000197ef8d0800,
0x00000197ef9f5800, 0x00000197efdad000, 0x00000197efda7800, 0x00000197efda9800,
0x00000197efdae000, 0x00000197efda9000, 0x00000197efda8000, 0x00000197efdaa800,
0x00000197efdab800, 0x00000197efdac000, 0x00000197f1fd1000, 0x00000197f1fcc000,
0x00000197f1fce800, 0x00000197f1fd1800, 0x00000197f1fcc800, 0x00000197f1fd2800,
0x00000197f21ab800, 0x00000197f1fcf000, 0x00000197f1fd3000, 0x00000197f1fcd800,
0x00000197f1fd4000, 0x00000197f1fd0000, 0x00000197f1fd8000, 0x00000197f1fd5800,
0x00000197f1fd9000, 0x00000197f1fd7800, 0x00000197f1fd9800, 0x00000197f1fd5000,
0x00000197f1fda800, 0x00000197f1fd6800, 0x00000197f3bd9800, 0x00000197f3bd5800
}

Java Threads: ( => current thread )
  0x00000197d26c8000 JavaThread "main" [_thread_blocked, id=38660, stack(0x0000002727a00000,0x0000002727b00000)]
  0x00000197ede84800 JavaThread "Reference Handler" daemon [_thread_blocked, id=14828, stack(0x0000002728100000,0x0000002728200000)]
  0x00000197ede85800 JavaThread "Finalizer" daemon [_thread_blocked, id=22996, stack(0x0000002728200000,0x0000002728300000)]
  0x00000197edeee800 JavaThread "Signal Dispatcher" daemon [_thread_blocked, id=18972, stack(0x0000002728300000,0x0000002728400000)]
  0x00000197edef0000 JavaThread "Attach Listener" daemon [_thread_blocked, id=23588, stack(0x0000002728400000,0x0000002728500000)]
  0x00000197edef1000 JavaThread "C2 CompilerThread0" daemon [_thread_blocked, id=38576, stack(0x0000002728500000,0x0000002728600000)]
  0x00000197edefd000 JavaThread "C1 CompilerThread0" daemon [_thread_blocked, id=17856, stack(0x0000002728600000,0x0000002728700000)]
  0x00000197edf22000 JavaThread "Sweeper thread" daemon [_thread_blocked, id=36772, stack(0x0000002728700000,0x0000002728800000)]
  0x00000197ee08e000 JavaThread "Common-Cleaner" daemon [_thread_blocked, id=20184, stack(0x0000002728800000,0x0000002728900000)]
  0x00000197ee0ab000 JavaThread "Service Thread" daemon [_thread_blocked, id=38648, stack(0x0000002728900000,0x0000002728a00000)]
  0x00000197f022a000 JavaThread "Daemon health stats" [_thread_blocked, id=16932, stack(0x0000002729200000,0x0000002729300000)]
  0x00000197eece9800 JavaThread "Incoming local TCP Connector on port 64145" [_thread_in_native, id=11680, stack(0x0000002729300000,0x0000002729400000)]
  0x00000197ef909000 JavaThread "Daemon periodic checks" [_thread_blocked, id=11316, stack(0x0000002729400000,0x0000002729500000)]
  0x00000197f02aa000 JavaThread "Daemon" [_thread_blocked, id=21628, stack(0x0000002729500000,0x0000002729600000)]
  0x00000197eedf3800 JavaThread "Handler for socket connection from /127.0.0.1:64145 to /127.0.0.1:64146" [_thread_in_native, id=31120, stack(0x0000002729600000,0x0000002729700000)]
  0x00000197f0229000 JavaThread "Cancel handler" [_thread_blocked, id=35112, stack(0x0000002729700000,0x0000002729800000)]
  0x00000197eface000 JavaThread "Daemon worker" [_thread_in_vm, id=8648, stack(0x0000002729800000,0x0000002729900000)]
=>0x00000197f03ee000 JavaThread "C2 CompilerThread1" daemon [_thread_in_native, id=25800, stack(0x0000002729900000,0x0000002729a00000)]
  0x00000197f0bf5800 JavaThread "Asynchronous log dispatcher for DefaultDaemonConnection: socket connection from /127.0.0.1:64145 to /127.0.0.1:64146" [_thread_blocked, id=26340, stack(0x0000002729a00000,0x0000002729b00000)]
  0x00000197ef8d0800 JavaThread "Stdin handler" [_thread_blocked, id=6948, stack(0x0000002729b00000,0x0000002729c00000)]
  0x00000197ef9f5800 JavaThread "Thread-8" [_thread_blocked, id=38328, stack(0x0000002729c00000,0x0000002729d00000)]
  0x00000197efdad000 JavaThread "Cache worker for file hash cache (C:\Users\MMlCd\.gradle\caches\6.7.1\fileHashes)" [_thread_blocked, id=6536, stack(0x0000002729d00000,0x0000002729e00000)]
  0x00000197efda7800 JavaThread "File lock request listener" [_thread_in_native, id=34088, stack(0x0000002729e00000,0x0000002729f00000)]
  0x00000197efda9800 JavaThread "File lock release action executor" [_thread_blocked, id=30824, stack(0x0000002729f00000,0x000000272a000000)]
  0x00000197efdae000 JavaThread "Cache worker for journal cache (C:\Users\MMlCd\.gradle\caches\journal-1)" [_thread_blocked, id=8004, stack(0x000000272a600000,0x000000272a700000)]
  0x00000197efda9000 JavaThread "Cache worker for file hash cache (C:\Users\MMlCd\MyApplication10\.gradle\6.7.1\fileHashes)" [_thread_blocked, id=12920, stack(0x000000272a700000,0x000000272a800000)]
  0x00000197efda8000 JavaThread "jar transforms" [_thread_blocked, id=6532, stack(0x000000272a800000,0x000000272a900000)]
  0x00000197efdaa800 JavaThread "jar transforms Thread 2" [_thread_blocked, id=33300, stack(0x000000272a900000,0x000000272aa00000)]
  0x00000197efdab800 JavaThread "jar transforms Thread 3" [_thread_blocked, id=30708, stack(0x000000272aa00000,0x000000272ab00000)]
  0x00000197efdac000 JavaThread "jar transforms Thread 4" [_thread_blocked, id=33584, stack(0x000000272ab00000,0x000000272ac00000)]
  0x00000197f1fd1000 JavaThread "jar transforms Thread 5" [_thread_blocked, id=13308, stack(0x000000272ac00000,0x000000272ad00000)]
  0x00000197f1fcc000 JavaThread "jar transforms Thread 6" [_thread_blocked, id=31572, stack(0x000000272ad00000,0x000000272ae00000)]
  0x00000197f1fce800 JavaThread "jar transforms Thread 7" [_thread_blocked, id=25276, stack(0x000000272ae00000,0x000000272af00000)]
  0x00000197f1fd1800 JavaThread "jar transforms Thread 8" [_thread_blocked, id=31496, stack(0x000000272af00000,0x000000272b000000)]
  0x00000197f1fcc800 JavaThread "jar transforms Thread 9" [_thread_blocked, id=32808, stack(0x000000272b000000,0x000000272b100000)]
  0x00000197f1fd2800 JavaThread "jar transforms Thread 10" [_thread_blocked, id=27696, stack(0x000000272b100000,0x000000272b200000)]
  0x00000197f21ab800 JavaThread "C2 CompilerThread2" daemon [_thread_in_native, id=32480, stack(0x000000272b200000,0x000000272b300000)]
  0x00000197f1fcf000 JavaThread "jar transforms Thread 11" [_thread_blocked, id=23332, stack(0x000000272b300000,0x000000272b400000)]
  0x00000197f1fd3000 JavaThread "jar transforms Thread 12" [_thread_blocked, id=37240, stack(0x000000272b400000,0x000000272b500000)]
  0x00000197f1fcd800 JavaThread "jar transforms Thread 13" [_thread_blocked, id=36192, stack(0x000000272b500000,0x000000272b600000)]
  0x00000197f1fd4000 JavaThread "jar transforms Thread 14" [_thread_blocked, id=29880, stack(0x000000272b600000,0x000000272b700000)]
  0x00000197f1fd0000 JavaThread "jar transforms Thread 15" [_thread_blocked, id=34444, stack(0x000000272b700000,0x000000272b800000)]
  0x00000197f1fd8000 JavaThread "jar transforms Thread 16" [_thread_blocked, id=31840, stack(0x000000272b800000,0x000000272b900000)]
  0x00000197f1fd5800 JavaThread "jar transforms Thread 17" [_thread_blocked, id=37224, stack(0x000000272b900000,0x000000272ba00000)]
  0x00000197f1fd9000 JavaThread "jar transforms Thread 18" [_thread_blocked, id=26428, stack(0x000000272ba00000,0x000000272bb00000)]
  0x00000197f1fd7800 JavaThread "jar transforms Thread 19" [_thread_blocked, id=37456, stack(0x000000272bb00000,0x000000272bc00000)]
  0x00000197f1fd9800 JavaThread "jar transforms Thread 20" [_thread_blocked, id=36576, stack(0x000000272bc00000,0x000000272bd00000)]
  0x00000197f1fd5000 JavaThread "jar transforms Thread 21" [_thread_blocked, id=34708, stack(0x000000272bd00000,0x000000272be00000)]
  0x00000197f1fda800 JavaThread "Cache worker for checksums cache (C:\Users\MMlCd\MyApplication10\.gradle\checksums)" [_thread_blocked, id=30080, stack(0x000000272be00000,0x000000272bf00000)]
  0x00000197f1fd6800 JavaThread "Cache worker for cache directory md-supplier (C:\Users\MMlCd\.gradle\caches\6.7.1\md-supplier)" [_thread_blocked, id=16972, stack(0x000000272bf00000,0x000000272c000000)]
  0x00000197f3bd9800 JavaThread "Cache worker for cache directory md-rule (C:\Users\MMlCd\.gradle\caches\6.7.1\md-rule)" [_thread_blocked, id=24572, stack(0x000000272c000000,0x000000272c100000)]
  0x00000197f3bd5800 JavaThread "Cache worker for execution history cache (C:\Users\MMlCd\.gradle\caches\6.7.1\executionHistory)" [_thread_blocked, id=19596, stack(0x000000272c100000,0x000000272c200000)]

Other Threads:
  0x00000197ed641800 VMThread "VM Thread" [stack: 0x0000002728000000,0x0000002728100000] [id=34564]
  0x00000197ee0ac000 WatcherThread [stack: 0x0000002728a00000,0x0000002728b00000] [id=38016]
  0x00000197d26e1800 GCTaskThread "GC Thread#0" [stack: 0x0000002727b00000,0x0000002727c00000] [id=37416]
  0x00000197ef0a5800 GCTaskThread "GC Thread#1" [stack: 0x0000002728d00000,0x0000002728e00000] [id=10184]
  0x00000197eee99800 GCTaskThread "GC Thread#2" [stack: 0x0000002728e00000,0x0000002728f00000] [id=18048]
  0x00000197eefd9000 GCTaskThread "GC Thread#3" [stack: 0x0000002728f00000,0x0000002729000000] [id=29724]
  0x00000197eef69000 GCTaskThread "GC Thread#4" [stack: 0x0000002729000000,0x0000002729100000] [id=26476]
  0x00000197eea7c000 GCTaskThread "GC Thread#5" [stack: 0x0000002729100000,0x0000002729200000] [id=18004]
  0x00000197efef0800 GCTaskThread "GC Thread#6" [stack: 0x000000272a000000,0x000000272a100000] [id=34800]
  0x00000197ef3f5800 GCTaskThread "GC Thread#7" [stack: 0x000000272a100000,0x000000272a200000] [id=23444]
  0x00000197eedd6800 GCTaskThread "GC Thread#8" [stack: 0x000000272a200000,0x000000272a300000] [id=11612]
  0x00000197f1c08000 GCTaskThread "GC Thread#9" [stack: 0x000000272a300000,0x000000272a400000] [id=34792]
  0x00000197d2712800 ConcurrentGCThread "G1 Main Marker" [stack: 0x0000002727c00000,0x0000002727d00000] [id=27064]
  0x00000197d2714800 ConcurrentGCThread "G1 Conc#0" [stack: 0x0000002727d00000,0x0000002727e00000] [id=32828]
  0x00000197efa03000 ConcurrentGCThread "G1 Conc#1" [stack: 0x000000272a400000,0x000000272a500000] [id=10896]
  0x00000197eee12800 ConcurrentGCThread "G1 Conc#2" [stack: 0x000000272a500000,0x000000272a600000] [id=22244]
  0x00000197d27ae000 ConcurrentGCThread "G1 Refine#0" [stack: 0x0000002727e00000,0x0000002727f00000] [id=32864]
  0x00000197ed4ce800 ConcurrentGCThread "G1 Young RemSet Sampling" [stack: 0x0000002727f00000,0x0000002728000000] [id=10012]

Threads with active compile tasks:
C2 CompilerThread1   4112 2685  s!   4       jdk.internal.loader.URLClassPath::getLoader (194 bytes)
C2 CompilerThread2   4112 2720       4       jdk.internal.loader.URLClassPath::getResource (74 bytes)

VM state:not at safepoint (normal execution)

VM Mutex/Monitor currently owned by a thread: None

Heap address: 0x0000000080000000, size: 2048 MB, Compressed Oops mode: 32-bit
Narrow klass base: 0x0000000000000000, Narrow klass shift: 3
Compressed class space size: 1073741824 Address: 0x0000000100000000

Heap:
 garbage-first heap   total 260096K, used 89050K [0x0000000080000000, 0x0000000100000000)
  region size 1024K, 65 young (66560K), 3 survivors (3072K)
 Metaspace       used 33669K, capacity 34521K, committed 34608K, reserved 1079296K
  class space    used 4386K, capacity 4731K, committed 4736K, reserved 1048576K
Heap Regions: E=young(eden), S=young(survivor), O=old, HS=humongous(starts), HC=humongous(continues), CS=collection set, F=free, A=archive, TAMS=top-at-mark-start (previous, next)
|   0|0x0000000080000000, 0x0000000080100000, 0x0000000080100000|100%| O|  |TAMS 0x0000000080000000, 0x0000000080000000| Untracked 
|   1|0x0000000080100000, 0x0000000080200000, 0x0000000080200000|100%| O|  |TAMS 0x0000000080100000, 0x0000000080100000| Untracked 
|   2|0x0000000080200000, 0x0000000080300000, 0x0000000080300000|100%| O|  |TAMS 0x0000000080200000, 0x0000000080200000| Untracked 
|   3|0x0000000080300000, 0x0000000080400000, 0x0000000080400000|100%|HS|  |TAMS 0x0000000080400000, 0x0000000080300000| Complete 
|   4|0x0000000080400000, 0x0000000080500000, 0x0000000080500000|100%|HC|  |TAMS 0x0000000080500000, 0x0000000080400000| Complete 
|   5|0x0000000080500000, 0x0000000080600000, 0x0000000080600000|100%|HC|  |TAMS 0x0000000080600000, 0x0000000080500000| Complete 
|   6|0x0000000080600000, 0x0000000080700000, 0x0000000080700000|100%| O|  |TAMS 0x0000000080700000, 0x0000000080600000| Untracked 
|   7|0x0000000080700000, 0x0000000080800000, 0x0000000080800000|100%| O|  |TAMS 0x0000000080800000, 0x0000000080700000| Untracked 
|   8|0x0000000080800000, 0x0000000080900000, 0x0000000080900000|100%| O|  |TAMS 0x0000000080890e00, 0x0000000080800000| Untracked 
|   9|0x0000000080900000, 0x0000000080a00000, 0x0000000080a00000|100%| O|  |TAMS 0x0000000080900000, 0x0000000080900000| Untracked 
|  10|0x0000000080a00000, 0x0000000080b00000, 0x0000000080b00000|100%| O|  |TAMS 0x0000000080a00000, 0x0000000080a00000| Untracked 
|  11|0x0000000080b00000, 0x0000000080c00000, 0x0000000080c00000|100%| O|  |TAMS 0x0000000080b00000, 0x0000000080b00000| Untracked 
|  12|0x0000000080c00000, 0x0000000080d00000, 0x0000000080d00000|100%| O|  |TAMS 0x0000000080c00000, 0x0000000080c00000| Untracked 
|  13|0x0000000080d00000, 0x0000000080e00000, 0x0000000080e00000|100%| O|  |TAMS 0x0000000080d00000, 0x0000000080d00000| Untracked 
|  14|0x0000000080e00000, 0x0000000080f00000, 0x0000000080f00000|100%| O|  |TAMS 0x0000000080e00000, 0x0000000080e00000| Untracked 
|  15|0x0000000080f00000, 0x0000000080fc8c00, 0x0000000081000000| 78%| O|  |TAMS 0x0000000080f00000, 0x0000000080f00000| Untracked 
|  16|0x0000000081000000, 0x0000000081100000, 0x0000000081100000|100%|HS|  |TAMS 0x0000000081000000, 0x0000000081000000| Complete 
|  17|0x0000000081100000, 0x0000000081200000, 0x0000000081200000|100%|HC|  |TAMS 0x0000000081100000, 0x0000000081100000| Complete 
|  18|0x0000000081200000, 0x0000000081300000, 0x0000000081300000|100%|HS|  |TAMS 0x0000000081200000, 0x0000000081200000| Complete 
|  19|0x0000000081300000, 0x0000000081400000, 0x0000000081400000|100%|HC|  |TAMS 0x0000000081300000, 0x0000000081300000| Complete 
|  20|0x0000000081400000, 0x0000000081500000, 0x0000000081500000|100%|HC|  |TAMS 0x0000000081400000, 0x0000000081400000| Complete 
|  21|0x0000000081500000, 0x0000000081600000, 0x0000000081600000|100%|HS|  |TAMS 0x0000000081500000, 0x0000000081500000| Complete 
|  22|0x0000000081600000, 0x0000000081700000, 0x0000000081700000|100%|HC|  |TAMS 0x0000000081600000, 0x0000000081600000| Complete 
|  23|0x0000000081700000, 0x0000000081800000, 0x0000000081800000|100%|HC|  |TAMS 0x0000000081700000, 0x0000000081700000| Complete 
|  24|0x0000000081800000, 0x0000000081900000, 0x0000000081900000|100%|HC|  |TAMS 0x0000000081800000, 0x0000000081800000| Complete 
|  25|0x0000000081900000, 0x0000000081900000, 0x0000000081a00000|  0%| F|  |TAMS 0x0000000081900000, 0x0000000081900000| Untracked 
|  26|0x0000000081a00000, 0x0000000081a00000, 0x0000000081b00000|  0%| F|  |TAMS 0x0000000081a00000, 0x0000000081a00000| Untracked 
|  27|0x0000000081b00000, 0x0000000081b00000, 0x0000000081c00000|  0%| F|  |TAMS 0x0000000081b00000, 0x0000000081b00000| Untracked 
|  28|0x0000000081c00000, 0x0000000081c00000, 0x0000000081d00000|  0%| F|  |TAMS 0x0000000081c00000, 0x0000000081c00000| Untracked 
|  29|0x0000000081d00000, 0x0000000081d00000, 0x0000000081e00000|  0%| F|  |TAMS 0x0000000081d00000, 0x0000000081d00000| Untracked 
|  30|0x0000000081e00000, 0x0000000081e00000, 0x0000000081f00000|  0%| F|  |TAMS 0x0000000081e00000, 0x0000000081e00000| Untracked 
|  31|0x0000000081f00000, 0x0000000081f00000, 0x0000000082000000|  0%| F|  |TAMS 0x0000000081f00000, 0x0000000081f00000| Untracked 
|  32|0x0000000082000000, 0x0000000082000000, 0x0000000082100000|  0%| F|  |TAMS 0x0000000082000000, 0x0000000082000000| Untracked 
|  33|0x0000000082100000, 0x0000000082100000, 0x0000000082200000|  0%| F|  |TAMS 0x0000000082100000, 0x0000000082100000| Untracked 
|  34|0x0000000082200000, 0x0000000082200000, 0x0000000082300000|  0%| F|  |TAMS 0x0000000082200000, 0x0000000082200000| Untracked 
|  35|0x0000000082300000, 0x0000000082300000, 0x0000000082400000|  0%| F|  |TAMS 0x0000000082300000, 0x0000000082300000| Untracked 
|  36|0x0000000082400000, 0x0000000082400000, 0x0000000082500000|  0%| F|  |TAMS 0x0000000082400000, 0x0000000082400000| Untracked 
|  37|0x0000000082500000, 0x0000000082500000, 0x0000000082600000|  0%| F|  |TAMS 0x0000000082500000, 0x0000000082500000| Untracked 
|  38|0x0000000082600000, 0x0000000082600000, 0x0000000082700000|  0%| F|  |TAMS 0x0000000082600000, 0x0000000082600000| Untracked 
|  39|0x0000000082700000, 0x0000000082700000, 0x0000000082800000|  0%| F|  |TAMS 0x0000000082700000, 0x0000000082700000| Untracked 
|  40|0x0000000082800000, 0x0000000082800000, 0x0000000082900000|  0%| F|  |TAMS 0x0000000082800000, 0x0000000082800000| Untracked 
|  41|0x0000000082900000, 0x0000000082900000, 0x0000000082a00000|  0%| F|  |TAMS 0x0000000082900000, 0x0000000082900000| Untracked 
|  42|0x0000000082a00000, 0x0000000082a00000, 0x0000000082b00000|  0%| F|  |TAMS 0x0000000082a00000, 0x0000000082a00000| Untracked 
|  43|0x0000000082b00000, 0x0000000082b00000, 0x0000000082c00000|  0%| F|  |TAMS 0x0000000082b00000, 0x0000000082b00000| Untracked 
|  44|0x0000000082c00000, 0x0000000082c00000, 0x0000000082d00000|  0%| F|  |TAMS 0x0000000082c00000, 0x0000000082c00000| Untracked 
|  45|0x0000000082d00000, 0x0000000082d00000, 0x0000000082e00000|  0%| F|  |TAMS 0x0000000082d00000, 0x0000000082d00000| Untracked 
|  46|0x0000000082e00000, 0x0000000082e00000, 0x0000000082f00000|  0%| F|  |TAMS 0x0000000082e00000, 0x0000000082e00000| Untracked 
|  47|0x0000000082f00000, 0x0000000082f00000, 0x0000000083000000|  0%| F|  |TAMS 0x0000000082f00000, 0x0000000082f00000| Untracked 
|  48|0x0000000083000000, 0x0000000083000000, 0x0000000083100000|  0%| F|  |TAMS 0x0000000083000000, 0x0000000083000000| Untracked 
|  49|0x0000000083100000, 0x0000000083100000, 0x0000000083200000|  0%| F|  |TAMS 0x0000000083100000, 0x0000000083100000| Untracked 
|  50|0x0000000083200000, 0x0000000083200000, 0x0000000083300000|  0%| F|  |TAMS 0x0000000083200000, 0x0000000083200000| Untracked 
|  51|0x0000000083300000, 0x0000000083300000, 0x0000000083400000|  0%| F|  |TAMS 0x0000000083300000, 0x0000000083300000| Untracked 
|  52|0x0000000083400000, 0x0000000083400000, 0x0000000083500000|  0%| F|  |TAMS 0x0000000083400000, 0x0000000083400000| Untracked 
|  53|0x0000000083500000, 0x0000000083500000, 0x0000000083600000|  0%| F|  |TAMS 0x0000000083500000, 0x0000000083500000| Untracked 
|  54|0x0000000083600000, 0x0000000083600000, 0x0000000083700000|  0%| F|  |TAMS 0x0000000083600000, 0x0000000083600000| Untracked 
|  55|0x0000000083700000, 0x0000000083700000, 0x0000000083800000|  0%| F|  |TAMS 0x0000000083700000, 0x0000000083700000| Untracked 
|  56|0x0000000083800000, 0x0000000083800000, 0x0000000083900000|  0%| F|  |TAMS 0x0000000083800000, 0x0000000083800000| Untracked 
|  57|0x0000000083900000, 0x0000000083900000, 0x0000000083a00000|  0%| F|  |TAMS 0x0000000083900000, 0x0000000083900000| Untracked 
|  58|0x0000000083a00000, 0x0000000083a00000, 0x0000000083b00000|  0%| F|  |TAMS 0x0000000083a00000, 0x0000000083a00000| Untracked 
|  59|0x0000000083b00000, 0x0000000083b00000, 0x0000000083c00000|  0%| F|  |TAMS 0x0000000083b00000, 0x0000000083b00000| Untracked 
|  60|0x0000000083c00000, 0x0000000083c00000, 0x0000000083d00000|  0%| F|  |TAMS 0x0000000083c00000, 0x0000000083c00000| Untracked 
|  61|0x0000000083d00000, 0x0000000083d00000, 0x0000000083e00000|  0%| F|  |TAMS 0x0000000083d00000, 0x0000000083d00000| Untracked 
|  62|0x0000000083e00000, 0x0000000083e00000, 0x0000000083f00000|  0%| F|  |TAMS 0x0000000083e00000, 0x0000000083e00000| Untracked 
|  63|0x0000000083f00000, 0x0000000083f00000, 0x0000000084000000|  0%| F|  |TAMS 0x0000000083f00000, 0x0000000083f00000| Untracked 
|  64|0x0000000084000000, 0x0000000084000000, 0x0000000084100000|  0%| F|  |TAMS 0x0000000084000000, 0x0000000084000000| Untracked 
|  65|0x0000000084100000, 0x0000000084100000, 0x0000000084200000|  0%| F|  |TAMS 0x0000000084100000, 0x0000000084100000| Untracked 
|  66|0x0000000084200000, 0x0000000084200000, 0x0000000084300000|  0%| F|  |TAMS 0x0000000084200000, 0x0000000084200000| Untracked 
|  67|0x0000000084300000, 0x0000000084300000, 0x0000000084400000|  0%| F|  |TAMS 0x0000000084300000, 0x0000000084300000| Untracked 
|  68|0x0000000084400000, 0x0000000084400000, 0x0000000084500000|  0%| F|  |TAMS 0x0000000084400000, 0x0000000084400000| Untracked 
|  69|0x0000000084500000, 0x0000000084500000, 0x0000000084600000|  0%| F|  |TAMS 0x0000000084500000, 0x0000000084500000| Untracked 
|  70|0x0000000084600000, 0x0000000084600000, 0x0000000084700000|  0%| F|  |TAMS 0x0000000084600000, 0x0000000084600000| Untracked 
|  71|0x0000000084700000, 0x0000000084700000, 0x0000000084800000|  0%| F|  |TAMS 0x0000000084700000, 0x0000000084700000| Untracked 
|  72|0x0000000084800000, 0x0000000084800000, 0x0000000084900000|  0%| F|  |TAMS 0x0000000084800000, 0x0000000084800000| Untracked 
|  73|0x0000000084900000, 0x0000000084900000, 0x0000000084a00000|  0%| F|  |TAMS 0x0000000084900000, 0x0000000084900000| Untracked 
|  74|0x0000000084a00000, 0x0000000084a00000, 0x0000000084b00000|  0%| F|  |TAMS 0x0000000084a00000, 0x0000000084a00000| Untracked 
|  75|0x0000000084b00000, 0x0000000084b00000, 0x0000000084c00000|  0%| F|  |TAMS 0x0000000084b00000, 0x0000000084b00000| Untracked 
|  76|0x0000000084c00000, 0x0000000084c00000, 0x0000000084d00000|  0%| F|  |TAMS 0x0000000084c00000, 0x0000000084c00000| Untracked 
|  77|0x0000000084d00000, 0x0000000084d00000, 0x0000000084e00000|  0%| F|  |TAMS 0x0000000084d00000, 0x0000000084d00000| Untracked 
|  78|0x0000000084e00000, 0x0000000084e00000, 0x0000000084f00000|  0%| F|  |TAMS 0x0000000084e00000, 0x0000000084e00000| Untracked 
|  79|0x0000000084f00000, 0x0000000084f00000, 0x0000000085000000|  0%| F|  |TAMS 0x0000000084f00000, 0x0000000084f00000| Untracked 
|  80|0x0000000085000000, 0x0000000085000000, 0x0000000085100000|  0%| F|  |TAMS 0x0000000085000000, 0x0000000085000000| Untracked 
|  81|0x0000000085100000, 0x0000000085100000, 0x0000000085200000|  0%| F|  |TAMS 0x0000000085100000, 0x0000000085100000| Untracked 
|  82|0x0000000085200000, 0x0000000085200000, 0x0000000085300000|  0%| F|  |TAMS 0x0000000085200000, 0x0000000085200000| Untracked 
|  83|0x0000000085300000, 0x0000000085300000, 0x0000000085400000|  0%| F|  |TAMS 0x0000000085300000, 0x0000000085300000| Untracked 
|  84|0x0000000085400000, 0x0000000085400000, 0x0000000085500000|  0%| F|  |TAMS 0x0000000085400000, 0x0000000085400000| Untracked 
|  85|0x0000000085500000, 0x0000000085500000, 0x0000000085600000|  0%| F|  |TAMS 0x0000000085500000, 0x0000000085500000| Untracked 
|  86|0x0000000085600000, 0x0000000085600000, 0x0000000085700000|  0%| F|  |TAMS 0x0000000085600000, 0x0000000085600000| Untracked 
|  87|0x0000000085700000, 0x0000000085700000, 0x0000000085800000|  0%| F|  |TAMS 0x0000000085700000, 0x0000000085700000| Untracked 
|  88|0x0000000085800000, 0x0000000085800000, 0x0000000085900000|  0%| F|  |TAMS 0x0000000085800000, 0x0000000085800000| Untracked 
|  89|0x0000000085900000, 0x0000000085900000, 0x0000000085a00000|  0%| F|  |TAMS 0x0000000085900000, 0x0000000085900000| Untracked 
|  90|0x0000000085a00000, 0x0000000085a00000, 0x0000000085b00000|  0%| F|  |TAMS 0x0000000085a00000, 0x0000000085a00000| Untracked 
|  91|0x0000000085b00000, 0x0000000085b00000, 0x0000000085c00000|  0%| F|  |TAMS 0x0000000085b00000, 0x0000000085b00000| Untracked 
|  92|0x0000000085c00000, 0x0000000085c00000, 0x0000000085d00000|  0%| F|  |TAMS 0x0000000085c00000, 0x0000000085c00000| Untracked 
|  93|0x0000000085d00000, 0x0000000085d00000, 0x0000000085e00000|  0%| F|  |TAMS 0x0000000085d00000, 0x0000000085d00000| Untracked 
|  94|0x0000000085e00000, 0x0000000085e00000, 0x0000000085f00000|  0%| F|  |TAMS 0x0000000085e00000, 0x0000000085e00000| Untracked 
|  95|0x0000000085f00000, 0x0000000085f00000, 0x0000000086000000|  0%| F|  |TAMS 0x0000000085f00000, 0x0000000085f00000| Untracked 
|  96|0x0000000086000000, 0x0000000086000000, 0x0000000086100000|  0%| F|  |TAMS 0x0000000086000000, 0x0000000086000000| Untracked 
|  97|0x0000000086100000, 0x0000000086100000, 0x0000000086200000|  0%| F|  |TAMS 0x0000000086100000, 0x0000000086100000| Untracked 
|  98|0x0000000086200000, 0x0000000086200000, 0x0000000086300000|  0%| F|  |TAMS 0x0000000086200000, 0x0000000086200000| Untracked 
|  99|0x0000000086300000, 0x0000000086300000, 0x0000000086400000|  0%| F|  |TAMS 0x0000000086300000, 0x0000000086300000| Untracked 
| 100|0x0000000086400000, 0x0000000086400000, 0x0000000086500000|  0%| F|  |TAMS 0x0000000086400000, 0x0000000086400000| Untracked 
| 101|0x0000000086500000, 0x0000000086500000, 0x0000000086600000|  0%| F|  |TAMS 0x0000000086500000, 0x0000000086500000| Untracked 
| 102|0x0000000086600000, 0x0000000086600000, 0x0000000086700000|  0%| F|  |TAMS 0x0000000086600000, 0x0000000086600000| Untracked 
| 103|0x0000000086700000, 0x0000000086700000, 0x0000000086800000|  0%| F|  |TAMS 0x0000000086700000, 0x0000000086700000| Untracked 
| 104|0x0000000086800000, 0x0000000086800000, 0x0000000086900000|  0%| F|  |TAMS 0x0000000086800000, 0x0000000086800000| Untracked 
| 105|0x0000000086900000, 0x0000000086900000, 0x0000000086a00000|  0%| F|  |TAMS 0x0000000086900000, 0x0000000086900000| Untracked 
| 106|0x0000000086a00000, 0x0000000086a00000, 0x0000000086b00000|  0%| F|  |TAMS 0x0000000086a00000, 0x0000000086a00000| Untracked 
| 107|0x0000000086b00000, 0x0000000086b00000, 0x0000000086c00000|  0%| F|  |TAMS 0x0000000086b00000, 0x0000000086b00000| Untracked 
| 108|0x0000000086c00000, 0x0000000086c00000, 0x0000000086d00000|  0%| F|  |TAMS 0x0000000086c00000, 0x0000000086c00000| Untracked 
| 109|0x0000000086d00000, 0x0000000086d00000, 0x0000000086e00000|  0%| F|  |TAMS 0x0000000086d00000, 0x0000000086d00000| Untracked 
| 110|0x0000000086e00000, 0x0000000086e00000, 0x0000000086f00000|  0%| F|  |TAMS 0x0000000086e00000, 0x0000000086e00000| Untracked 
| 111|0x0000000086f00000, 0x0000000086f00000, 0x0000000087000000|  0%| F|  |TAMS 0x0000000086f00000, 0x0000000086f00000| Untracked 
| 112|0x0000000087000000, 0x0000000087000000, 0x0000000087100000|  0%| F|  |TAMS 0x0000000087000000, 0x0000000087000000| Untracked 
| 113|0x0000000087100000, 0x0000000087100000, 0x0000000087200000|  0%| F|  |TAMS 0x0000000087100000, 0x0000000087100000| Untracked 
| 114|0x0000000087200000, 0x0000000087200000, 0x0000000087300000|  0%| F|  |TAMS 0x0000000087200000, 0x0000000087200000| Untracked 
| 115|0x0000000087300000, 0x0000000087300000, 0x0000000087400000|  0%| F|  |TAMS 0x0000000087300000, 0x0000000087300000| Untracked 
| 116|0x0000000087400000, 0x0000000087400000, 0x0000000087500000|  0%| F|  |TAMS 0x0000000087400000, 0x0000000087400000| Untracked 
| 117|0x0000000087500000, 0x0000000087500000, 0x0000000087600000|  0%| F|  |TAMS 0x0000000087500000, 0x0000000087500000| Untracked 
| 118|0x0000000087600000, 0x0000000087600000, 0x0000000087700000|  0%| F|  |TAMS 0x0000000087600000, 0x0000000087600000| Untracked 
| 119|0x0000000087700000, 0x0000000087700000, 0x0000000087800000|  0%| F|  |TAMS 0x0000000087700000, 0x0000000087700000| Untracked 
| 120|0x0000000087800000, 0x0000000087800000, 0x0000000087900000|  0%| F|  |TAMS 0x0000000087800000, 0x0000000087800000| Untracked 
| 121|0x0000000087900000, 0x0000000087900000, 0x0000000087a00000|  0%| F|  |TAMS 0x0000000087900000, 0x0000000087900000| Untracked 
| 122|0x0000000087a00000, 0x0000000087a00000, 0x0000000087b00000|  0%| F|  |TAMS 0x0000000087a00000, 0x0000000087a00000| Untracked 
| 123|0x0000000087b00000, 0x0000000087b00000, 0x0000000087c00000|  0%| F|  |TAMS 0x0000000087b00000, 0x0000000087b00000| Untracked 
| 124|0x0000000087c00000, 0x0000000087c00000, 0x0000000087d00000|  0%| F|  |TAMS 0x0000000087c00000, 0x0000000087c00000| Untracked 
| 125|0x0000000087d00000, 0x0000000087d00000, 0x0000000087e00000|  0%| F|  |TAMS 0x0000000087d00000, 0x0000000087d00000| Untracked 
| 126|0x0000000087e00000, 0x0000000087e00000, 0x0000000087f00000|  0%| F|  |TAMS 0x0000000087e00000, 0x0000000087e00000| Untracked 
| 127|0x0000000087f00000, 0x0000000087f00000, 0x0000000088000000|  0%| F|  |TAMS 0x0000000087f00000, 0x0000000087f00000| Untracked 
| 128|0x0000000088000000, 0x0000000088000000, 0x0000000088100000|  0%| F|  |TAMS 0x0000000088000000, 0x0000000088000000| Untracked 
| 129|0x0000000088100000, 0x0000000088100000, 0x0000000088200000|  0%| F|  |TAMS 0x0000000088100000, 0x0000000088100000| Untracked 
| 130|0x0000000088200000, 0x0000000088200000, 0x0000000088300000|  0%| F|  |TAMS 0x0000000088200000, 0x0000000088200000| Untracked 
| 131|0x0000000088300000, 0x0000000088300000, 0x0000000088400000|  0%| F|  |TAMS 0x0000000088300000, 0x0000000088300000| Untracked 
| 132|0x0000000088400000, 0x0000000088400000, 0x0000000088500000|  0%| F|  |TAMS 0x0000000088400000, 0x0000000088400000| Untracked 
| 133|0x0000000088500000, 0x0000000088500000, 0x0000000088600000|  0%| F|  |TAMS 0x0000000088500000, 0x0000000088500000| Untracked 
| 134|0x0000000088600000, 0x0000000088600000, 0x0000000088700000|  0%| F|  |TAMS 0x0000000088600000, 0x0000000088600000| Untracked 
| 135|0x0000000088700000, 0x0000000088700000, 0x0000000088800000|  0%| F|  |TAMS 0x0000000088700000, 0x0000000088700000| Untracked 
| 136|0x0000000088800000, 0x0000000088800000, 0x0000000088900000|  0%| F|  |TAMS 0x0000000088800000, 0x0000000088800000| Untracked 
| 137|0x0000000088900000, 0x0000000088900000, 0x0000000088a00000|  0%| F|  |TAMS 0x0000000088900000, 0x0000000088900000| Untracked 
| 138|0x0000000088a00000, 0x0000000088a00000, 0x0000000088b00000|  0%| F|  |TAMS 0x0000000088a00000, 0x0000000088a00000| Untracked 
| 139|0x0000000088b00000, 0x0000000088b00000, 0x0000000088c00000|  0%| F|  |TAMS 0x0000000088b00000, 0x0000000088b00000| Untracked 
| 140|0x0000000088c00000, 0x0000000088c00000, 0x0000000088d00000|  0%| F|  |TAMS 0x0000000088c00000, 0x0000000088c00000| Untracked 
| 141|0x0000000088d00000, 0x0000000088d00000, 0x0000000088e00000|  0%| F|  |TAMS 0x0000000088d00000, 0x0000000088d00000| Untracked 
| 142|0x0000000088e00000, 0x0000000088e00000, 0x0000000088f00000|  0%| F|  |TAMS 0x0000000088e00000, 0x0000000088e00000| Untracked 
| 143|0x0000000088f00000, 0x0000000088f00000, 0x0000000089000000|  0%| F|  |TAMS 0x0000000088f00000, 0x0000000088f00000| Untracked 
| 144|0x0000000089000000, 0x0000000089000000, 0x0000000089100000|  0%| F|  |TAMS 0x0000000089000000, 0x0000000089000000| Untracked 
| 145|0x0000000089100000, 0x0000000089100000, 0x0000000089200000|  0%| F|  |TAMS 0x0000000089100000, 0x0000000089100000| Untracked 
| 146|0x0000000089200000, 0x0000000089200000, 0x0000000089300000|  0%| F|  |TAMS 0x0000000089200000, 0x0000000089200000| Untracked 
| 147|0x0000000089300000, 0x0000000089300000, 0x0000000089400000|  0%| F|  |TAMS 0x0000000089300000, 0x0000000089300000| Untracked 
| 148|0x0000000089400000, 0x0000000089400000, 0x0000000089500000|  0%| F|  |TAMS 0x0000000089400000, 0x0000000089400000| Untracked 
| 149|0x0000000089500000, 0x0000000089500000, 0x0000000089600000|  0%| F|  |TAMS 0x0000000089500000, 0x0000000089500000| Untracked 
| 150|0x0000000089600000, 0x0000000089600000, 0x0000000089700000|  0%| F|  |TAMS 0x0000000089600000, 0x0000000089600000| Untracked 
| 151|0x0000000089700000, 0x0000000089700000, 0x0000000089800000|  0%| F|  |TAMS 0x0000000089700000, 0x0000000089700000| Untracked 
| 152|0x0000000089800000, 0x0000000089800000, 0x0000000089900000|  0%| F|  |TAMS 0x0000000089800000, 0x0000000089800000| Untracked 
| 153|0x0000000089900000, 0x0000000089900000, 0x0000000089a00000|  0%| F|  |TAMS 0x0000000089900000, 0x0000000089900000| Untracked 
| 154|0x0000000089a00000, 0x0000000089a00000, 0x0000000089b00000|  0%| F|  |TAMS 0x0000000089a00000, 0x0000000089a00000| Untracked 
| 155|0x0000000089b00000, 0x0000000089b00000, 0x0000000089c00000|  0%| F|  |TAMS 0x0000000089b00000, 0x0000000089b00000| Untracked 
| 156|0x0000000089c00000, 0x0000000089c00000, 0x0000000089d00000|  0%| F|  |TAMS 0x0000000089c00000, 0x0000000089c00000| Untracked 
| 157|0x0000000089d00000, 0x0000000089d00000, 0x0000000089e00000|  0%| F|  |TAMS 0x0000000089d00000, 0x0000000089d00000| Untracked 
| 158|0x0000000089e00000, 0x0000000089e00000, 0x0000000089f00000|  0%| F|  |TAMS 0x0000000089e00000, 0x0000000089e00000| Untracked 
| 159|0x0000000089f00000, 0x0000000089f00000, 0x000000008a000000|  0%| F|  |TAMS 0x0000000089f00000, 0x0000000089f00000| Untracked 
| 160|0x000000008a000000, 0x000000008a000000, 0x000000008a100000|  0%| F|  |TAMS 0x000000008a000000, 0x000000008a000000| Untracked 
| 161|0x000000008a100000, 0x000000008a100000, 0x000000008a200000|  0%| F|  |TAMS 0x000000008a100000, 0x000000008a100000| Untracked 
| 162|0x000000008a200000, 0x000000008a200000, 0x000000008a300000|  0%| F|  |TAMS 0x000000008a200000, 0x000000008a200000| Untracked 
| 163|0x000000008a300000, 0x000000008a300000, 0x000000008a400000|  0%| F|  |TAMS 0x000000008a300000, 0x000000008a300000| Untracked 
| 164|0x000000008a400000, 0x000000008a400000, 0x000000008a500000|  0%| F|  |TAMS 0x000000008a400000, 0x000000008a400000| Untracked 
| 165|0x000000008a500000, 0x000000008a500000, 0x000000008a600000|  0%| F|  |TAMS 0x000000008a500000, 0x000000008a500000| Untracked 
| 166|0x000000008a600000, 0x000000008a600000, 0x000000008a700000|  0%| F|  |TAMS 0x000000008a600000, 0x000000008a600000| Untracked 
| 167|0x000000008a700000, 0x000000008a700000, 0x000000008a800000|  0%| F|  |TAMS 0x000000008a700000, 0x000000008a700000| Untracked 
| 168|0x000000008a800000, 0x000000008a800000, 0x000000008a900000|  0%| F|  |TAMS 0x000000008a800000, 0x000000008a800000| Untracked 
| 169|0x000000008a900000, 0x000000008a900000, 0x000000008aa00000|  0%| F|  |TAMS 0x000000008a900000, 0x000000008a900000| Untracked 
| 170|0x000000008aa00000, 0x000000008aa00000, 0x000000008ab00000|  0%| F|  |TAMS 0x000000008aa00000, 0x000000008aa00000| Untracked 
| 171|0x000000008ab00000, 0x000000008ab00000, 0x000000008ac00000|  0%| F|  |TAMS 0x000000008ab00000, 0x000000008ab00000| Untracked 
| 172|0x000000008ac00000, 0x000000008ac00000, 0x000000008ad00000|  0%| F|  |TAMS 0x000000008ac00000, 0x000000008ac00000| Untracked 
| 173|0x000000008ad00000, 0x000000008ad00000, 0x000000008ae00000|  0%| F|  |TAMS 0x000000008ad00000, 0x000000008ad00000| Untracked 
| 174|0x000000008ae00000, 0x000000008ae00000, 0x000000008af00000|  0%| F|  |TAMS 0x000000008ae00000, 0x000000008ae00000| Untracked 
| 175|0x000000008af00000, 0x000000008af00000, 0x000000008b000000|  0%| F|  |TAMS 0x000000008af00000, 0x000000008af00000| Untracked 
| 176|0x000000008b000000, 0x000000008b000000, 0x000000008b100000|  0%| F|  |TAMS 0x000000008b000000, 0x000000008b000000| Untracked 
| 177|0x000000008b100000, 0x000000008b100000, 0x000000008b200000|  0%| F|  |TAMS 0x000000008b100000, 0x000000008b100000| Untracked 
| 178|0x000000008b200000, 0x000000008b200000, 0x000000008b300000|  0%| F|  |TAMS 0x000000008b200000, 0x000000008b200000| Untracked 
| 179|0x000000008b300000, 0x000000008b300000, 0x000000008b400000|  0%| F|  |TAMS 0x000000008b300000, 0x000000008b300000| Untracked 
| 180|0x000000008b400000, 0x000000008b400000, 0x000000008b500000|  0%| F|  |TAMS 0x000000008b400000, 0x000000008b400000| Untracked 
| 181|0x000000008b500000, 0x000000008b500000, 0x000000008b600000|  0%| F|  |TAMS 0x000000008b500000, 0x000000008b500000| Untracked 
| 182|0x000000008b600000, 0x000000008b600000, 0x000000008b700000|  0%| F|  |TAMS 0x000000008b600000, 0x000000008b600000| Untracked 
| 183|0x000000008b700000, 0x000000008b700000, 0x000000008b800000|  0%| F|  |TAMS 0x000000008b700000, 0x000000008b700000| Untracked 
| 184|0x000000008b800000, 0x000000008b800000, 0x000000008b900000|  0%| F|  |TAMS 0x000000008b800000, 0x000000008b800000| Untracked 
| 185|0x000000008b900000, 0x000000008b900000, 0x000000008ba00000|  0%| F|  |TAMS 0x000000008b900000, 0x000000008b900000| Untracked 
| 186|0x000000008ba00000, 0x000000008ba00000, 0x000000008bb00000|  0%| F|  |TAMS 0x000000008ba00000, 0x000000008ba00000| Untracked 
| 187|0x000000008bb00000, 0x000000008bb00000, 0x000000008bc00000|  0%| F|  |TAMS 0x000000008bb00000, 0x000000008bb00000| Untracked 
| 188|0x000000008bc00000, 0x000000008bc00000, 0x000000008bd00000|  0%| F|  |TAMS 0x000000008bc00000, 0x000000008bc00000| Untracked 
| 189|0x000000008bd00000, 0x000000008be00000, 0x000000008be00000|100%| E|  |TAMS 0x000000008bd00000, 0x000000008bd00000| Complete 
| 190|0x000000008be00000, 0x000000008bf00000, 0x000000008bf00000|100%| E|CS|TAMS 0x000000008be00000, 0x000000008be00000| Complete 
| 191|0x000000008bf00000, 0x000000008c000000, 0x000000008c000000|100%| E|CS|TAMS 0x000000008bf00000, 0x000000008bf00000| Complete 
| 192|0x000000008c000000, 0x000000008c100000, 0x000000008c100000|100%| E|CS|TAMS 0x000000008c000000, 0x000000008c000000| Complete 
| 193|0x000000008c100000, 0x000000008c200000, 0x000000008c200000|100%| E|  |TAMS 0x000000008c100000, 0x000000008c100000| Complete 
| 194|0x000000008c200000, 0x000000008c300000, 0x000000008c300000|100%| E|CS|TAMS 0x000000008c200000, 0x000000008c200000| Complete 
| 195|0x000000008c300000, 0x000000008c400000, 0x000000008c400000|100%| E|CS|TAMS 0x000000008c300000, 0x000000008c300000| Complete 
| 196|0x000000008c400000, 0x000000008c500000, 0x000000008c500000|100%| E|CS|TAMS 0x000000008c400000, 0x000000008c400000| Complete 
| 197|0x000000008c500000, 0x000000008c600000, 0x000000008c600000|100%| E|CS|TAMS 0x000000008c500000, 0x000000008c500000| Complete 
| 198|0x000000008c600000, 0x000000008c700000, 0x000000008c700000|100%| E|CS|TAMS 0x000000008c600000, 0x000000008c600000| Complete 
| 199|0x000000008c700000, 0x000000008c800000, 0x000000008c800000|100%| E|CS|TAMS 0x000000008c700000, 0x000000008c700000| Complete 
| 200|0x000000008c800000, 0x000000008c900000, 0x000000008c900000|100%| E|CS|TAMS 0x000000008c800000, 0x000000008c800000| Complete 
| 201|0x000000008c900000, 0x000000008ca00000, 0x000000008ca00000|100%| E|CS|TAMS 0x000000008c900000, 0x000000008c900000| Complete 
| 202|0x000000008ca00000, 0x000000008cb00000, 0x000000008cb00000|100%| E|CS|TAMS 0x000000008ca00000, 0x000000008ca00000| Complete 
| 203|0x000000008cb00000, 0x000000008cc00000, 0x000000008cc00000|100%| E|CS|TAMS 0x000000008cb00000, 0x000000008cb00000| Complete 
| 204|0x000000008cc00000, 0x000000008cd00000, 0x000000008cd00000|100%| E|CS|TAMS 0x000000008cc00000, 0x000000008cc00000| Complete 
| 205|0x000000008cd00000, 0x000000008ce00000, 0x000000008ce00000|100%| E|CS|TAMS 0x000000008cd00000, 0x000000008cd00000| Complete 
| 206|0x000000008ce00000, 0x000000008cf00000, 0x000000008cf00000|100%| E|CS|TAMS 0x000000008ce00000, 0x000000008ce00000| Complete 
| 207|0x000000008cf00000, 0x000000008d000000, 0x000000008d000000|100%| E|CS|TAMS 0x000000008cf00000, 0x000000008cf00000| Complete 
| 208|0x000000008d000000, 0x000000008d100000, 0x000000008d100000|100%| E|CS|TAMS 0x000000008d000000, 0x000000008d000000| Complete 
| 209|0x000000008d100000, 0x000000008d200000, 0x000000008d200000|100%| E|CS|TAMS 0x000000008d100000, 0x000000008d100000| Complete 
| 210|0x000000008d200000, 0x000000008d300000, 0x000000008d300000|100%| E|CS|TAMS 0x000000008d200000, 0x000000008d200000| Complete 
| 211|0x000000008d300000, 0x000000008d32dda0, 0x000000008d400000| 17%| S|CS|TAMS 0x000000008d300000, 0x000000008d300000| Complete 
| 212|0x000000008d400000, 0x000000008d500000, 0x000000008d500000|100%| S|CS|TAMS 0x000000008d400000, 0x000000008d400000| Complete 
| 213|0x000000008d500000, 0x000000008d600000, 0x000000008d600000|100%| S|CS|TAMS 0x000000008d500000, 0x000000008d500000| Complete 
| 214|0x000000008d600000, 0x000000008d700000, 0x000000008d700000|100%| E|CS|TAMS 0x000000008d600000, 0x000000008d600000| Complete 
| 215|0x000000008d700000, 0x000000008d800000, 0x000000008d800000|100%| E|CS|TAMS 0x000000008d700000, 0x000000008d700000| Complete 
| 216|0x000000008d800000, 0x000000008d900000, 0x000000008d900000|100%| E|CS|TAMS 0x000000008d800000, 0x000000008d800000| Complete 
| 217|0x000000008d900000, 0x000000008da00000, 0x000000008da00000|100%| E|CS|TAMS 0x000000008d900000, 0x000000008d900000| Complete 
| 218|0x000000008da00000, 0x000000008db00000, 0x000000008db00000|100%| E|CS|TAMS 0x000000008da00000, 0x000000008da00000| Complete 
| 219|0x000000008db00000, 0x000000008dc00000, 0x000000008dc00000|100%| E|CS|TAMS 0x000000008db00000, 0x000000008db00000| Complete 
| 220|0x000000008dc00000, 0x000000008dd00000, 0x000000008dd00000|100%| E|CS|TAMS 0x000000008dc00000, 0x000000008dc00000| Complete 
| 221|0x000000008dd00000, 0x000000008de00000, 0x000000008de00000|100%| E|CS|TAMS 0x000000008dd00000, 0x000000008dd00000| Complete 
| 222|0x000000008de00000, 0x000000008df00000, 0x000000008df00000|100%| E|CS|TAMS 0x000000008de00000, 0x000000008de00000| Complete 
| 223|0x000000008df00000, 0x000000008e000000, 0x000000008e000000|100%| E|CS|TAMS 0x000000008df00000, 0x000000008df00000| Complete 
| 224|0x000000008e000000, 0x000000008e100000, 0x000000008e100000|100%| E|CS|TAMS 0x000000008e000000, 0x000000008e000000| Complete 
| 225|0x000000008e100000, 0x000000008e200000, 0x000000008e200000|100%| E|CS|TAMS 0x000000008e100000, 0x000000008e100000| Complete 
| 226|0x000000008e200000, 0x000000008e300000, 0x000000008e300000|100%| E|CS|TAMS 0x000000008e200000, 0x000000008e200000| Complete 
| 227|0x000000008e300000, 0x000000008e400000, 0x000000008e400000|100%| E|CS|TAMS 0x000000008e300000, 0x000000008e300000| Complete 
| 228|0x000000008e400000, 0x000000008e500000, 0x000000008e500000|100%| E|CS|TAMS 0x000000008e400000, 0x000000008e400000| Complete 
| 229|0x000000008e500000, 0x000000008e600000, 0x000000008e600000|100%| E|CS|TAMS 0x000000008e500000, 0x000000008e500000| Complete 
| 230|0x000000008e600000, 0x000000008e700000, 0x000000008e700000|100%| E|CS|TAMS 0x000000008e600000, 0x000000008e600000| Complete 
| 231|0x000000008e700000, 0x000000008e800000, 0x000000008e800000|100%| E|CS|TAMS 0x000000008e700000, 0x000000008e700000| Complete 
| 232|0x000000008e800000, 0x000000008e900000, 0x000000008e900000|100%| E|CS|TAMS 0x000000008e800000, 0x000000008e800000| Complete 
| 233|0x000000008e900000, 0x000000008ea00000, 0x000000008ea00000|100%| E|CS|TAMS 0x000000008e900000, 0x000000008e900000| Complete 
| 234|0x000000008ea00000, 0x000000008eb00000, 0x000000008eb00000|100%| E|CS|TAMS 0x000000008ea00000, 0x000000008ea00000| Complete 
| 235|0x000000008eb00000, 0x000000008ec00000, 0x000000008ec00000|100%| E|CS|TAMS 0x000000008eb00000, 0x000000008eb00000| Complete 
| 236|0x000000008ec00000, 0x000000008ed00000, 0x000000008ed00000|100%| E|CS|TAMS 0x000000008ec00000, 0x000000008ec00000| Complete 
| 237|0x000000008ed00000, 0x000000008ee00000, 0x000000008ee00000|100%| E|CS|TAMS 0x000000008ed00000, 0x000000008ed00000| Complete 
| 238|0x000000008ee00000, 0x000000008ef00000, 0x000000008ef00000|100%| E|CS|TAMS 0x000000008ee00000, 0x000000008ee00000| Complete 
| 239|0x000000008ef00000, 0x000000008f000000, 0x000000008f000000|100%| E|CS|TAMS 0x000000008ef00000, 0x000000008ef00000| Complete 
| 240|0x000000008f000000, 0x000000008f100000, 0x000000008f100000|100%| E|CS|TAMS 0x000000008f000000, 0x000000008f000000| Complete 
| 241|0x000000008f100000, 0x000000008f200000, 0x000000008f200000|100%| E|CS|TAMS 0x000000008f100000, 0x000000008f100000| Complete 
| 242|0x000000008f200000, 0x000000008f300000, 0x000000008f300000|100%| E|CS|TAMS 0x000000008f200000, 0x000000008f200000| Complete 
| 243|0x000000008f300000, 0x000000008f400000, 0x000000008f400000|100%| E|CS|TAMS 0x000000008f300000, 0x000000008f300000| Complete 
| 244|0x000000008f400000, 0x000000008f500000, 0x000000008f500000|100%| E|CS|TAMS 0x000000008f400000, 0x000000008f400000| Complete 
| 245|0x000000008f500000, 0x000000008f600000, 0x000000008f600000|100%| E|CS|TAMS 0x000000008f500000, 0x000000008f500000| Complete 
| 246|0x000000008f600000, 0x000000008f700000, 0x000000008f700000|100%| E|CS|TAMS 0x000000008f600000, 0x000000008f600000| Complete 
| 247|0x000000008f700000, 0x000000008f800000, 0x000000008f800000|100%| E|CS|TAMS 0x000000008f700000, 0x000000008f700000| Complete 
| 248|0x000000008f800000, 0x000000008f900000, 0x000000008f900000|100%| E|CS|TAMS 0x000000008f800000, 0x000000008f800000| Complete 
| 249|0x000000008f900000, 0x000000008fa00000, 0x000000008fa00000|100%| E|CS|TAMS 0x000000008f900000, 0x000000008f900000| Complete 
| 250|0x000000008fa00000, 0x000000008fb00000, 0x000000008fb00000|100%| E|CS|TAMS 0x000000008fa00000, 0x000000008fa00000| Complete 
| 251|0x000000008fb00000, 0x000000008fc00000, 0x000000008fc00000|100%| E|CS|TAMS 0x000000008fb00000, 0x000000008fb00000| Complete 
| 252|0x000000008fc00000, 0x000000008fd00000, 0x000000008fd00000|100%| E|CS|TAMS 0x000000008fc00000, 0x000000008fc00000| Complete 
| 253|0x000000008fd00000, 0x000000008fe00000, 0x000000008fe00000|100%| E|CS|TAMS 0x000000008fd00000, 0x000000008fd00000| Complete 

Card table byte_map: [0x00000197e6120000,0x00000197e6520000] _byte_map_base: 0x00000197e5d20000

Marking Bits (Prev, Next): (CMBitMap*) 0x00000197d2709810, (CMBitMap*) 0x00000197d27097d8
 Prev Bits: [0x00000197e8920000, 0x00000197ea920000)
 Next Bits: [0x00000197e6920000, 0x00000197e8920000)

Polling page: 0x00000197d27b0000

Metaspace:

Usage:
  Non-class:     29.47 MB capacity,    28.98 MB ( 98%) used,   430.34 KB (  1%) free+waste,    68.06 KB ( <1%) overhead. 
      Class:      4.65 MB capacity,     4.33 MB ( 93%) used,   297.70 KB (  6%) free+waste,    33.56 KB ( <1%) overhead. 
       Both:     34.12 MB capacity,    33.31 MB ( 98%) used,   728.05 KB (  2%) free+waste,   101.63 KB ( <1%) overhead. 

Virtual space:
  Non-class space:       30.00 MB reserved,      29.67 MB ( 99%) committed 
      Class space:        1.00 GB reserved,       4.75 MB ( <1%) committed 
             Both:        1.03 GB reserved,      34.42 MB (  3%) committed 

Chunk freelists:
   Non-Class:  18.00 KB
       Class:  5.00 KB
        Both:  23.00 KB

MaxMetaspaceSize: 17179869184.00 GB
CompressedClassSpaceSize: 1.00 GB

CodeHeap 'non-profiled nmethods': size=120000Kb used=1323Kb max_used=1323Kb free=118676Kb
 bounds [0x00000197ddb40000, 0x00000197dddb0000, 0x00000197e5070000]
CodeHeap 'profiled nmethods': size=120000Kb used=5231Kb max_used=5231Kb free=114768Kb
 bounds [0x00000197d6610000, 0x00000197d6b30000, 0x00000197ddb40000]
CodeHeap 'non-nmethods': size=5760Kb used=1158Kb max_used=1202Kb free=4601Kb
 bounds [0x00000197d6070000, 0x00000197d62e0000, 0x00000197d6610000]
 total_blobs=3028 nmethods=2527 adapters=412
 compilation: enabled
              stopped_count=0, restarted_count=0
 full_count=0

Compilation events (20 events):
Event: 4.060 Thread 0x00000197edefd000 2727       3       org.codehaus.groovy.util.ManagedReference::<init> (14 bytes)
Event: 4.061 Thread 0x00000197edefd000 nmethod 2727 0x00000197d6b19810 code [0x00000197d6b199e0, 0x00000197d6b19b68]
Event: 4.061 Thread 0x00000197edefd000 2728       3       org.codehaus.groovy.util.ReferenceManager$1::afterReferenceCreation (57 bytes)
Event: 4.061 Thread 0x00000197edefd000 nmethod 2728 0x00000197d6b19c90 code [0x00000197d6b19e80, 0x00000197d6b1a298]
Event: 4.061 Thread 0x00000197edefd000 2729       3       org.codehaus.groovy.reflection.CachedClass::getCachedSuperClass (11 bytes)
Event: 4.062 Thread 0x00000197edefd000 nmethod 2729 0x00000197d6b1a410 code [0x00000197d6b1a5e0, 0x00000197d6b1a888]
Event: 4.063 Thread 0x00000197edefd000 2730       3       java.util.Properties$LineReader::readLine (635 bytes)
Event: 4.066 Thread 0x00000197edefd000 nmethod 2730 0x00000197d6b1a990 code [0x00000197d6b1ad60, 0x00000197d6b1d6d8]
Event: 4.066 Thread 0x00000197edefd000 2731       3       java.util.Properties::loadConvert (524 bytes)
Event: 4.068 Thread 0x00000197edefd000 nmethod 2731 0x00000197d6b1e390 code [0x00000197d6b1e6c0, 0x00000197d6b1fcf8]
Event: 4.068 Thread 0x00000197edefd000 2732       3       java.util.regex.Pattern$$Lambda$12/0x0000000100063440::is (9 bytes)
Event: 4.068 Thread 0x00000197edefd000 nmethod 2732 0x00000197d6b20490 code [0x00000197d6b20660, 0x00000197d6b20898]
Event: 4.068 Thread 0x00000197edefd000 2733       3       java.util.regex.Pattern::lambda$clazz$1 (22 bytes)
Event: 4.068 Thread 0x00000197edefd000 nmethod 2733 0x00000197d6b20a10 code [0x00000197d6b20bc0, 0x00000197d6b20d78]
Event: 4.073 Thread 0x00000197edef1000 2734       4       java.lang.reflect.AccessibleObject::setAccessible0 (7 bytes)
Event: 4.073 Thread 0x00000197edef1000 nmethod 2734 0x00000197ddc88190 code [0x00000197ddc88320, 0x00000197ddc88398]
Event: 4.074 Thread 0x00000197edefd000 2736       3       org.codehaus.groovy.reflection.CachedMethod::compareToCachedMethod (160 bytes)
Event: 4.075 Thread 0x00000197edefd000 nmethod 2736 0x00000197d6b20e90 code [0x00000197d6b211e0, 0x00000197d6b224e8]
Event: 4.075 Thread 0x00000197edefd000 2735       3       org.codehaus.groovy.reflection.CachedMethod::compareTo (25 bytes)
Event: 4.075 Thread 0x00000197edefd000 nmethod 2735 0x00000197d6b22d10 code [0x00000197d6b22f00, 0x00000197d6b23358]

GC Heap History (6 events):
Event: 0.948 GC heap before
{Heap before GC invocations=0 (full 0):
 garbage-first heap   total 260096K, used 29696K [0x0000000080000000, 0x0000000100000000)
  region size 1024K, 24 young (24576K), 0 survivors (0K)
 Metaspace       used 10688K, capacity 11000K, committed 11264K, reserved 1058816K
  class space    used 1130K, capacity 1200K, committed 1280K, reserved 1048576K
}
Event: 0.952 GC heap after
{Heap after GC invocations=1 (full 0):
 garbage-first heap   total 260096K, used 8771K [0x0000000080000000, 0x0000000100000000)
  region size 1024K, 3 young (3072K), 3 survivors (3072K)
 Metaspace       used 10688K, capacity 11000K, committed 11264K, reserved 1058816K
  class space    used 1130K, capacity 1200K, committed 1280K, reserved 1048576K
}
Event: 2.865 GC heap before
{Heap before GC invocations=1 (full 0):
 garbage-first heap   total 260096K, used 92739K [0x0000000080000000, 0x0000000100000000)
  region size 1024K, 87 young (89088K), 3 survivors (3072K)
 Metaspace       used 20615K, capacity 21187K, committed 21296K, reserved 1069056K
  class space    used 2519K, capacity 2688K, committed 2688K, reserved 1048576K
}
Event: 2.873 GC heap after
{Heap after GC invocations=2 (full 0):
 garbage-first heap   total 260096K, used 15927K [0x0000000080000000, 0x0000000100000000)
  region size 1024K, 10 young (10240K), 10 survivors (10240K)
 Metaspace       used 20615K, capacity 21187K, committed 21296K, reserved 1069056K
  class space    used 2519K, capacity 2688K, committed 2688K, reserved 1048576K
}
Event: 3.295 GC heap before
{Heap before GC invocations=3 (full 0):
 garbage-first heap   total 260096K, used 56887K [0x0000000080000000, 0x0000000100000000)
  region size 1024K, 50 young (51200K), 10 survivors (10240K)
 Metaspace       used 25303K, capacity 26000K, committed 26288K, reserved 1073152K
  class space    used 3272K, capacity 3508K, committed 3584K, reserved 1048576K
}
Event: 3.300 GC heap after
{Heap after GC invocations=4 (full 0):
 garbage-first heap   total 260096K, used 18394K [0x0000000080000000, 0x0000000100000000)
  region size 1024K, 3 young (3072K), 3 survivors (3072K)
 Metaspace       used 25303K, capacity 26000K, committed 26288K, reserved 1073152K
  class space    used 3272K, capacity 3508K, committed 3584K, reserved 1048576K
}

Deoptimization events (20 events):
Event: 3.970 Thread 0x00000197eface000 Uncommon trap: trap_request=0xffffff4d fr.pc=0x00000197ddc458c0 relative=0x0000000000000ea0
Event: 3.970 Thread 0x00000197eface000 Uncommon trap: reason=unstable_if action=reinterpret pc=0x00000197ddc458c0 method=java.lang.ClassLoader.getClassLoadingLock(Ljava/lang/String;)Ljava/lang/Object; @ 6 c2
Event: 3.970 Thread 0x00000197eface000 DEOPT PACKING pc=0x00000197ddc458c0 sp=0x00000027298f7cb0
Event: 3.970 Thread 0x00000197eface000 DEOPT UNPACKING pc=0x00000197d60974af sp=0x00000027298f7c10 mode 2
Event: 3.993 Thread 0x00000197eface000 Uncommon trap: trap_request=0xffffffc6 fr.pc=0x00000197ddc803fc relative=0x00000000000009fc
Event: 3.993 Thread 0x00000197eface000 Uncommon trap: reason=bimorphic_or_optimized_type_check action=maybe_recompile pc=0x00000197ddc803fc method=java.io.BufferedInputStream.read([BII)I @ 101 c2
Event: 3.993 Thread 0x00000197eface000 DEOPT PACKING pc=0x00000197ddc803fc sp=0x00000027298f8ad0
Event: 3.993 Thread 0x00000197eface000 DEOPT UNPACKING pc=0x00000197d60974af sp=0x00000027298f8a88 mode 2
Event: 3.993 Thread 0x00000197eface000 Uncommon trap: trap_request=0xffffffc6 fr.pc=0x00000197ddc803fc relative=0x00000000000009fc
Event: 3.993 Thread 0x00000197eface000 Uncommon trap: reason=bimorphic_or_optimized_type_check action=maybe_recompile pc=0x00000197ddc803fc method=java.io.BufferedInputStream.read([BII)I @ 101 c2
Event: 3.993 Thread 0x00000197eface000 DEOPT PACKING pc=0x00000197ddc803fc sp=0x00000027298f8ad0
Event: 3.993 Thread 0x00000197eface000 DEOPT UNPACKING pc=0x00000197d60974af sp=0x00000027298f8a88 mode 2
Event: 3.994 Thread 0x00000197eface000 Uncommon trap: trap_request=0xffffffc6 fr.pc=0x00000197ddc803fc relative=0x00000000000009fc
Event: 3.994 Thread 0x00000197eface000 Uncommon trap: reason=bimorphic_or_optimized_type_check action=maybe_recompile pc=0x00000197ddc803fc method=java.io.BufferedInputStream.read([BII)I @ 101 c2
Event: 3.994 Thread 0x00000197eface000 DEOPT PACKING pc=0x00000197ddc803fc sp=0x00000027298f8ad0
Event: 3.994 Thread 0x00000197eface000 DEOPT UNPACKING pc=0x00000197d60974af sp=0x00000027298f8a88 mode 2
Event: 3.994 Thread 0x00000197eface000 Uncommon trap: trap_request=0xffffffc6 fr.pc=0x00000197ddc803fc relative=0x00000000000009fc
Event: 3.994 Thread 0x00000197eface000 Uncommon trap: reason=bimorphic_or_optimized_type_check action=maybe_recompile pc=0x00000197ddc803fc method=java.io.BufferedInputStream.read([BII)I @ 101 c2
Event: 3.994 Thread 0x00000197eface000 DEOPT PACKING pc=0x00000197ddc803fc sp=0x00000027298f8ad0
Event: 3.994 Thread 0x00000197eface000 DEOPT UNPACKING pc=0x00000197d60974af sp=0x00000027298f8a88 mode 2

Classes redefined (0 events):
No events

Internal exceptions (20 events):
Event: 3.499 Thread 0x00000197eface000 Exception <a 'java/lang/NoSuchMethodError'{0x000000008eec6908}: <clinit>> (0x000000008eec6908) thrown at [./src/hotspot/share/prims/jni.cpp, line 1362]
Event: 3.499 Thread 0x00000197eface000 Exception <a 'java/lang/NoSuchMethodError'{0x000000008eec7f10}: <clinit>> (0x000000008eec7f10) thrown at [./src/hotspot/share/prims/jni.cpp, line 1362]
Event: 3.499 Thread 0x00000197eface000 Exception <a 'java/lang/NoSuchMethodError'{0x000000008eec94a8}: <clinit>> (0x000000008eec94a8) thrown at [./src/hotspot/share/prims/jni.cpp, line 1362]
Event: 3.500 Thread 0x00000197eface000 Exception <a 'java/lang/NoSuchMethodError'{0x000000008eecac08}: <clinit>> (0x000000008eecac08) thrown at [./src/hotspot/share/prims/jni.cpp, line 1362]
Event: 3.500 Thread 0x00000197eface000 Exception <a 'java/lang/NoSuchMethodError'{0x000000008eecc2a0}: <clinit>> (0x000000008eecc2a0) thrown at [./src/hotspot/share/prims/jni.cpp, line 1362]
Event: 3.500 Thread 0x00000197eface000 Exception <a 'java/lang/NoSuchMethodError'{0x000000008eecd7d8}: <clinit>> (0x000000008eecd7d8) thrown at [./src/hotspot/share/prims/jni.cpp, line 1362]
Event: 3.510 Thread 0x00000197eface000 Exception <a 'java/lang/NoSuchMethodError'{0x000000008ed73700}: 'void java.lang.invoke.DirectMethodHandle$Holder.invokeSpecial(java.lang.Object, java.lang.Object, java.lang.Object, java.lang.Object)'> (0x000000008ed73700) thrown at [./src/hotspot/share/interpreter/linkResolver.cpp, line 773]
Event: 3.555 Thread 0x00000197eface000 Implicit null exception at 0x00000197ddc1f7f5 to 0x00000197ddc1f9bc
Event: 3.562 Thread 0x00000197eface000 Implicit null exception at 0x00000197ddc12a2f to 0x00000197ddc12a9d
Event: 3.606 Thread 0x00000197eface000 Exception <a 'java/lang/NoSuchMethodError'{0x000000008e324eb0}: 'java.lang.Object java.lang.invoke.DirectMethodHandle$Holder.invokeSpecialIFC(java.lang.Object, java.lang.Object, java.lang.Object, java.lang.Object)'> (0x000000008e324eb0) thrown at [./src/hotspot/share/interpreter/linkResolver.cpp, line 773]
Event: 3.616 Thread 0x00000197eface000 Exception <a 'java/lang/NoSuchMethodError'{0x000000008e3e2ba0}: 'java.lang.Object java.lang.invoke.DirectMethodHandle$Holder.invokeSpecial(java.lang.Object, java.lang.Object, java.lang.Object, java.lang.Object, java.lang.Object, java.lang.Object, java.lang.Object, java.lang.Object, java.lang.Object, java.lang.Object, java.lang.Object, java.lang.Object, java.lang.Object)'> (0x000000008e3e2ba0) thrown at [./src/hotspot/share/interpreter/linkResolver.cpp, line 773]
Event: 3.617 Thread 0x00000197eface000 Exception <a 'java/lang/NoSuchMethodError'{0x000000008e3f3e28}: 'java.lang.Object java.lang.invoke.DirectMethodHandle$Holder.invokeSpecial(java.lang.Object, java.lang.Object, java.lang.Object, java.lang.Object, java.lang.Object, java.lang.Object, java.lang.Object, java.lang.Object, java.lang.Object, java.lang.Object, java.lang.Object, java.lang.Object)'> (0x000000008e3f3e28) thrown at [./src/hotspot/share/interpreter/linkResolver.cpp, line 773]
Event: 3.617 Thread 0x00000197eface000 Exception <a 'java/lang/NoSuchMethodError'{0x000000008e3f8f50}: 'java.lang.Object java.lang.invoke.Invokers$Holder.linkToTargetMethod(java.lang.Object, java.lang.Object, java.lang.Object, java.lang.Object, java.lang.Object, java.lang.Object, java.lang.Object, java.lang.Object, java.lang.Object, java.lang.Object, java.lang.Object)'> (0x000000008e3f8f50) thrown at [./src/hotspot/share/interpreter/linkResolver.cpp, line 773]
Event: 3.628 Thread 0x00000197eface000 Exception <a 'java/lang/NoSuchMethodError'{0x000000008e2f2ff0}: 'java.lang.Object java.lang.invoke.DirectMethodHandle$Holder.invokeSpecial(java.lang.Object, java.lang.Object, java.lang.Object, java.lang.Object, java.lang.Object, java.lang.Object, java.lang.Object, java.lang.Object, java.lang.Object, java.lang.Object, java.lang.Object, java.lang.Object, java.lang.Object, java.lang.Object)'> (0x000000008e2f2ff0) thrown at [./src/hotspot/share/interpreter/linkResolver.cpp, line 773]
Event: 3.629 Thread 0x00000197eface000 Exception <a 'java/lang/NoSuchMethodError'{0x000000008e104cd0}: 'java.lang.Object java.lang.invoke.Invokers$Holder.linkToTargetMethod(java.lang.Object, java.lang.Object, java.lang.Object, java.lang.Object, java.lang.Object, java.lang.Object, java.lang.Object, java.lang.Object, java.lang.Object, java.lang.Object, java.lang.Object, java.lang.Object)'> (0x000000008e104cd0) thrown at [./src/hotspot/share/interpreter/linkResolver.cpp, line 773]
Event: 3.635 Thread 0x00000197eface000 Exception <a 'java/lang/NoSuchMethodError'{0x000000008e180968}: 'java.lang.Object java.lang.invoke.DirectMethodHandle$Holder.invokeStaticInit(java.lang.Object, java.lang.Object, java.lang.Object, java.lang.Object)'> (0x000000008e180968) thrown at [./src/hotspot/share/interpreter/linkResolver.cpp, line 773]
Event: 3.905 Thread 0x00000197eface000 Exception <a 'java/lang/NoSuchMethodError'{0x000000008c940788}: 'void java.lang.invoke.DirectMethodHandle$Holder.invokeStaticInit(java.lang.Object, java.lang.Object)'> (0x000000008c940788) thrown at [./src/hotspot/share/interpreter/linkResolver.cpp, line 773]
Event: 3.953 Thread 0x00000197eface000 Exception <a 'java/lang/NoSuchMethodError'{0x000000008c79e398}: 'int java.lang.invoke.DirectMethodHandle$Holder.invokeStatic(java.lang.Object, java.lang.Object, java.lang.Object, java.lang.Object, java.lang.Object)'> (0x000000008c79e398) thrown at [./src/hotspot/share/interpreter/linkResolver.cpp, line 773]
Event: 3.979 Thread 0x00000197eface000 Exception <a 'java/lang/NoSuchMethodError'{0x000000008c523338}: 'void java.lang.invoke.DirectMethodHandle$Holder.invokeStatic(java.lang.Object, java.lang.Object, java.lang.Object, java.lang.Object)'> (0x000000008c523338) thrown at [./src/hotspot/share/interpreter/linkResolver.cpp, line 773]
Event: 3.979 Thread 0x00000197eface000 Exception <a 'java/lang/NoSuchMethodError'{0x000000008c526c80}: 'void java.lang.invoke.DirectMethodHandle$Holder.invokeStaticInit(java.lang.Object, java.lang.Object, java.lang.Object, java.lang.Object)'> (0x000000008c526c80) thrown at [./src/hotspot/share/interpreter/linkResolver.cpp, line 773]

Events (20 events):
Event: 4.074 loading class org/codehaus/groovy/runtime/metaclass/MethodHelper
Event: 4.074 loading class org/codehaus/groovy/runtime/metaclass/MethodHelper done
Event: 4.075 loading class java/time/temporal/TemporalField
Event: 4.075 loading class java/time/temporal/TemporalField done
Event: 4.075 loading class java/time/chrono/ChronoPeriod
Event: 4.075 loading class java/time/chrono/ChronoPeriod done
Event: 4.075 loading class java/time/LocalDateTime
Event: 4.075 loading class java/time/chrono/ChronoLocalDateTime
Event: 4.076 loading class java/time/chrono/ChronoLocalDateTime done
Event: 4.076 loading class java/time/LocalDateTime done
Event: 4.076 loading class java/time/Period
Event: 4.076 loading class java/time/Period done
Event: 4.076 loading class java/time/LocalTime
Event: 4.076 loading class java/time/LocalTime done
Event: 4.076 loading class java/time/YearMonth
Event: 4.077 loading class java/time/YearMonth done
Event: 4.077 loading class java/time/OffsetDateTime
Event: 4.077 loading class java/time/OffsetDateTime done
Event: 4.077 loading class java/time/ZonedDateTime
Event: 4.077 loading class java/time/chrono/ChronoZonedDateTime


Dynamic libraries:
0x00007ff7f10a0000 - 0x00007ff7f10aa000 	C:\Program Files\Android\Android Studio\jre\bin\java.exe
0x00007ffda6b70000 - 0x00007ffda6d65000 	C:\WINDOWS\SYSTEM32\ntdll.dll
0x00007ffda6a70000 - 0x00007ffda6b2d000 	C:\WINDOWS\System32\KERNEL32.DLL
0x00007ffda47c0000 - 0x00007ffda4a89000 	C:\WINDOWS\System32\KERNELBASE.dll
0x00007ffda4330000 - 0x00007ffda4430000 	C:\WINDOWS\System32\ucrtbase.dll
0x00007ffd83180000 - 0x00007ffd83197000 	C:\Program Files\Android\Android Studio\jre\bin\VCRUNTIME140.dll
0x00007ffd9a850000 - 0x00007ffd9a869000 	C:\Program Files\Android\Android Studio\jre\bin\jli.dll
0x00007ffda57e0000 - 0x00007ffda5980000 	C:\WINDOWS\System32\USER32.dll
0x00007ffda4300000 - 0x00007ffda4322000 	C:\WINDOWS\System32\win32u.dll
0x00007ffd85980000 - 0x00007ffd85c1a000 	C:\WINDOWS\WinSxS\amd64_microsoft.windows.common-controls_6595b64144ccf1df_6.0.19041.1110_none_60b5254171f9507e\COMCTL32.dll
0x00007ffda51b0000 - 0x00007ffda51da000 	C:\WINDOWS\System32\GDI32.dll
0x00007ffda4f70000 - 0x00007ffda500e000 	C:\WINDOWS\System32\msvcrt.dll
0x00007ffda4590000 - 0x00007ffda469b000 	C:\WINDOWS\System32\gdi32full.dll
0x00007ffda4b40000 - 0x00007ffda4bdd000 	C:\WINDOWS\System32\msvcp_win.dll
0x00007ffda6150000 - 0x00007ffda6180000 	C:\WINDOWS\System32\IMM32.DLL
0x00007ffd65190000 - 0x00007ffd6522d000 	C:\Program Files\Android\Android Studio\jre\bin\msvcp140.dll
0x00007ffd50570000 - 0x00007ffd5102c000 	C:\Program Files\Android\Android Studio\jre\bin\server\jvm.dll
0x00007ffda5980000 - 0x00007ffda5a2c000 	C:\WINDOWS\System32\ADVAPI32.dll
0x00007ffda5100000 - 0x00007ffda519b000 	C:\WINDOWS\System32\sechost.dll
0x00007ffda5620000 - 0x00007ffda574a000 	C:\WINDOWS\System32\RPCRT4.dll
0x00007ffda5ae0000 - 0x00007ffda5ae8000 	C:\WINDOWS\System32\PSAPI.DLL
0x00007ffda0bc0000 - 0x00007ffda0be7000 	C:\WINDOWS\SYSTEM32\WINMM.dll
0x00007ffd8b460000 - 0x00007ffd8b469000 	C:\WINDOWS\SYSTEM32\WSOCK32.dll
0x00007ffd9c0c0000 - 0x00007ffd9c0ca000 	C:\WINDOWS\SYSTEM32\VERSION.dll
0x00007ffda4d10000 - 0x00007ffda4d7b000 	C:\WINDOWS\System32\WS2_32.dll
0x00007ffda2b70000 - 0x00007ffda2b82000 	C:\WINDOWS\SYSTEM32\kernel.appcore.dll
0x00007ffd9d450000 - 0x00007ffd9d461000 	C:\Program Files\Android\Android Studio\jre\bin\verify.dll
0x00007ffda2890000 - 0x00007ffda2a74000 	C:\WINDOWS\SYSTEM32\DBGHELP.DLL
0x00007ffda0b90000 - 0x00007ffda0bbc000 	C:\WINDOWS\SYSTEM32\dbgcore.DLL
0x00007ffda4730000 - 0x00007ffda47b3000 	C:\WINDOWS\System32\bcryptPrimitives.dll
0x00007ffd8d370000 - 0x00007ffd8d399000 	C:\Program Files\Android\Android Studio\jre\bin\java.dll
0x00007ffd9d190000 - 0x00007ffd9d19b000 	C:\Program Files\Android\Android Studio\jre\bin\jimage.dll
0x00007ffd98090000 - 0x00007ffd980a8000 	C:\Program Files\Android\Android Studio\jre\bin\zip.dll
0x00007ffda6330000 - 0x00007ffda6a6f000 	C:\WINDOWS\System32\SHELL32.dll
0x00007ffda2030000 - 0x00007ffda27c1000 	C:\WINDOWS\SYSTEM32\windows.storage.dll
0x00007ffda51e0000 - 0x00007ffda5535000 	C:\WINDOWS\System32\combase.dll
0x00007ffda3d20000 - 0x00007ffda3d4c000 	C:\WINDOWS\SYSTEM32\Wldp.dll
0x00007ffda5a30000 - 0x00007ffda5ade000 	C:\WINDOWS\System32\SHCORE.dll
0x00007ffda4da0000 - 0x00007ffda4df5000 	C:\WINDOWS\System32\shlwapi.dll
0x00007ffda41f0000 - 0x00007ffda420f000 	C:\WINDOWS\SYSTEM32\profapi.dll
0x00007ffd90580000 - 0x00007ffd9059a000 	C:\Program Files\Android\Android Studio\jre\bin\net.dll
0x00007ffd9d930000 - 0x00007ffd9da3a000 	C:\WINDOWS\SYSTEM32\WINHTTP.dll
0x00007ffda3a80000 - 0x00007ffda3aea000 	C:\WINDOWS\system32\mswsock.dll
0x00007ffd8cf40000 - 0x00007ffd8cf54000 	C:\Program Files\Android\Android Studio\jre\bin\nio.dll
0x00007ffd847c0000 - 0x00007ffd847e7000 	C:\Users\MMlCd\.gradle\native\fdc75f09e3144964f2cf3f50f0aa648679c211496f362492102eb8c894070792\windows-amd64\native-platform.dll
0x00007ffd684c0000 - 0x00007ffd68656000 	C:\Users\MMlCd\.gradle\native\12488b8bf47d2d4c9fbf2f6322a914ad602e24e48041cd04a747c6da556b65c4\windows-amd64\native-platform-file-events.dll
0x00007ffd9c890000 - 0x00007ffd9c89a000 	C:\Program Files\Android\Android Studio\jre\bin\management.dll
0x00007ffd9c030000 - 0x00007ffd9c03c000 	C:\Program Files\Android\Android Studio\jre\bin\management_ext.dll
0x00007ffda3c60000 - 0x00007ffda3c78000 	C:\WINDOWS\SYSTEM32\CRYPTSP.dll
0x00007ffda33b0000 - 0x00007ffda33e4000 	C:\WINDOWS\system32\rsaenh.dll
0x00007ffda4700000 - 0x00007ffda4727000 	C:\WINDOWS\System32\bcrypt.dll
0x00007ffda4170000 - 0x00007ffda419e000 	C:\WINDOWS\SYSTEM32\USERENV.dll
0x00007ffda3c80000 - 0x00007ffda3c8c000 	C:\WINDOWS\SYSTEM32\CRYPTBASE.dll
0x00007ffda3720000 - 0x00007ffda375b000 	C:\WINDOWS\SYSTEM32\IPHLPAPI.DLL
0x00007ffda51a0000 - 0x00007ffda51a8000 	C:\WINDOWS\System32\NSI.dll
0x00007ffd9a9e0000 - 0x00007ffd9a9f7000 	C:\WINDOWS\SYSTEM32\dhcpcsvc6.DLL
0x00007ffd9b070000 - 0x00007ffd9b08d000 	C:\WINDOWS\SYSTEM32\dhcpcsvc.DLL
0x00007ffda3770000 - 0x00007ffda383c000 	C:\WINDOWS\SYSTEM32\DNSAPI.dll
0x00007ffd9da40000 - 0x00007ffd9da4b000 	C:\WINDOWS\SYSTEM32\WINNSI.DLL

dbghelp: loaded successfully - version: 4.0.5 - missing functions: none
symbol engine: initialized successfully - sym options: 0x614 - pdb path: .;C:\Program Files\Android\Android Studio\jre\bin;C:\WINDOWS\SYSTEM32;C:\WINDOWS\WinSxS\amd64_microsoft.windows.common-controls_6595b64144ccf1df_6.0.19041.1110_none_60b5254171f9507e;C:\Program Files\Android\Android Studio\jre\bin\server;C:\Users\MMlCd\.gradle\native\fdc75f09e3144964f2cf3f50f0aa648679c211496f362492102eb8c894070792\windows-amd64;C:\Users\MMlCd\.gradle\native\12488b8bf47d2d4c9fbf2f6322a914ad602e24e48041cd04a747c6da556b65c4\windows-amd64

VM Arguments:
jvm_args: --add-opens=java.base/java.util=ALL-UNNAMED --add-opens=java.base/java.lang=ALL-UNNAMED --add-opens=java.base/java.lang.invoke=ALL-UNNAMED --add-opens=java.prefs/java.util.prefs=ALL-UNNAMED -Xmx2048m -Dfile.encoding=UTF-8 -Duser.country=JP -Duser.language=ja -Duser.variant 
java_command: org.gradle.launcher.daemon.bootstrap.GradleDaemon 6.7.1
java_class_path (initial): C:\Users\MMlCd\.gradle\wrapper\dists\gradle-6.7.1-bin\bwlcbys1h7rz3272sye1xwiv6\gradle-6.7.1\lib\gradle-launcher-6.7.1.jar
Launcher Type: SUN_STANDARD

[Global flags]
     intx CICompilerCount                          = 4                                         {product} {ergonomic}
     uint ConcGCThreads                            = 3                                         {product} {ergonomic}
     uint G1ConcRefinementThreads                  = 10                                        {product} {ergonomic}
   size_t G1HeapRegionSize                         = 1048576                                   {product} {ergonomic}
    uintx GCDrainStackTargetSize                   = 64                                        {product} {ergonomic}
   size_t InitialHeapSize                          = 266338304                                 {product} {ergonomic}
   size_t MarkStackSize                            = 4194304                                   {product} {ergonomic}
   size_t MaxHeapSize                              = 2147483648                                {product} {command line}
   size_t MaxNewSize                               = 1287651328                                {product} {ergonomic}
   size_t MinHeapDeltaBytes                        = 1048576                                   {product} {ergonomic}
    uintx NonNMethodCodeHeapSize                   = 5836300                                {pd product} {ergonomic}
    uintx NonProfiledCodeHeapSize                  = 122910970                              {pd product} {ergonomic}
    uintx ProfiledCodeHeapSize                     = 122910970                              {pd product} {ergonomic}
    uintx ReservedCodeCacheSize                    = 251658240                              {pd product} {ergonomic}
     bool SegmentedCodeCache                       = true                                      {product} {ergonomic}
     bool UseCompressedClassPointers               = true                                 {lp64_product} {ergonomic}
     bool UseCompressedOops                        = true                                 {lp64_product} {ergonomic}
     bool UseG1GC                                  = true                                      {product} {ergonomic}
     bool UseLargePagesIndividualAllocation        = false                                  {pd product} {ergonomic}

Logging:
Log output configuration:
 #0: stdout all=warning uptime,level,tags
 #1: stderr all=off uptime,level,tags

Environment Variables:
PATH=C:\Program Files\Common Files\Oracle\Java\javapath;C:\Windows\system32;C:\Windows;C:\Windows\System32\Wbem;C:\Windows\System32\WindowsPowerShell\v1.0\;C:\Windows\System32\OpenSSH\;C:\Program Files\Intel\WiFi\bin\;C:\Program Files\Common Files\Intel\WirelessCommon\;C:\Program Files (x86)\NVIDIA Corporation\PhysX\Common;C:\Program Files\NVIDIA Corporation\NVIDIA NvDLISR;C:\WINDOWS\system32;C:\WINDOWS;C:\WINDOWS\System32\Wbem;C:\WINDOWS\System32\WindowsPowerShell\v1.0\;C:\WINDOWS\System32\OpenSSH\;C:\Program Files\Java\jdk-16\bin;C:\Program Files\Git\cmd;E:\Program Files\bin;C:\Users\MMlCd\AppData\Local\Microsoft\WindowsApps
USERNAME=MMlCd
OS=Windows_NT
PROCESSOR_IDENTIFIER=Intel64 Family 6 Model 158 Stepping 10, GenuineIntel



---------------  S Y S T E M  ---------------

OS: Windows 10 , 64 bit Build 19041 (10.0.19041.1023)
OS uptime: 7 days 3:33 hours

CPU:total 12 (initial active 12) (6 cores per cpu, 2 threads per core) family 6 model 158 stepping 10, cmov, cx8, fxsr, mmx, sse, sse2, sse3, ssse3, sse4.1, sse4.2, popcnt, avx, avx2, aes, clmul, erms, 3dnowpref, lzcnt, ht, tsc, tscinvbit, bmi1, bmi2, adx, fma

Memory: 4k page, system-wide physical 16196M (2276M free)
TotalPageFile size 29334M (AvailPageFile size 12M)
current process WorkingSet (physical memory assigned to process): 273M, peak: 273M
current process commit charge ("private bytes"): 452M, peak: 454M

vm_info: OpenJDK 64-Bit Server VM (11.0.8+10-b944.6842174) for windows-amd64 JRE (11.0.8+10-b944.6842174), built on Sep 19 2020 01:11:42 by "builder" with MS VC++ 14.0 (VS2015)

END.
